2026-03-17 16:13:23,312 - DEBUG - Using proactor: IocpProactor
2026-03-17 16:13:23,312 - DEBUG - Using proactor: IocpProactor
2026-03-17 16:13:23,312 - DEBUG - Using proactor: IocpProactor
2026-03-17 16:13:23,312 - DEBUG - Using proactor: IocpProactor
2026-03-17 16:13:25,568 - INFO - Loading data from the database...
2026-03-17 16:13:25,568 - INFO - Loading data from the database...
2026-03-17 16:13:25,568 - INFO - Loading data from the database...
2026-03-17 16:13:25,568 - INFO - Loading data from the database...
2026-03-17 16:13:25,568 - INFO - Loading data from the database...
2026-03-17 16:13:25,589 - INFO - Schema loaded successfully.
2026-03-17 16:13:25,589 - INFO - Schema loaded successfully.
2026-03-17 16:13:25,589 - INFO - Schema loaded successfully.
2026-03-17 16:13:25,589 - INFO - Schema loaded successfully.
2026-03-17 16:13:25,589 - INFO - Schema loaded successfully.
2026-03-17 16:13:31,518 - INFO - Data loaded and saved to artifacts/data/shift_performance_data.csv
2026-03-17 16:13:31,518 - INFO - Data loaded and saved to artifacts/data/shift_performance_data.csv
2026-03-17 16:13:31,518 - INFO - Data loaded and saved to artifacts/data/shift_performance_data.csv
2026-03-17 16:13:31,518 - INFO - Data loaded and saved to artifacts/data/shift_performance_data.csv
2026-03-17 16:13:31,518 - INFO - Data loaded and saved to artifacts/data/shift_performance_data.csv
2026-03-17 16:13:31,520 - INFO - Data loaded successfully.
2026-03-17 16:13:31,520 - INFO - Data loaded successfully.
2026-03-17 16:13:31,520 - INFO - Data loaded successfully.
2026-03-17 16:13:31,520 - INFO - Data loaded successfully.
2026-03-17 16:13:31,520 - INFO - Data loaded successfully.
2026-03-17 16:13:31,524 - INFO - DataValidation class initialized.
2026-03-17 16:13:31,524 - INFO - DataValidation class initialized.
2026-03-17 16:13:31,524 - INFO - DataValidation class initialized.
2026-03-17 16:13:31,524 - INFO - DataValidation class initialized.
2026-03-17 16:13:31,524 - INFO - DataValidation class initialized.
2026-03-17 16:13:31,524 - INFO - DataValidation class initialized.
2026-03-17 16:13:31,529 - INFO - The input DataFrame is not empty.
2026-03-17 16:13:31,529 - INFO - The input DataFrame is not empty.
2026-03-17 16:13:31,529 - INFO - The input DataFrame is not empty.
2026-03-17 16:13:31,529 - INFO - The input DataFrame is not empty.
2026-03-17 16:13:31,529 - INFO - The input DataFrame is not empty.
2026-03-17 16:13:31,529 - INFO - The input DataFrame is not empty.
2026-03-17 16:13:31,728 - ERROR - The input DataFrame contains missing values.
2026-03-17 16:13:31,728 - ERROR - The input DataFrame contains missing values.
2026-03-17 16:13:31,728 - ERROR - The input DataFrame contains missing values.
2026-03-17 16:13:31,728 - ERROR - The input DataFrame contains missing values.
2026-03-17 16:13:31,728 - ERROR - The input DataFrame contains missing values.
2026-03-17 16:13:31,728 - ERROR - The input DataFrame contains missing values.
2026-03-17 16:13:32,006 - INFO - Filled missing values in numeric column 'temperature' with mean.
2026-03-17 16:13:32,006 - INFO - Filled missing values in numeric column 'temperature' with mean.
2026-03-17 16:13:32,006 - INFO - Filled missing values in numeric column 'temperature' with mean.
2026-03-17 16:13:32,006 - INFO - Filled missing values in numeric column 'temperature' with mean.
2026-03-17 16:13:32,006 - INFO - Filled missing values in numeric column 'temperature' with mean.
2026-03-17 16:13:32,006 - INFO - Filled missing values in numeric column 'temperature' with mean.
2026-03-17 16:13:32,017 - INFO - Filled missing values in numeric column 'humidity' with mean.
2026-03-17 16:13:32,017 - INFO - Filled missing values in numeric column 'humidity' with mean.
2026-03-17 16:13:32,017 - INFO - Filled missing values in numeric column 'humidity' with mean.
2026-03-17 16:13:32,017 - INFO - Filled missing values in numeric column 'humidity' with mean.
2026-03-17 16:13:32,017 - INFO - Filled missing values in numeric column 'humidity' with mean.
2026-03-17 16:13:32,017 - INFO - Filled missing values in numeric column 'humidity' with mean.
2026-03-17 16:13:32,423 - ERROR - The input DataFrame contains 252776 duplicate rows.
2026-03-17 16:13:32,423 - ERROR - The input DataFrame contains 252776 duplicate rows.
2026-03-17 16:13:32,423 - ERROR - The input DataFrame contains 252776 duplicate rows.
2026-03-17 16:13:32,423 - ERROR - The input DataFrame contains 252776 duplicate rows.
2026-03-17 16:13:32,423 - ERROR - The input DataFrame contains 252776 duplicate rows.
2026-03-17 16:13:32,423 - ERROR - The input DataFrame contains 252776 duplicate rows.
2026-03-17 16:13:32,762 - INFO - Dropped 252776 duplicate rows from the DataFrame.
2026-03-17 16:13:32,762 - INFO - Dropped 252776 duplicate rows from the DataFrame.
2026-03-17 16:13:32,762 - INFO - Dropped 252776 duplicate rows from the DataFrame.
2026-03-17 16:13:32,762 - INFO - Dropped 252776 duplicate rows from the DataFrame.
2026-03-17 16:13:32,762 - INFO - Dropped 252776 duplicate rows from the DataFrame.
2026-03-17 16:13:32,762 - INFO - Dropped 252776 duplicate rows from the DataFrame.
2026-03-17 16:13:32,780 - INFO - Outlier detection completed.
2026-03-17 16:13:32,780 - INFO - Outlier detection completed.
2026-03-17 16:13:32,780 - INFO - Outlier detection completed.
2026-03-17 16:13:32,780 - INFO - Outlier detection completed.
2026-03-17 16:13:32,780 - INFO - Outlier detection completed.
2026-03-17 16:13:32,780 - INFO - Outlier detection completed.
2026-03-17 16:13:32,800 - INFO - Outlier capping completed.
2026-03-17 16:13:32,800 - INFO - Outlier capping completed.
2026-03-17 16:13:32,800 - INFO - Outlier capping completed.
2026-03-17 16:13:32,800 - INFO - Outlier capping completed.
2026-03-17 16:13:32,800 - INFO - Outlier capping completed.
2026-03-17 16:13:32,800 - INFO - Outlier capping completed.
2026-03-17 16:13:33,136 - INFO - Data validation completed successfully.
2026-03-17 16:13:33,136 - INFO - Data validation completed successfully.
2026-03-17 16:13:33,136 - INFO - Data validation completed successfully.
2026-03-17 16:13:33,136 - INFO - Data validation completed successfully.
2026-03-17 16:13:33,136 - INFO - Data validation completed successfully.
2026-03-17 16:13:33,136 - INFO - Data validation completed successfully.
2026-03-17 16:13:33,140 - INFO - DataTransformation class initialized.
2026-03-17 16:13:33,140 - INFO - DataTransformation class initialized.
2026-03-17 16:13:33,140 - INFO - DataTransformation class initialized.
2026-03-17 16:13:33,140 - INFO - DataTransformation class initialized.
2026-03-17 16:13:33,140 - INFO - DataTransformation class initialized.
2026-03-17 16:13:33,140 - INFO - DataTransformation class initialized.
2026-03-17 16:13:33,140 - INFO - DataTransformation class initialized.
2026-03-17 16:13:33,147 - INFO - Schema loaded successfully.
2026-03-17 16:13:33,147 - INFO - Schema loaded successfully.
2026-03-17 16:13:33,147 - INFO - Schema loaded successfully.
2026-03-17 16:13:33,147 - INFO - Schema loaded successfully.
2026-03-17 16:13:33,147 - INFO - Schema loaded successfully.
2026-03-17 16:13:33,147 - INFO - Schema loaded successfully.
2026-03-17 16:13:33,147 - INFO - Schema loaded successfully.
2026-03-17 16:13:33,151 - INFO - Performing train-test split.
2026-03-17 16:13:33,151 - INFO - Performing train-test split.
2026-03-17 16:13:33,151 - INFO - Performing train-test split.
2026-03-17 16:13:33,151 - INFO - Performing train-test split.
2026-03-17 16:13:33,151 - INFO - Performing train-test split.
2026-03-17 16:13:33,151 - INFO - Performing train-test split.
2026-03-17 16:13:33,151 - INFO - Performing train-test split.
2026-03-17 16:13:33,156 - INFO - Splitting data into training and testing sets.
2026-03-17 16:13:33,156 - INFO - Splitting data into training and testing sets.
2026-03-17 16:13:33,156 - INFO - Splitting data into training and testing sets.
2026-03-17 16:13:33,156 - INFO - Splitting data into training and testing sets.
2026-03-17 16:13:33,156 - INFO - Splitting data into training and testing sets.
2026-03-17 16:13:33,156 - INFO - Splitting data into training and testing sets.
2026-03-17 16:13:33,156 - INFO - Splitting data into training and testing sets.
2026-03-17 16:13:33,188 - INFO - Train-test split completed successfully.
2026-03-17 16:13:33,188 - INFO - Train-test split completed successfully.
2026-03-17 16:13:33,188 - INFO - Train-test split completed successfully.
2026-03-17 16:13:33,188 - INFO - Train-test split completed successfully.
2026-03-17 16:13:33,188 - INFO - Train-test split completed successfully.
2026-03-17 16:13:33,188 - INFO - Train-test split completed successfully.
2026-03-17 16:13:33,188 - INFO - Train-test split completed successfully.
2026-03-17 16:13:33,199 - INFO - Data transformation completed successfully.
2026-03-17 16:13:33,199 - INFO - Data transformation completed successfully.
2026-03-17 16:13:33,199 - INFO - Data transformation completed successfully.
2026-03-17 16:13:33,199 - INFO - Data transformation completed successfully.
2026-03-17 16:13:33,199 - INFO - Data transformation completed successfully.
2026-03-17 16:13:33,199 - INFO - Data transformation completed successfully.
2026-03-17 16:13:33,199 - INFO - Data transformation completed successfully.
2026-03-17 16:13:33,203 - INFO - Initialising ModelTrainer.
2026-03-17 16:13:33,203 - INFO - Initialising ModelTrainer.
2026-03-17 16:13:33,203 - INFO - Initialising ModelTrainer.
2026-03-17 16:13:33,203 - INFO - Initialising ModelTrainer.
2026-03-17 16:13:33,203 - INFO - Initialising ModelTrainer.
2026-03-17 16:13:33,203 - INFO - Initialising ModelTrainer.
2026-03-17 16:13:33,203 - INFO - Initialising ModelTrainer.
2026-03-17 16:13:33,210 - INFO - Schema loaded successfully.
2026-03-17 16:13:33,210 - INFO - Schema loaded successfully.
2026-03-17 16:13:33,210 - INFO - Schema loaded successfully.
2026-03-17 16:13:33,210 - INFO - Schema loaded successfully.
2026-03-17 16:13:33,210 - INFO - Schema loaded successfully.
2026-03-17 16:13:33,210 - INFO - Schema loaded successfully.
2026-03-17 16:13:33,210 - INFO - Schema loaded successfully.
2026-03-17 16:13:33,216 - INFO - Creating model pipeline.
2026-03-17 16:13:33,216 - INFO - Creating model pipeline.
2026-03-17 16:13:33,216 - INFO - Creating model pipeline.
2026-03-17 16:13:33,216 - INFO - Creating model pipeline.
2026-03-17 16:13:33,216 - INFO - Creating model pipeline.
2026-03-17 16:13:33,216 - INFO - Creating model pipeline.
2026-03-17 16:13:33,216 - INFO - Creating model pipeline.
2026-03-17 16:13:33,221 - INFO - Creating data transformation pipeline.
2026-03-17 16:13:33,221 - INFO - Creating data transformation pipeline.
2026-03-17 16:13:33,221 - INFO - Creating data transformation pipeline.
2026-03-17 16:13:33,221 - INFO - Creating data transformation pipeline.
2026-03-17 16:13:33,221 - INFO - Creating data transformation pipeline.
2026-03-17 16:13:33,221 - INFO - Creating data transformation pipeline.
2026-03-17 16:13:33,221 - INFO - Creating data transformation pipeline.
2026-03-17 16:13:33,258 - INFO - Model pipeline created successfully.
2026-03-17 16:13:33,258 - INFO - Model pipeline created successfully.
2026-03-17 16:13:33,258 - INFO - Model pipeline created successfully.
2026-03-17 16:13:33,258 - INFO - Model pipeline created successfully.
2026-03-17 16:13:33,258 - INFO - Model pipeline created successfully.
2026-03-17 16:13:33,258 - INFO - Model pipeline created successfully.
2026-03-17 16:13:33,258 - INFO - Model pipeline created successfully.
