2026-03-17 15:59:33,033 - DEBUG - Using proactor: IocpProactor
2026-03-17 15:59:33,033 - DEBUG - Using proactor: IocpProactor
2026-03-17 15:59:33,033 - DEBUG - Using proactor: IocpProactor
2026-03-17 15:59:33,033 - DEBUG - Using proactor: IocpProactor
2026-03-17 16:07:59,905 - INFO - Loading data from the database...
2026-03-17 16:07:59,905 - INFO - Loading data from the database...
2026-03-17 16:07:59,905 - INFO - Loading data from the database...
2026-03-17 16:07:59,905 - INFO - Loading data from the database...
2026-03-17 16:07:59,905 - INFO - Loading data from the database...
2026-03-17 16:07:59,913 - INFO - Schema loaded successfully.
2026-03-17 16:07:59,913 - INFO - Schema loaded successfully.
2026-03-17 16:07:59,913 - INFO - Schema loaded successfully.
2026-03-17 16:07:59,913 - INFO - Schema loaded successfully.
2026-03-17 16:07:59,913 - INFO - Schema loaded successfully.
2026-03-17 16:08:04,026 - INFO - Data loaded and saved to artifacts/data/shift_performance_data.csv
2026-03-17 16:08:04,026 - INFO - Data loaded and saved to artifacts/data/shift_performance_data.csv
2026-03-17 16:08:04,026 - INFO - Data loaded and saved to artifacts/data/shift_performance_data.csv
2026-03-17 16:08:04,026 - INFO - Data loaded and saved to artifacts/data/shift_performance_data.csv
2026-03-17 16:08:04,026 - INFO - Data loaded and saved to artifacts/data/shift_performance_data.csv
2026-03-17 16:08:04,029 - INFO - Data loaded successfully.
2026-03-17 16:08:04,029 - INFO - Data loaded successfully.
2026-03-17 16:08:04,029 - INFO - Data loaded successfully.
2026-03-17 16:08:04,029 - INFO - Data loaded successfully.
2026-03-17 16:08:04,029 - INFO - Data loaded successfully.
2026-03-17 16:08:04,034 - INFO - DataValidation class initialized.
2026-03-17 16:08:04,034 - INFO - DataValidation class initialized.
2026-03-17 16:08:04,034 - INFO - DataValidation class initialized.
2026-03-17 16:08:04,034 - INFO - DataValidation class initialized.
2026-03-17 16:08:04,034 - INFO - DataValidation class initialized.
2026-03-17 16:08:04,034 - INFO - DataValidation class initialized.
2026-03-17 16:08:04,037 - INFO - The input DataFrame is not empty.
2026-03-17 16:08:04,037 - INFO - The input DataFrame is not empty.
2026-03-17 16:08:04,037 - INFO - The input DataFrame is not empty.
2026-03-17 16:08:04,037 - INFO - The input DataFrame is not empty.
2026-03-17 16:08:04,037 - INFO - The input DataFrame is not empty.
2026-03-17 16:08:04,037 - INFO - The input DataFrame is not empty.
2026-03-17 16:08:04,143 - ERROR - The input DataFrame contains missing values.
2026-03-17 16:08:04,143 - ERROR - The input DataFrame contains missing values.
2026-03-17 16:08:04,143 - ERROR - The input DataFrame contains missing values.
2026-03-17 16:08:04,143 - ERROR - The input DataFrame contains missing values.
2026-03-17 16:08:04,143 - ERROR - The input DataFrame contains missing values.
2026-03-17 16:08:04,143 - ERROR - The input DataFrame contains missing values.
2026-03-17 16:08:04,360 - INFO - Filled missing values in numeric column 'temperature' with mean.
2026-03-17 16:08:04,360 - INFO - Filled missing values in numeric column 'temperature' with mean.
2026-03-17 16:08:04,360 - INFO - Filled missing values in numeric column 'temperature' with mean.
2026-03-17 16:08:04,360 - INFO - Filled missing values in numeric column 'temperature' with mean.
2026-03-17 16:08:04,360 - INFO - Filled missing values in numeric column 'temperature' with mean.
2026-03-17 16:08:04,360 - INFO - Filled missing values in numeric column 'temperature' with mean.
2026-03-17 16:08:04,368 - INFO - Filled missing values in numeric column 'humidity' with mean.
2026-03-17 16:08:04,368 - INFO - Filled missing values in numeric column 'humidity' with mean.
2026-03-17 16:08:04,368 - INFO - Filled missing values in numeric column 'humidity' with mean.
2026-03-17 16:08:04,368 - INFO - Filled missing values in numeric column 'humidity' with mean.
2026-03-17 16:08:04,368 - INFO - Filled missing values in numeric column 'humidity' with mean.
2026-03-17 16:08:04,368 - INFO - Filled missing values in numeric column 'humidity' with mean.
2026-03-17 16:08:04,791 - ERROR - The input DataFrame contains 252776 duplicate rows.
2026-03-17 16:08:04,791 - ERROR - The input DataFrame contains 252776 duplicate rows.
2026-03-17 16:08:04,791 - ERROR - The input DataFrame contains 252776 duplicate rows.
2026-03-17 16:08:04,791 - ERROR - The input DataFrame contains 252776 duplicate rows.
2026-03-17 16:08:04,791 - ERROR - The input DataFrame contains 252776 duplicate rows.
2026-03-17 16:08:04,791 - ERROR - The input DataFrame contains 252776 duplicate rows.
2026-03-17 16:08:05,126 - INFO - Dropped 252776 duplicate rows from the DataFrame.
2026-03-17 16:08:05,126 - INFO - Dropped 252776 duplicate rows from the DataFrame.
2026-03-17 16:08:05,126 - INFO - Dropped 252776 duplicate rows from the DataFrame.
2026-03-17 16:08:05,126 - INFO - Dropped 252776 duplicate rows from the DataFrame.
2026-03-17 16:08:05,126 - INFO - Dropped 252776 duplicate rows from the DataFrame.
2026-03-17 16:08:05,126 - INFO - Dropped 252776 duplicate rows from the DataFrame.
2026-03-17 16:08:05,145 - INFO - Outlier detection completed.
2026-03-17 16:08:05,145 - INFO - Outlier detection completed.
2026-03-17 16:08:05,145 - INFO - Outlier detection completed.
2026-03-17 16:08:05,145 - INFO - Outlier detection completed.
2026-03-17 16:08:05,145 - INFO - Outlier detection completed.
2026-03-17 16:08:05,145 - INFO - Outlier detection completed.
2026-03-17 16:08:05,164 - INFO - Outlier capping completed.
2026-03-17 16:08:05,164 - INFO - Outlier capping completed.
2026-03-17 16:08:05,164 - INFO - Outlier capping completed.
2026-03-17 16:08:05,164 - INFO - Outlier capping completed.
2026-03-17 16:08:05,164 - INFO - Outlier capping completed.
2026-03-17 16:08:05,164 - INFO - Outlier capping completed.
2026-03-17 16:08:05,490 - INFO - Data validation completed successfully.
2026-03-17 16:08:05,490 - INFO - Data validation completed successfully.
2026-03-17 16:08:05,490 - INFO - Data validation completed successfully.
2026-03-17 16:08:05,490 - INFO - Data validation completed successfully.
2026-03-17 16:08:05,490 - INFO - Data validation completed successfully.
2026-03-17 16:08:05,490 - INFO - Data validation completed successfully.
2026-03-17 16:08:05,495 - INFO - DataTransformation class initialized.
2026-03-17 16:08:05,495 - INFO - DataTransformation class initialized.
2026-03-17 16:08:05,495 - INFO - DataTransformation class initialized.
2026-03-17 16:08:05,495 - INFO - DataTransformation class initialized.
2026-03-17 16:08:05,495 - INFO - DataTransformation class initialized.
2026-03-17 16:08:05,495 - INFO - DataTransformation class initialized.
2026-03-17 16:08:05,495 - INFO - DataTransformation class initialized.
2026-03-17 16:08:05,503 - INFO - Schema loaded successfully.
2026-03-17 16:08:05,503 - INFO - Schema loaded successfully.
2026-03-17 16:08:05,503 - INFO - Schema loaded successfully.
2026-03-17 16:08:05,503 - INFO - Schema loaded successfully.
2026-03-17 16:08:05,503 - INFO - Schema loaded successfully.
2026-03-17 16:08:05,503 - INFO - Schema loaded successfully.
2026-03-17 16:08:05,503 - INFO - Schema loaded successfully.
2026-03-17 16:08:05,508 - INFO - Performing train-test split.
2026-03-17 16:08:05,508 - INFO - Performing train-test split.
2026-03-17 16:08:05,508 - INFO - Performing train-test split.
2026-03-17 16:08:05,508 - INFO - Performing train-test split.
2026-03-17 16:08:05,508 - INFO - Performing train-test split.
2026-03-17 16:08:05,508 - INFO - Performing train-test split.
2026-03-17 16:08:05,508 - INFO - Performing train-test split.
2026-03-17 16:08:05,512 - INFO - Splitting data into training and testing sets.
2026-03-17 16:08:05,512 - INFO - Splitting data into training and testing sets.
2026-03-17 16:08:05,512 - INFO - Splitting data into training and testing sets.
2026-03-17 16:08:05,512 - INFO - Splitting data into training and testing sets.
2026-03-17 16:08:05,512 - INFO - Splitting data into training and testing sets.
2026-03-17 16:08:05,512 - INFO - Splitting data into training and testing sets.
2026-03-17 16:08:05,512 - INFO - Splitting data into training and testing sets.
2026-03-17 16:08:05,517 - ERROR - Error splitting data: "[('shift_efficiency_score',)] not found in axis"
2026-03-17 16:08:05,517 - ERROR - Error splitting data: "[('shift_efficiency_score',)] not found in axis"
2026-03-17 16:08:05,517 - ERROR - Error splitting data: "[('shift_efficiency_score',)] not found in axis"
2026-03-17 16:08:05,517 - ERROR - Error splitting data: "[('shift_efficiency_score',)] not found in axis"
2026-03-17 16:08:05,517 - ERROR - Error splitting data: "[('shift_efficiency_score',)] not found in axis"
2026-03-17 16:08:05,517 - ERROR - Error splitting data: "[('shift_efficiency_score',)] not found in axis"
2026-03-17 16:08:05,517 - ERROR - Error splitting data: "[('shift_efficiency_score',)] not found in axis"
2026-03-17 16:08:05,521 - ERROR - Error occurred in file: C:\Users\mrdan\Documents\Data_Science_Notes\Machine_Learning\amdari\Shift_optimisation_system\src\components\data_transformation.py at line number: 25 with error message: "[('shift_efficiency_score',)] not found in axis"
2026-03-17 16:08:05,521 - ERROR - Error occurred in file: C:\Users\mrdan\Documents\Data_Science_Notes\Machine_Learning\amdari\Shift_optimisation_system\src\components\data_transformation.py at line number: 25 with error message: "[('shift_efficiency_score',)] not found in axis"
2026-03-17 16:08:05,521 - ERROR - Error occurred in file: C:\Users\mrdan\Documents\Data_Science_Notes\Machine_Learning\amdari\Shift_optimisation_system\src\components\data_transformation.py at line number: 25 with error message: "[('shift_efficiency_score',)] not found in axis"
2026-03-17 16:08:05,521 - ERROR - Error occurred in file: C:\Users\mrdan\Documents\Data_Science_Notes\Machine_Learning\amdari\Shift_optimisation_system\src\components\data_transformation.py at line number: 25 with error message: "[('shift_efficiency_score',)] not found in axis"
2026-03-17 16:08:05,521 - ERROR - Error occurred in file: C:\Users\mrdan\Documents\Data_Science_Notes\Machine_Learning\amdari\Shift_optimisation_system\src\components\data_transformation.py at line number: 25 with error message: "[('shift_efficiency_score',)] not found in axis"
2026-03-17 16:08:05,521 - ERROR - Error occurred in file: C:\Users\mrdan\Documents\Data_Science_Notes\Machine_Learning\amdari\Shift_optimisation_system\src\components\data_transformation.py at line number: 25 with error message: "[('shift_efficiency_score',)] not found in axis"
2026-03-17 16:08:05,521 - ERROR - Error occurred in file: C:\Users\mrdan\Documents\Data_Science_Notes\Machine_Learning\amdari\Shift_optimisation_system\src\components\data_transformation.py at line number: 25 with error message: "[('shift_efficiency_score',)] not found in axis"
2026-03-17 16:08:05,527 - ERROR - Error occurred in file: C:\Users\mrdan\Documents\Data_Science_Notes\Machine_Learning\amdari\Shift_optimisation_system\src\components\data_transformation.py at line number: 25 with error message: "[('shift_efficiency_score',)] not found in axis"
2026-03-17 16:08:05,527 - ERROR - Error occurred in file: C:\Users\mrdan\Documents\Data_Science_Notes\Machine_Learning\amdari\Shift_optimisation_system\src\components\data_transformation.py at line number: 25 with error message: "[('shift_efficiency_score',)] not found in axis"
2026-03-17 16:08:05,527 - ERROR - Error occurred in file: C:\Users\mrdan\Documents\Data_Science_Notes\Machine_Learning\amdari\Shift_optimisation_system\src\components\data_transformation.py at line number: 25 with error message: "[('shift_efficiency_score',)] not found in axis"
2026-03-17 16:08:05,527 - ERROR - Error occurred in file: C:\Users\mrdan\Documents\Data_Science_Notes\Machine_Learning\amdari\Shift_optimisation_system\src\components\data_transformation.py at line number: 25 with error message: "[('shift_efficiency_score',)] not found in axis"
2026-03-17 16:08:05,527 - ERROR - Error occurred in file: C:\Users\mrdan\Documents\Data_Science_Notes\Machine_Learning\amdari\Shift_optimisation_system\src\components\data_transformation.py at line number: 25 with error message: "[('shift_efficiency_score',)] not found in axis"
2026-03-17 16:08:05,527 - ERROR - Error occurred in file: C:\Users\mrdan\Documents\Data_Science_Notes\Machine_Learning\amdari\Shift_optimisation_system\src\components\data_transformation.py at line number: 25 with error message: "[('shift_efficiency_score',)] not found in axis"
2026-03-17 16:08:05,527 - ERROR - Error occurred in file: C:\Users\mrdan\Documents\Data_Science_Notes\Machine_Learning\amdari\Shift_optimisation_system\src\components\data_transformation.py at line number: 25 with error message: "[('shift_efficiency_score',)] not found in axis"
2026-03-17 16:08:05,532 - ERROR - Error during train-test split: Error occurred in file: C:\Users\mrdan\Documents\Data_Science_Notes\Machine_Learning\amdari\Shift_optimisation_system\src\components\data_transformation.py at line number: 25 with error message: "[('shift_efficiency_score',)] not found in axis"
2026-03-17 16:08:05,532 - ERROR - Error during train-test split: Error occurred in file: C:\Users\mrdan\Documents\Data_Science_Notes\Machine_Learning\amdari\Shift_optimisation_system\src\components\data_transformation.py at line number: 25 with error message: "[('shift_efficiency_score',)] not found in axis"
2026-03-17 16:08:05,532 - ERROR - Error during train-test split: Error occurred in file: C:\Users\mrdan\Documents\Data_Science_Notes\Machine_Learning\amdari\Shift_optimisation_system\src\components\data_transformation.py at line number: 25 with error message: "[('shift_efficiency_score',)] not found in axis"
2026-03-17 16:08:05,532 - ERROR - Error during train-test split: Error occurred in file: C:\Users\mrdan\Documents\Data_Science_Notes\Machine_Learning\amdari\Shift_optimisation_system\src\components\data_transformation.py at line number: 25 with error message: "[('shift_efficiency_score',)] not found in axis"
2026-03-17 16:08:05,532 - ERROR - Error during train-test split: Error occurred in file: C:\Users\mrdan\Documents\Data_Science_Notes\Machine_Learning\amdari\Shift_optimisation_system\src\components\data_transformation.py at line number: 25 with error message: "[('shift_efficiency_score',)] not found in axis"
2026-03-17 16:08:05,532 - ERROR - Error during train-test split: Error occurred in file: C:\Users\mrdan\Documents\Data_Science_Notes\Machine_Learning\amdari\Shift_optimisation_system\src\components\data_transformation.py at line number: 25 with error message: "[('shift_efficiency_score',)] not found in axis"
2026-03-17 16:08:05,532 - ERROR - Error during train-test split: Error occurred in file: C:\Users\mrdan\Documents\Data_Science_Notes\Machine_Learning\amdari\Shift_optimisation_system\src\components\data_transformation.py at line number: 25 with error message: "[('shift_efficiency_score',)] not found in axis"
2026-03-17 16:08:05,538 - ERROR - Error occurred in file: C:\Users\mrdan\Documents\Data_Science_Notes\Machine_Learning\amdari\Shift_optimisation_system\src\components\data_transformation.py at line number: 38 with error message: Error occurred in file: C:\Users\mrdan\Documents\Data_Science_Notes\Machine_Learning\amdari\Shift_optimisation_system\src\components\data_transformation.py at line number: 25 with error message: "[('shift_efficiency_score',)] not found in axis"
2026-03-17 16:08:05,538 - ERROR - Error occurred in file: C:\Users\mrdan\Documents\Data_Science_Notes\Machine_Learning\amdari\Shift_optimisation_system\src\components\data_transformation.py at line number: 38 with error message: Error occurred in file: C:\Users\mrdan\Documents\Data_Science_Notes\Machine_Learning\amdari\Shift_optimisation_system\src\components\data_transformation.py at line number: 25 with error message: "[('shift_efficiency_score',)] not found in axis"
2026-03-17 16:08:05,538 - ERROR - Error occurred in file: C:\Users\mrdan\Documents\Data_Science_Notes\Machine_Learning\amdari\Shift_optimisation_system\src\components\data_transformation.py at line number: 38 with error message: Error occurred in file: C:\Users\mrdan\Documents\Data_Science_Notes\Machine_Learning\amdari\Shift_optimisation_system\src\components\data_transformation.py at line number: 25 with error message: "[('shift_efficiency_score',)] not found in axis"
2026-03-17 16:08:05,538 - ERROR - Error occurred in file: C:\Users\mrdan\Documents\Data_Science_Notes\Machine_Learning\amdari\Shift_optimisation_system\src\components\data_transformation.py at line number: 38 with error message: Error occurred in file: C:\Users\mrdan\Documents\Data_Science_Notes\Machine_Learning\amdari\Shift_optimisation_system\src\components\data_transformation.py at line number: 25 with error message: "[('shift_efficiency_score',)] not found in axis"
2026-03-17 16:08:05,538 - ERROR - Error occurred in file: C:\Users\mrdan\Documents\Data_Science_Notes\Machine_Learning\amdari\Shift_optimisation_system\src\components\data_transformation.py at line number: 38 with error message: Error occurred in file: C:\Users\mrdan\Documents\Data_Science_Notes\Machine_Learning\amdari\Shift_optimisation_system\src\components\data_transformation.py at line number: 25 with error message: "[('shift_efficiency_score',)] not found in axis"
2026-03-17 16:08:05,538 - ERROR - Error occurred in file: C:\Users\mrdan\Documents\Data_Science_Notes\Machine_Learning\amdari\Shift_optimisation_system\src\components\data_transformation.py at line number: 38 with error message: Error occurred in file: C:\Users\mrdan\Documents\Data_Science_Notes\Machine_Learning\amdari\Shift_optimisation_system\src\components\data_transformation.py at line number: 25 with error message: "[('shift_efficiency_score',)] not found in axis"
2026-03-17 16:08:05,538 - ERROR - Error occurred in file: C:\Users\mrdan\Documents\Data_Science_Notes\Machine_Learning\amdari\Shift_optimisation_system\src\components\data_transformation.py at line number: 38 with error message: Error occurred in file: C:\Users\mrdan\Documents\Data_Science_Notes\Machine_Learning\amdari\Shift_optimisation_system\src\components\data_transformation.py at line number: 25 with error message: "[('shift_efficiency_score',)] not found in axis"
2026-03-17 16:08:05,544 - ERROR - Error occurred in file: C:\Users\mrdan\Documents\Data_Science_Notes\Machine_Learning\amdari\Shift_optimisation_system\src\components\data_transformation.py at line number: 38 with error message: Error occurred in file: C:\Users\mrdan\Documents\Data_Science_Notes\Machine_Learning\amdari\Shift_optimisation_system\src\components\data_transformation.py at line number: 25 with error message: "[('shift_efficiency_score',)] not found in axis"
2026-03-17 16:08:05,544 - ERROR - Error occurred in file: C:\Users\mrdan\Documents\Data_Science_Notes\Machine_Learning\amdari\Shift_optimisation_system\src\components\data_transformation.py at line number: 38 with error message: Error occurred in file: C:\Users\mrdan\Documents\Data_Science_Notes\Machine_Learning\amdari\Shift_optimisation_system\src\components\data_transformation.py at line number: 25 with error message: "[('shift_efficiency_score',)] not found in axis"
2026-03-17 16:08:05,544 - ERROR - Error occurred in file: C:\Users\mrdan\Documents\Data_Science_Notes\Machine_Learning\amdari\Shift_optimisation_system\src\components\data_transformation.py at line number: 38 with error message: Error occurred in file: C:\Users\mrdan\Documents\Data_Science_Notes\Machine_Learning\amdari\Shift_optimisation_system\src\components\data_transformation.py at line number: 25 with error message: "[('shift_efficiency_score',)] not found in axis"
2026-03-17 16:08:05,544 - ERROR - Error occurred in file: C:\Users\mrdan\Documents\Data_Science_Notes\Machine_Learning\amdari\Shift_optimisation_system\src\components\data_transformation.py at line number: 38 with error message: Error occurred in file: C:\Users\mrdan\Documents\Data_Science_Notes\Machine_Learning\amdari\Shift_optimisation_system\src\components\data_transformation.py at line number: 25 with error message: "[('shift_efficiency_score',)] not found in axis"
2026-03-17 16:08:05,544 - ERROR - Error occurred in file: C:\Users\mrdan\Documents\Data_Science_Notes\Machine_Learning\amdari\Shift_optimisation_system\src\components\data_transformation.py at line number: 38 with error message: Error occurred in file: C:\Users\mrdan\Documents\Data_Science_Notes\Machine_Learning\amdari\Shift_optimisation_system\src\components\data_transformation.py at line number: 25 with error message: "[('shift_efficiency_score',)] not found in axis"
2026-03-17 16:08:05,544 - ERROR - Error occurred in file: C:\Users\mrdan\Documents\Data_Science_Notes\Machine_Learning\amdari\Shift_optimisation_system\src\components\data_transformation.py at line number: 38 with error message: Error occurred in file: C:\Users\mrdan\Documents\Data_Science_Notes\Machine_Learning\amdari\Shift_optimisation_system\src\components\data_transformation.py at line number: 25 with error message: "[('shift_efficiency_score',)] not found in axis"
2026-03-17 16:08:05,544 - ERROR - Error occurred in file: C:\Users\mrdan\Documents\Data_Science_Notes\Machine_Learning\amdari\Shift_optimisation_system\src\components\data_transformation.py at line number: 38 with error message: Error occurred in file: C:\Users\mrdan\Documents\Data_Science_Notes\Machine_Learning\amdari\Shift_optimisation_system\src\components\data_transformation.py at line number: 25 with error message: "[('shift_efficiency_score',)] not found in axis"
2026-03-17 16:08:05,550 - ERROR - Error in start_transformation: Error occurred in file: C:\Users\mrdan\Documents\Data_Science_Notes\Machine_Learning\amdari\Shift_optimisation_system\src\components\data_transformation.py at line number: 38 with error message: Error occurred in file: C:\Users\mrdan\Documents\Data_Science_Notes\Machine_Learning\amdari\Shift_optimisation_system\src\components\data_transformation.py at line number: 25 with error message: "[('shift_efficiency_score',)] not found in axis"
2026-03-17 16:08:05,550 - ERROR - Error in start_transformation: Error occurred in file: C:\Users\mrdan\Documents\Data_Science_Notes\Machine_Learning\amdari\Shift_optimisation_system\src\components\data_transformation.py at line number: 38 with error message: Error occurred in file: C:\Users\mrdan\Documents\Data_Science_Notes\Machine_Learning\amdari\Shift_optimisation_system\src\components\data_transformation.py at line number: 25 with error message: "[('shift_efficiency_score',)] not found in axis"
2026-03-17 16:08:05,550 - ERROR - Error in start_transformation: Error occurred in file: C:\Users\mrdan\Documents\Data_Science_Notes\Machine_Learning\amdari\Shift_optimisation_system\src\components\data_transformation.py at line number: 38 with error message: Error occurred in file: C:\Users\mrdan\Documents\Data_Science_Notes\Machine_Learning\amdari\Shift_optimisation_system\src\components\data_transformation.py at line number: 25 with error message: "[('shift_efficiency_score',)] not found in axis"
2026-03-17 16:08:05,550 - ERROR - Error in start_transformation: Error occurred in file: C:\Users\mrdan\Documents\Data_Science_Notes\Machine_Learning\amdari\Shift_optimisation_system\src\components\data_transformation.py at line number: 38 with error message: Error occurred in file: C:\Users\mrdan\Documents\Data_Science_Notes\Machine_Learning\amdari\Shift_optimisation_system\src\components\data_transformation.py at line number: 25 with error message: "[('shift_efficiency_score',)] not found in axis"
2026-03-17 16:08:05,550 - ERROR - Error in start_transformation: Error occurred in file: C:\Users\mrdan\Documents\Data_Science_Notes\Machine_Learning\amdari\Shift_optimisation_system\src\components\data_transformation.py at line number: 38 with error message: Error occurred in file: C:\Users\mrdan\Documents\Data_Science_Notes\Machine_Learning\amdari\Shift_optimisation_system\src\components\data_transformation.py at line number: 25 with error message: "[('shift_efficiency_score',)] not found in axis"
2026-03-17 16:08:05,550 - ERROR - Error in start_transformation: Error occurred in file: C:\Users\mrdan\Documents\Data_Science_Notes\Machine_Learning\amdari\Shift_optimisation_system\src\components\data_transformation.py at line number: 38 with error message: Error occurred in file: C:\Users\mrdan\Documents\Data_Science_Notes\Machine_Learning\amdari\Shift_optimisation_system\src\components\data_transformation.py at line number: 25 with error message: "[('shift_efficiency_score',)] not found in axis"
2026-03-17 16:08:05,550 - ERROR - Error in start_transformation: Error occurred in file: C:\Users\mrdan\Documents\Data_Science_Notes\Machine_Learning\amdari\Shift_optimisation_system\src\components\data_transformation.py at line number: 38 with error message: Error occurred in file: C:\Users\mrdan\Documents\Data_Science_Notes\Machine_Learning\amdari\Shift_optimisation_system\src\components\data_transformation.py at line number: 25 with error message: "[('shift_efficiency_score',)] not found in axis"
2026-03-17 16:08:05,555 - ERROR - Error occurred in file: C:\Users\mrdan\Documents\Data_Science_Notes\Machine_Learning\amdari\Shift_optimisation_system\src\components\data_transformation.py at line number: 58 with error message: Error occurred in file: C:\Users\mrdan\Documents\Data_Science_Notes\Machine_Learning\amdari\Shift_optimisation_system\src\components\data_transformation.py at line number: 38 with error message: Error occurred in file: C:\Users\mrdan\Documents\Data_Science_Notes\Machine_Learning\amdari\Shift_optimisation_system\src\components\data_transformation.py at line number: 25 with error message: "[('shift_efficiency_score',)] not found in axis"
2026-03-17 16:08:05,555 - ERROR - Error occurred in file: C:\Users\mrdan\Documents\Data_Science_Notes\Machine_Learning\amdari\Shift_optimisation_system\src\components\data_transformation.py at line number: 58 with error message: Error occurred in file: C:\Users\mrdan\Documents\Data_Science_Notes\Machine_Learning\amdari\Shift_optimisation_system\src\components\data_transformation.py at line number: 38 with error message: Error occurred in file: C:\Users\mrdan\Documents\Data_Science_Notes\Machine_Learning\amdari\Shift_optimisation_system\src\components\data_transformation.py at line number: 25 with error message: "[('shift_efficiency_score',)] not found in axis"
2026-03-17 16:08:05,555 - ERROR - Error occurred in file: C:\Users\mrdan\Documents\Data_Science_Notes\Machine_Learning\amdari\Shift_optimisation_system\src\components\data_transformation.py at line number: 58 with error message: Error occurred in file: C:\Users\mrdan\Documents\Data_Science_Notes\Machine_Learning\amdari\Shift_optimisation_system\src\components\data_transformation.py at line number: 38 with error message: Error occurred in file: C:\Users\mrdan\Documents\Data_Science_Notes\Machine_Learning\amdari\Shift_optimisation_system\src\components\data_transformation.py at line number: 25 with error message: "[('shift_efficiency_score',)] not found in axis"
2026-03-17 16:08:05,555 - ERROR - Error occurred in file: C:\Users\mrdan\Documents\Data_Science_Notes\Machine_Learning\amdari\Shift_optimisation_system\src\components\data_transformation.py at line number: 58 with error message: Error occurred in file: C:\Users\mrdan\Documents\Data_Science_Notes\Machine_Learning\amdari\Shift_optimisation_system\src\components\data_transformation.py at line number: 38 with error message: Error occurred in file: C:\Users\mrdan\Documents\Data_Science_Notes\Machine_Learning\amdari\Shift_optimisation_system\src\components\data_transformation.py at line number: 25 with error message: "[('shift_efficiency_score',)] not found in axis"
2026-03-17 16:08:05,555 - ERROR - Error occurred in file: C:\Users\mrdan\Documents\Data_Science_Notes\Machine_Learning\amdari\Shift_optimisation_system\src\components\data_transformation.py at line number: 58 with error message: Error occurred in file: C:\Users\mrdan\Documents\Data_Science_Notes\Machine_Learning\amdari\Shift_optimisation_system\src\components\data_transformation.py at line number: 38 with error message: Error occurred in file: C:\Users\mrdan\Documents\Data_Science_Notes\Machine_Learning\amdari\Shift_optimisation_system\src\components\data_transformation.py at line number: 25 with error message: "[('shift_efficiency_score',)] not found in axis"
2026-03-17 16:08:05,555 - ERROR - Error occurred in file: C:\Users\mrdan\Documents\Data_Science_Notes\Machine_Learning\amdari\Shift_optimisation_system\src\components\data_transformation.py at line number: 58 with error message: Error occurred in file: C:\Users\mrdan\Documents\Data_Science_Notes\Machine_Learning\amdari\Shift_optimisation_system\src\components\data_transformation.py at line number: 38 with error message: Error occurred in file: C:\Users\mrdan\Documents\Data_Science_Notes\Machine_Learning\amdari\Shift_optimisation_system\src\components\data_transformation.py at line number: 25 with error message: "[('shift_efficiency_score',)] not found in axis"
2026-03-17 16:08:05,555 - ERROR - Error occurred in file: C:\Users\mrdan\Documents\Data_Science_Notes\Machine_Learning\amdari\Shift_optimisation_system\src\components\data_transformation.py at line number: 58 with error message: Error occurred in file: C:\Users\mrdan\Documents\Data_Science_Notes\Machine_Learning\amdari\Shift_optimisation_system\src\components\data_transformation.py at line number: 38 with error message: Error occurred in file: C:\Users\mrdan\Documents\Data_Science_Notes\Machine_Learning\amdari\Shift_optimisation_system\src\components\data_transformation.py at line number: 25 with error message: "[('shift_efficiency_score',)] not found in axis"
2026-03-17 16:08:05,559 - ERROR - Error occurred in file: C:\Users\mrdan\Documents\Data_Science_Notes\Machine_Learning\amdari\Shift_optimisation_system\src\components\data_transformation.py at line number: 58 with error message: Error occurred in file: C:\Users\mrdan\Documents\Data_Science_Notes\Machine_Learning\amdari\Shift_optimisation_system\src\components\data_transformation.py at line number: 38 with error message: Error occurred in file: C:\Users\mrdan\Documents\Data_Science_Notes\Machine_Learning\amdari\Shift_optimisation_system\src\components\data_transformation.py at line number: 25 with error message: "[('shift_efficiency_score',)] not found in axis"
2026-03-17 16:08:05,559 - ERROR - Error occurred in file: C:\Users\mrdan\Documents\Data_Science_Notes\Machine_Learning\amdari\Shift_optimisation_system\src\components\data_transformation.py at line number: 58 with error message: Error occurred in file: C:\Users\mrdan\Documents\Data_Science_Notes\Machine_Learning\amdari\Shift_optimisation_system\src\components\data_transformation.py at line number: 38 with error message: Error occurred in file: C:\Users\mrdan\Documents\Data_Science_Notes\Machine_Learning\amdari\Shift_optimisation_system\src\components\data_transformation.py at line number: 25 with error message: "[('shift_efficiency_score',)] not found in axis"
2026-03-17 16:08:05,559 - ERROR - Error occurred in file: C:\Users\mrdan\Documents\Data_Science_Notes\Machine_Learning\amdari\Shift_optimisation_system\src\components\data_transformation.py at line number: 58 with error message: Error occurred in file: C:\Users\mrdan\Documents\Data_Science_Notes\Machine_Learning\amdari\Shift_optimisation_system\src\components\data_transformation.py at line number: 38 with error message: Error occurred in file: C:\Users\mrdan\Documents\Data_Science_Notes\Machine_Learning\amdari\Shift_optimisation_system\src\components\data_transformation.py at line number: 25 with error message: "[('shift_efficiency_score',)] not found in axis"
2026-03-17 16:08:05,559 - ERROR - Error occurred in file: C:\Users\mrdan\Documents\Data_Science_Notes\Machine_Learning\amdari\Shift_optimisation_system\src\components\data_transformation.py at line number: 58 with error message: Error occurred in file: C:\Users\mrdan\Documents\Data_Science_Notes\Machine_Learning\amdari\Shift_optimisation_system\src\components\data_transformation.py at line number: 38 with error message: Error occurred in file: C:\Users\mrdan\Documents\Data_Science_Notes\Machine_Learning\amdari\Shift_optimisation_system\src\components\data_transformation.py at line number: 25 with error message: "[('shift_efficiency_score',)] not found in axis"
2026-03-17 16:08:05,559 - ERROR - Error occurred in file: C:\Users\mrdan\Documents\Data_Science_Notes\Machine_Learning\amdari\Shift_optimisation_system\src\components\data_transformation.py at line number: 58 with error message: Error occurred in file: C:\Users\mrdan\Documents\Data_Science_Notes\Machine_Learning\amdari\Shift_optimisation_system\src\components\data_transformation.py at line number: 38 with error message: Error occurred in file: C:\Users\mrdan\Documents\Data_Science_Notes\Machine_Learning\amdari\Shift_optimisation_system\src\components\data_transformation.py at line number: 25 with error message: "[('shift_efficiency_score',)] not found in axis"
2026-03-17 16:08:05,559 - ERROR - Error occurred in file: C:\Users\mrdan\Documents\Data_Science_Notes\Machine_Learning\amdari\Shift_optimisation_system\src\components\data_transformation.py at line number: 58 with error message: Error occurred in file: C:\Users\mrdan\Documents\Data_Science_Notes\Machine_Learning\amdari\Shift_optimisation_system\src\components\data_transformation.py at line number: 38 with error message: Error occurred in file: C:\Users\mrdan\Documents\Data_Science_Notes\Machine_Learning\amdari\Shift_optimisation_system\src\components\data_transformation.py at line number: 25 with error message: "[('shift_efficiency_score',)] not found in axis"
2026-03-17 16:08:05,559 - ERROR - Error occurred in file: C:\Users\mrdan\Documents\Data_Science_Notes\Machine_Learning\amdari\Shift_optimisation_system\src\components\data_transformation.py at line number: 58 with error message: Error occurred in file: C:\Users\mrdan\Documents\Data_Science_Notes\Machine_Learning\amdari\Shift_optimisation_system\src\components\data_transformation.py at line number: 38 with error message: Error occurred in file: C:\Users\mrdan\Documents\Data_Science_Notes\Machine_Learning\amdari\Shift_optimisation_system\src\components\data_transformation.py at line number: 25 with error message: "[('shift_efficiency_score',)] not found in axis"
2026-03-17 16:08:05,564 - ERROR - Error in training pipeline: Error occurred in file: C:\Users\mrdan\Documents\Data_Science_Notes\Machine_Learning\amdari\Shift_optimisation_system\src\components\data_transformation.py at line number: 58 with error message: Error occurred in file: C:\Users\mrdan\Documents\Data_Science_Notes\Machine_Learning\amdari\Shift_optimisation_system\src\components\data_transformation.py at line number: 38 with error message: Error occurred in file: C:\Users\mrdan\Documents\Data_Science_Notes\Machine_Learning\amdari\Shift_optimisation_system\src\components\data_transformation.py at line number: 25 with error message: "[('shift_efficiency_score',)] not found in axis"
2026-03-17 16:08:05,564 - ERROR - Error in training pipeline: Error occurred in file: C:\Users\mrdan\Documents\Data_Science_Notes\Machine_Learning\amdari\Shift_optimisation_system\src\components\data_transformation.py at line number: 58 with error message: Error occurred in file: C:\Users\mrdan\Documents\Data_Science_Notes\Machine_Learning\amdari\Shift_optimisation_system\src\components\data_transformation.py at line number: 38 with error message: Error occurred in file: C:\Users\mrdan\Documents\Data_Science_Notes\Machine_Learning\amdari\Shift_optimisation_system\src\components\data_transformation.py at line number: 25 with error message: "[('shift_efficiency_score',)] not found in axis"
2026-03-17 16:08:05,564 - ERROR - Error in training pipeline: Error occurred in file: C:\Users\mrdan\Documents\Data_Science_Notes\Machine_Learning\amdari\Shift_optimisation_system\src\components\data_transformation.py at line number: 58 with error message: Error occurred in file: C:\Users\mrdan\Documents\Data_Science_Notes\Machine_Learning\amdari\Shift_optimisation_system\src\components\data_transformation.py at line number: 38 with error message: Error occurred in file: C:\Users\mrdan\Documents\Data_Science_Notes\Machine_Learning\amdari\Shift_optimisation_system\src\components\data_transformation.py at line number: 25 with error message: "[('shift_efficiency_score',)] not found in axis"
2026-03-17 16:08:05,564 - ERROR - Error in training pipeline: Error occurred in file: C:\Users\mrdan\Documents\Data_Science_Notes\Machine_Learning\amdari\Shift_optimisation_system\src\components\data_transformation.py at line number: 58 with error message: Error occurred in file: C:\Users\mrdan\Documents\Data_Science_Notes\Machine_Learning\amdari\Shift_optimisation_system\src\components\data_transformation.py at line number: 38 with error message: Error occurred in file: C:\Users\mrdan\Documents\Data_Science_Notes\Machine_Learning\amdari\Shift_optimisation_system\src\components\data_transformation.py at line number: 25 with error message: "[('shift_efficiency_score',)] not found in axis"
2026-03-17 16:08:05,564 - ERROR - Error in training pipeline: Error occurred in file: C:\Users\mrdan\Documents\Data_Science_Notes\Machine_Learning\amdari\Shift_optimisation_system\src\components\data_transformation.py at line number: 58 with error message: Error occurred in file: C:\Users\mrdan\Documents\Data_Science_Notes\Machine_Learning\amdari\Shift_optimisation_system\src\components\data_transformation.py at line number: 38 with error message: Error occurred in file: C:\Users\mrdan\Documents\Data_Science_Notes\Machine_Learning\amdari\Shift_optimisation_system\src\components\data_transformation.py at line number: 25 with error message: "[('shift_efficiency_score',)] not found in axis"
2026-03-17 16:08:05,564 - ERROR - Error in training pipeline: Error occurred in file: C:\Users\mrdan\Documents\Data_Science_Notes\Machine_Learning\amdari\Shift_optimisation_system\src\components\data_transformation.py at line number: 58 with error message: Error occurred in file: C:\Users\mrdan\Documents\Data_Science_Notes\Machine_Learning\amdari\Shift_optimisation_system\src\components\data_transformation.py at line number: 38 with error message: Error occurred in file: C:\Users\mrdan\Documents\Data_Science_Notes\Machine_Learning\amdari\Shift_optimisation_system\src\components\data_transformation.py at line number: 25 with error message: "[('shift_efficiency_score',)] not found in axis"
2026-03-17 16:08:05,564 - ERROR - Error in training pipeline: Error occurred in file: C:\Users\mrdan\Documents\Data_Science_Notes\Machine_Learning\amdari\Shift_optimisation_system\src\components\data_transformation.py at line number: 58 with error message: Error occurred in file: C:\Users\mrdan\Documents\Data_Science_Notes\Machine_Learning\amdari\Shift_optimisation_system\src\components\data_transformation.py at line number: 38 with error message: Error occurred in file: C:\Users\mrdan\Documents\Data_Science_Notes\Machine_Learning\amdari\Shift_optimisation_system\src\components\data_transformation.py at line number: 25 with error message: "[('shift_efficiency_score',)] not found in axis"
2026-03-17 16:08:05,569 - ERROR - Error occurred in file: C:\Users\mrdan\Documents\Data_Science_Notes\Machine_Learning\amdari\Shift_optimisation_system\src\pipelines\training_pipeline.py at line number: 20 with error message: Error occurred in file: C:\Users\mrdan\Documents\Data_Science_Notes\Machine_Learning\amdari\Shift_optimisation_system\src\components\data_transformation.py at line number: 58 with error message: Error occurred in file: C:\Users\mrdan\Documents\Data_Science_Notes\Machine_Learning\amdari\Shift_optimisation_system\src\components\data_transformation.py at line number: 38 with error message: Error occurred in file: C:\Users\mrdan\Documents\Data_Science_Notes\Machine_Learning\amdari\Shift_optimisation_system\src\components\data_transformation.py at line number: 25 with error message: "[('shift_efficiency_score',)] not found in axis"
2026-03-17 16:08:05,569 - ERROR - Error occurred in file: C:\Users\mrdan\Documents\Data_Science_Notes\Machine_Learning\amdari\Shift_optimisation_system\src\pipelines\training_pipeline.py at line number: 20 with error message: Error occurred in file: C:\Users\mrdan\Documents\Data_Science_Notes\Machine_Learning\amdari\Shift_optimisation_system\src\components\data_transformation.py at line number: 58 with error message: Error occurred in file: C:\Users\mrdan\Documents\Data_Science_Notes\Machine_Learning\amdari\Shift_optimisation_system\src\components\data_transformation.py at line number: 38 with error message: Error occurred in file: C:\Users\mrdan\Documents\Data_Science_Notes\Machine_Learning\amdari\Shift_optimisation_system\src\components\data_transformation.py at line number: 25 with error message: "[('shift_efficiency_score',)] not found in axis"
2026-03-17 16:08:05,569 - ERROR - Error occurred in file: C:\Users\mrdan\Documents\Data_Science_Notes\Machine_Learning\amdari\Shift_optimisation_system\src\pipelines\training_pipeline.py at line number: 20 with error message: Error occurred in file: C:\Users\mrdan\Documents\Data_Science_Notes\Machine_Learning\amdari\Shift_optimisation_system\src\components\data_transformation.py at line number: 58 with error message: Error occurred in file: C:\Users\mrdan\Documents\Data_Science_Notes\Machine_Learning\amdari\Shift_optimisation_system\src\components\data_transformation.py at line number: 38 with error message: Error occurred in file: C:\Users\mrdan\Documents\Data_Science_Notes\Machine_Learning\amdari\Shift_optimisation_system\src\components\data_transformation.py at line number: 25 with error message: "[('shift_efficiency_score',)] not found in axis"
2026-03-17 16:08:05,569 - ERROR - Error occurred in file: C:\Users\mrdan\Documents\Data_Science_Notes\Machine_Learning\amdari\Shift_optimisation_system\src\pipelines\training_pipeline.py at line number: 20 with error message: Error occurred in file: C:\Users\mrdan\Documents\Data_Science_Notes\Machine_Learning\amdari\Shift_optimisation_system\src\components\data_transformation.py at line number: 58 with error message: Error occurred in file: C:\Users\mrdan\Documents\Data_Science_Notes\Machine_Learning\amdari\Shift_optimisation_system\src\components\data_transformation.py at line number: 38 with error message: Error occurred in file: C:\Users\mrdan\Documents\Data_Science_Notes\Machine_Learning\amdari\Shift_optimisation_system\src\components\data_transformation.py at line number: 25 with error message: "[('shift_efficiency_score',)] not found in axis"
2026-03-17 16:08:05,569 - ERROR - Error occurred in file: C:\Users\mrdan\Documents\Data_Science_Notes\Machine_Learning\amdari\Shift_optimisation_system\src\pipelines\training_pipeline.py at line number: 20 with error message: Error occurred in file: C:\Users\mrdan\Documents\Data_Science_Notes\Machine_Learning\amdari\Shift_optimisation_system\src\components\data_transformation.py at line number: 58 with error message: Error occurred in file: C:\Users\mrdan\Documents\Data_Science_Notes\Machine_Learning\amdari\Shift_optimisation_system\src\components\data_transformation.py at line number: 38 with error message: Error occurred in file: C:\Users\mrdan\Documents\Data_Science_Notes\Machine_Learning\amdari\Shift_optimisation_system\src\components\data_transformation.py at line number: 25 with error message: "[('shift_efficiency_score',)] not found in axis"
2026-03-17 16:08:05,569 - ERROR - Error occurred in file: C:\Users\mrdan\Documents\Data_Science_Notes\Machine_Learning\amdari\Shift_optimisation_system\src\pipelines\training_pipeline.py at line number: 20 with error message: Error occurred in file: C:\Users\mrdan\Documents\Data_Science_Notes\Machine_Learning\amdari\Shift_optimisation_system\src\components\data_transformation.py at line number: 58 with error message: Error occurred in file: C:\Users\mrdan\Documents\Data_Science_Notes\Machine_Learning\amdari\Shift_optimisation_system\src\components\data_transformation.py at line number: 38 with error message: Error occurred in file: C:\Users\mrdan\Documents\Data_Science_Notes\Machine_Learning\amdari\Shift_optimisation_system\src\components\data_transformation.py at line number: 25 with error message: "[('shift_efficiency_score',)] not found in axis"
2026-03-17 16:08:05,569 - ERROR - Error occurred in file: C:\Users\mrdan\Documents\Data_Science_Notes\Machine_Learning\amdari\Shift_optimisation_system\src\pipelines\training_pipeline.py at line number: 20 with error message: Error occurred in file: C:\Users\mrdan\Documents\Data_Science_Notes\Machine_Learning\amdari\Shift_optimisation_system\src\components\data_transformation.py at line number: 58 with error message: Error occurred in file: C:\Users\mrdan\Documents\Data_Science_Notes\Machine_Learning\amdari\Shift_optimisation_system\src\components\data_transformation.py at line number: 38 with error message: Error occurred in file: C:\Users\mrdan\Documents\Data_Science_Notes\Machine_Learning\amdari\Shift_optimisation_system\src\components\data_transformation.py at line number: 25 with error message: "[('shift_efficiency_score',)] not found in axis"
2026-03-17 16:08:05,574 - ERROR - Error occurred in file: C:\Users\mrdan\Documents\Data_Science_Notes\Machine_Learning\amdari\Shift_optimisation_system\src\pipelines\training_pipeline.py at line number: 20 with error message: Error occurred in file: C:\Users\mrdan\Documents\Data_Science_Notes\Machine_Learning\amdari\Shift_optimisation_system\src\components\data_transformation.py at line number: 58 with error message: Error occurred in file: C:\Users\mrdan\Documents\Data_Science_Notes\Machine_Learning\amdari\Shift_optimisation_system\src\components\data_transformation.py at line number: 38 with error message: Error occurred in file: C:\Users\mrdan\Documents\Data_Science_Notes\Machine_Learning\amdari\Shift_optimisation_system\src\components\data_transformation.py at line number: 25 with error message: "[('shift_efficiency_score',)] not found in axis"
2026-03-17 16:08:05,574 - ERROR - Error occurred in file: C:\Users\mrdan\Documents\Data_Science_Notes\Machine_Learning\amdari\Shift_optimisation_system\src\pipelines\training_pipeline.py at line number: 20 with error message: Error occurred in file: C:\Users\mrdan\Documents\Data_Science_Notes\Machine_Learning\amdari\Shift_optimisation_system\src\components\data_transformation.py at line number: 58 with error message: Error occurred in file: C:\Users\mrdan\Documents\Data_Science_Notes\Machine_Learning\amdari\Shift_optimisation_system\src\components\data_transformation.py at line number: 38 with error message: Error occurred in file: C:\Users\mrdan\Documents\Data_Science_Notes\Machine_Learning\amdari\Shift_optimisation_system\src\components\data_transformation.py at line number: 25 with error message: "[('shift_efficiency_score',)] not found in axis"
2026-03-17 16:08:05,574 - ERROR - Error occurred in file: C:\Users\mrdan\Documents\Data_Science_Notes\Machine_Learning\amdari\Shift_optimisation_system\src\pipelines\training_pipeline.py at line number: 20 with error message: Error occurred in file: C:\Users\mrdan\Documents\Data_Science_Notes\Machine_Learning\amdari\Shift_optimisation_system\src\components\data_transformation.py at line number: 58 with error message: Error occurred in file: C:\Users\mrdan\Documents\Data_Science_Notes\Machine_Learning\amdari\Shift_optimisation_system\src\components\data_transformation.py at line number: 38 with error message: Error occurred in file: C:\Users\mrdan\Documents\Data_Science_Notes\Machine_Learning\amdari\Shift_optimisation_system\src\components\data_transformation.py at line number: 25 with error message: "[('shift_efficiency_score',)] not found in axis"
2026-03-17 16:08:05,574 - ERROR - Error occurred in file: C:\Users\mrdan\Documents\Data_Science_Notes\Machine_Learning\amdari\Shift_optimisation_system\src\pipelines\training_pipeline.py at line number: 20 with error message: Error occurred in file: C:\Users\mrdan\Documents\Data_Science_Notes\Machine_Learning\amdari\Shift_optimisation_system\src\components\data_transformation.py at line number: 58 with error message: Error occurred in file: C:\Users\mrdan\Documents\Data_Science_Notes\Machine_Learning\amdari\Shift_optimisation_system\src\components\data_transformation.py at line number: 38 with error message: Error occurred in file: C:\Users\mrdan\Documents\Data_Science_Notes\Machine_Learning\amdari\Shift_optimisation_system\src\components\data_transformation.py at line number: 25 with error message: "[('shift_efficiency_score',)] not found in axis"
2026-03-17 16:08:05,574 - ERROR - Error occurred in file: C:\Users\mrdan\Documents\Data_Science_Notes\Machine_Learning\amdari\Shift_optimisation_system\src\pipelines\training_pipeline.py at line number: 20 with error message: Error occurred in file: C:\Users\mrdan\Documents\Data_Science_Notes\Machine_Learning\amdari\Shift_optimisation_system\src\components\data_transformation.py at line number: 58 with error message: Error occurred in file: C:\Users\mrdan\Documents\Data_Science_Notes\Machine_Learning\amdari\Shift_optimisation_system\src\components\data_transformation.py at line number: 38 with error message: Error occurred in file: C:\Users\mrdan\Documents\Data_Science_Notes\Machine_Learning\amdari\Shift_optimisation_system\src\components\data_transformation.py at line number: 25 with error message: "[('shift_efficiency_score',)] not found in axis"
2026-03-17 16:08:05,574 - ERROR - Error occurred in file: C:\Users\mrdan\Documents\Data_Science_Notes\Machine_Learning\amdari\Shift_optimisation_system\src\pipelines\training_pipeline.py at line number: 20 with error message: Error occurred in file: C:\Users\mrdan\Documents\Data_Science_Notes\Machine_Learning\amdari\Shift_optimisation_system\src\components\data_transformation.py at line number: 58 with error message: Error occurred in file: C:\Users\mrdan\Documents\Data_Science_Notes\Machine_Learning\amdari\Shift_optimisation_system\src\components\data_transformation.py at line number: 38 with error message: Error occurred in file: C:\Users\mrdan\Documents\Data_Science_Notes\Machine_Learning\amdari\Shift_optimisation_system\src\components\data_transformation.py at line number: 25 with error message: "[('shift_efficiency_score',)] not found in axis"
2026-03-17 16:08:05,574 - ERROR - Error occurred in file: C:\Users\mrdan\Documents\Data_Science_Notes\Machine_Learning\amdari\Shift_optimisation_system\src\pipelines\training_pipeline.py at line number: 20 with error message: Error occurred in file: C:\Users\mrdan\Documents\Data_Science_Notes\Machine_Learning\amdari\Shift_optimisation_system\src\components\data_transformation.py at line number: 58 with error message: Error occurred in file: C:\Users\mrdan\Documents\Data_Science_Notes\Machine_Learning\amdari\Shift_optimisation_system\src\components\data_transformation.py at line number: 38 with error message: Error occurred in file: C:\Users\mrdan\Documents\Data_Science_Notes\Machine_Learning\amdari\Shift_optimisation_system\src\components\data_transformation.py at line number: 25 with error message: "[('shift_efficiency_score',)] not found in axis"
2026-03-17 16:08:05,582 - ERROR - Error during retraining: Error occurred in file: C:\Users\mrdan\Documents\Data_Science_Notes\Machine_Learning\amdari\Shift_optimisation_system\src\pipelines\training_pipeline.py at line number: 20 with error message: Error occurred in file: C:\Users\mrdan\Documents\Data_Science_Notes\Machine_Learning\amdari\Shift_optimisation_system\src\components\data_transformation.py at line number: 58 with error message: Error occurred in file: C:\Users\mrdan\Documents\Data_Science_Notes\Machine_Learning\amdari\Shift_optimisation_system\src\components\data_transformation.py at line number: 38 with error message: Error occurred in file: C:\Users\mrdan\Documents\Data_Science_Notes\Machine_Learning\amdari\Shift_optimisation_system\src\components\data_transformation.py at line number: 25 with error message: "[('shift_efficiency_score',)] not found in axis"
2026-03-17 16:08:05,582 - ERROR - Error during retraining: Error occurred in file: C:\Users\mrdan\Documents\Data_Science_Notes\Machine_Learning\amdari\Shift_optimisation_system\src\pipelines\training_pipeline.py at line number: 20 with error message: Error occurred in file: C:\Users\mrdan\Documents\Data_Science_Notes\Machine_Learning\amdari\Shift_optimisation_system\src\components\data_transformation.py at line number: 58 with error message: Error occurred in file: C:\Users\mrdan\Documents\Data_Science_Notes\Machine_Learning\amdari\Shift_optimisation_system\src\components\data_transformation.py at line number: 38 with error message: Error occurred in file: C:\Users\mrdan\Documents\Data_Science_Notes\Machine_Learning\amdari\Shift_optimisation_system\src\components\data_transformation.py at line number: 25 with error message: "[('shift_efficiency_score',)] not found in axis"
2026-03-17 16:08:05,582 - ERROR - Error during retraining: Error occurred in file: C:\Users\mrdan\Documents\Data_Science_Notes\Machine_Learning\amdari\Shift_optimisation_system\src\pipelines\training_pipeline.py at line number: 20 with error message: Error occurred in file: C:\Users\mrdan\Documents\Data_Science_Notes\Machine_Learning\amdari\Shift_optimisation_system\src\components\data_transformation.py at line number: 58 with error message: Error occurred in file: C:\Users\mrdan\Documents\Data_Science_Notes\Machine_Learning\amdari\Shift_optimisation_system\src\components\data_transformation.py at line number: 38 with error message: Error occurred in file: C:\Users\mrdan\Documents\Data_Science_Notes\Machine_Learning\amdari\Shift_optimisation_system\src\components\data_transformation.py at line number: 25 with error message: "[('shift_efficiency_score',)] not found in axis"
2026-03-17 16:08:05,582 - ERROR - Error during retraining: Error occurred in file: C:\Users\mrdan\Documents\Data_Science_Notes\Machine_Learning\amdari\Shift_optimisation_system\src\pipelines\training_pipeline.py at line number: 20 with error message: Error occurred in file: C:\Users\mrdan\Documents\Data_Science_Notes\Machine_Learning\amdari\Shift_optimisation_system\src\components\data_transformation.py at line number: 58 with error message: Error occurred in file: C:\Users\mrdan\Documents\Data_Science_Notes\Machine_Learning\amdari\Shift_optimisation_system\src\components\data_transformation.py at line number: 38 with error message: Error occurred in file: C:\Users\mrdan\Documents\Data_Science_Notes\Machine_Learning\amdari\Shift_optimisation_system\src\components\data_transformation.py at line number: 25 with error message: "[('shift_efficiency_score',)] not found in axis"
2026-03-17 16:08:05,582 - ERROR - Error during retraining: Error occurred in file: C:\Users\mrdan\Documents\Data_Science_Notes\Machine_Learning\amdari\Shift_optimisation_system\src\pipelines\training_pipeline.py at line number: 20 with error message: Error occurred in file: C:\Users\mrdan\Documents\Data_Science_Notes\Machine_Learning\amdari\Shift_optimisation_system\src\components\data_transformation.py at line number: 58 with error message: Error occurred in file: C:\Users\mrdan\Documents\Data_Science_Notes\Machine_Learning\amdari\Shift_optimisation_system\src\components\data_transformation.py at line number: 38 with error message: Error occurred in file: C:\Users\mrdan\Documents\Data_Science_Notes\Machine_Learning\amdari\Shift_optimisation_system\src\components\data_transformation.py at line number: 25 with error message: "[('shift_efficiency_score',)] not found in axis"
2026-03-17 16:08:05,582 - ERROR - Error during retraining: Error occurred in file: C:\Users\mrdan\Documents\Data_Science_Notes\Machine_Learning\amdari\Shift_optimisation_system\src\pipelines\training_pipeline.py at line number: 20 with error message: Error occurred in file: C:\Users\mrdan\Documents\Data_Science_Notes\Machine_Learning\amdari\Shift_optimisation_system\src\components\data_transformation.py at line number: 58 with error message: Error occurred in file: C:\Users\mrdan\Documents\Data_Science_Notes\Machine_Learning\amdari\Shift_optimisation_system\src\components\data_transformation.py at line number: 38 with error message: Error occurred in file: C:\Users\mrdan\Documents\Data_Science_Notes\Machine_Learning\amdari\Shift_optimisation_system\src\components\data_transformation.py at line number: 25 with error message: "[('shift_efficiency_score',)] not found in axis"
2026-03-17 16:08:05,582 - ERROR - Error during retraining: Error occurred in file: C:\Users\mrdan\Documents\Data_Science_Notes\Machine_Learning\amdari\Shift_optimisation_system\src\pipelines\training_pipeline.py at line number: 20 with error message: Error occurred in file: C:\Users\mrdan\Documents\Data_Science_Notes\Machine_Learning\amdari\Shift_optimisation_system\src\components\data_transformation.py at line number: 58 with error message: Error occurred in file: C:\Users\mrdan\Documents\Data_Science_Notes\Machine_Learning\amdari\Shift_optimisation_system\src\components\data_transformation.py at line number: 38 with error message: Error occurred in file: C:\Users\mrdan\Documents\Data_Science_Notes\Machine_Learning\amdari\Shift_optimisation_system\src\components\data_transformation.py at line number: 25 with error message: "[('shift_efficiency_score',)] not found in axis"
2026-03-17 16:08:05,588 - ERROR - Error occurred in file: C:\Users\mrdan\Documents\Data_Science_Notes\Machine_Learning\amdari\Shift_optimisation_system\app\main.py at line number: 162 with error message: Error occurred in file: C:\Users\mrdan\Documents\Data_Science_Notes\Machine_Learning\amdari\Shift_optimisation_system\src\pipelines\training_pipeline.py at line number: 20 with error message: Error occurred in file: C:\Users\mrdan\Documents\Data_Science_Notes\Machine_Learning\amdari\Shift_optimisation_system\src\components\data_transformation.py at line number: 58 with error message: Error occurred in file: C:\Users\mrdan\Documents\Data_Science_Notes\Machine_Learning\amdari\Shift_optimisation_system\src\components\data_transformation.py at line number: 38 with error message: Error occurred in file: C:\Users\mrdan\Documents\Data_Science_Notes\Machine_Learning\amdari\Shift_optimisation_system\src\components\data_transformation.py at line number: 25 with error message: "[('shift_efficiency_score',)] not found in axis"
2026-03-17 16:08:05,588 - ERROR - Error occurred in file: C:\Users\mrdan\Documents\Data_Science_Notes\Machine_Learning\amdari\Shift_optimisation_system\app\main.py at line number: 162 with error message: Error occurred in file: C:\Users\mrdan\Documents\Data_Science_Notes\Machine_Learning\amdari\Shift_optimisation_system\src\pipelines\training_pipeline.py at line number: 20 with error message: Error occurred in file: C:\Users\mrdan\Documents\Data_Science_Notes\Machine_Learning\amdari\Shift_optimisation_system\src\components\data_transformation.py at line number: 58 with error message: Error occurred in file: C:\Users\mrdan\Documents\Data_Science_Notes\Machine_Learning\amdari\Shift_optimisation_system\src\components\data_transformation.py at line number: 38 with error message: Error occurred in file: C:\Users\mrdan\Documents\Data_Science_Notes\Machine_Learning\amdari\Shift_optimisation_system\src\components\data_transformation.py at line number: 25 with error message: "[('shift_efficiency_score',)] not found in axis"
2026-03-17 16:08:05,588 - ERROR - Error occurred in file: C:\Users\mrdan\Documents\Data_Science_Notes\Machine_Learning\amdari\Shift_optimisation_system\app\main.py at line number: 162 with error message: Error occurred in file: C:\Users\mrdan\Documents\Data_Science_Notes\Machine_Learning\amdari\Shift_optimisation_system\src\pipelines\training_pipeline.py at line number: 20 with error message: Error occurred in file: C:\Users\mrdan\Documents\Data_Science_Notes\Machine_Learning\amdari\Shift_optimisation_system\src\components\data_transformation.py at line number: 58 with error message: Error occurred in file: C:\Users\mrdan\Documents\Data_Science_Notes\Machine_Learning\amdari\Shift_optimisation_system\src\components\data_transformation.py at line number: 38 with error message: Error occurred in file: C:\Users\mrdan\Documents\Data_Science_Notes\Machine_Learning\amdari\Shift_optimisation_system\src\components\data_transformation.py at line number: 25 with error message: "[('shift_efficiency_score',)] not found in axis"
2026-03-17 16:08:05,588 - ERROR - Error occurred in file: C:\Users\mrdan\Documents\Data_Science_Notes\Machine_Learning\amdari\Shift_optimisation_system\app\main.py at line number: 162 with error message: Error occurred in file: C:\Users\mrdan\Documents\Data_Science_Notes\Machine_Learning\amdari\Shift_optimisation_system\src\pipelines\training_pipeline.py at line number: 20 with error message: Error occurred in file: C:\Users\mrdan\Documents\Data_Science_Notes\Machine_Learning\amdari\Shift_optimisation_system\src\components\data_transformation.py at line number: 58 with error message: Error occurred in file: C:\Users\mrdan\Documents\Data_Science_Notes\Machine_Learning\amdari\Shift_optimisation_system\src\components\data_transformation.py at line number: 38 with error message: Error occurred in file: C:\Users\mrdan\Documents\Data_Science_Notes\Machine_Learning\amdari\Shift_optimisation_system\src\components\data_transformation.py at line number: 25 with error message: "[('shift_efficiency_score',)] not found in axis"
2026-03-17 16:08:05,588 - ERROR - Error occurred in file: C:\Users\mrdan\Documents\Data_Science_Notes\Machine_Learning\amdari\Shift_optimisation_system\app\main.py at line number: 162 with error message: Error occurred in file: C:\Users\mrdan\Documents\Data_Science_Notes\Machine_Learning\amdari\Shift_optimisation_system\src\pipelines\training_pipeline.py at line number: 20 with error message: Error occurred in file: C:\Users\mrdan\Documents\Data_Science_Notes\Machine_Learning\amdari\Shift_optimisation_system\src\components\data_transformation.py at line number: 58 with error message: Error occurred in file: C:\Users\mrdan\Documents\Data_Science_Notes\Machine_Learning\amdari\Shift_optimisation_system\src\components\data_transformation.py at line number: 38 with error message: Error occurred in file: C:\Users\mrdan\Documents\Data_Science_Notes\Machine_Learning\amdari\Shift_optimisation_system\src\components\data_transformation.py at line number: 25 with error message: "[('shift_efficiency_score',)] not found in axis"
2026-03-17 16:08:05,588 - ERROR - Error occurred in file: C:\Users\mrdan\Documents\Data_Science_Notes\Machine_Learning\amdari\Shift_optimisation_system\app\main.py at line number: 162 with error message: Error occurred in file: C:\Users\mrdan\Documents\Data_Science_Notes\Machine_Learning\amdari\Shift_optimisation_system\src\pipelines\training_pipeline.py at line number: 20 with error message: Error occurred in file: C:\Users\mrdan\Documents\Data_Science_Notes\Machine_Learning\amdari\Shift_optimisation_system\src\components\data_transformation.py at line number: 58 with error message: Error occurred in file: C:\Users\mrdan\Documents\Data_Science_Notes\Machine_Learning\amdari\Shift_optimisation_system\src\components\data_transformation.py at line number: 38 with error message: Error occurred in file: C:\Users\mrdan\Documents\Data_Science_Notes\Machine_Learning\amdari\Shift_optimisation_system\src\components\data_transformation.py at line number: 25 with error message: "[('shift_efficiency_score',)] not found in axis"
2026-03-17 16:08:05,588 - ERROR - Error occurred in file: C:\Users\mrdan\Documents\Data_Science_Notes\Machine_Learning\amdari\Shift_optimisation_system\app\main.py at line number: 162 with error message: Error occurred in file: C:\Users\mrdan\Documents\Data_Science_Notes\Machine_Learning\amdari\Shift_optimisation_system\src\pipelines\training_pipeline.py at line number: 20 with error message: Error occurred in file: C:\Users\mrdan\Documents\Data_Science_Notes\Machine_Learning\amdari\Shift_optimisation_system\src\components\data_transformation.py at line number: 58 with error message: Error occurred in file: C:\Users\mrdan\Documents\Data_Science_Notes\Machine_Learning\amdari\Shift_optimisation_system\src\components\data_transformation.py at line number: 38 with error message: Error occurred in file: C:\Users\mrdan\Documents\Data_Science_Notes\Machine_Learning\amdari\Shift_optimisation_system\src\components\data_transformation.py at line number: 25 with error message: "[('shift_efficiency_score',)] not found in axis"
2026-03-17 16:08:05,594 - ERROR - Error occurred in file: C:\Users\mrdan\Documents\Data_Science_Notes\Machine_Learning\amdari\Shift_optimisation_system\app\main.py at line number: 162 with error message: Error occurred in file: C:\Users\mrdan\Documents\Data_Science_Notes\Machine_Learning\amdari\Shift_optimisation_system\src\pipelines\training_pipeline.py at line number: 20 with error message: Error occurred in file: C:\Users\mrdan\Documents\Data_Science_Notes\Machine_Learning\amdari\Shift_optimisation_system\src\components\data_transformation.py at line number: 58 with error message: Error occurred in file: C:\Users\mrdan\Documents\Data_Science_Notes\Machine_Learning\amdari\Shift_optimisation_system\src\components\data_transformation.py at line number: 38 with error message: Error occurred in file: C:\Users\mrdan\Documents\Data_Science_Notes\Machine_Learning\amdari\Shift_optimisation_system\src\components\data_transformation.py at line number: 25 with error message: "[('shift_efficiency_score',)] not found in axis"
2026-03-17 16:08:05,594 - ERROR - Error occurred in file: C:\Users\mrdan\Documents\Data_Science_Notes\Machine_Learning\amdari\Shift_optimisation_system\app\main.py at line number: 162 with error message: Error occurred in file: C:\Users\mrdan\Documents\Data_Science_Notes\Machine_Learning\amdari\Shift_optimisation_system\src\pipelines\training_pipeline.py at line number: 20 with error message: Error occurred in file: C:\Users\mrdan\Documents\Data_Science_Notes\Machine_Learning\amdari\Shift_optimisation_system\src\components\data_transformation.py at line number: 58 with error message: Error occurred in file: C:\Users\mrdan\Documents\Data_Science_Notes\Machine_Learning\amdari\Shift_optimisation_system\src\components\data_transformation.py at line number: 38 with error message: Error occurred in file: C:\Users\mrdan\Documents\Data_Science_Notes\Machine_Learning\amdari\Shift_optimisation_system\src\components\data_transformation.py at line number: 25 with error message: "[('shift_efficiency_score',)] not found in axis"
2026-03-17 16:08:05,594 - ERROR - Error occurred in file: C:\Users\mrdan\Documents\Data_Science_Notes\Machine_Learning\amdari\Shift_optimisation_system\app\main.py at line number: 162 with error message: Error occurred in file: C:\Users\mrdan\Documents\Data_Science_Notes\Machine_Learning\amdari\Shift_optimisation_system\src\pipelines\training_pipeline.py at line number: 20 with error message: Error occurred in file: C:\Users\mrdan\Documents\Data_Science_Notes\Machine_Learning\amdari\Shift_optimisation_system\src\components\data_transformation.py at line number: 58 with error message: Error occurred in file: C:\Users\mrdan\Documents\Data_Science_Notes\Machine_Learning\amdari\Shift_optimisation_system\src\components\data_transformation.py at line number: 38 with error message: Error occurred in file: C:\Users\mrdan\Documents\Data_Science_Notes\Machine_Learning\amdari\Shift_optimisation_system\src\components\data_transformation.py at line number: 25 with error message: "[('shift_efficiency_score',)] not found in axis"
2026-03-17 16:08:05,594 - ERROR - Error occurred in file: C:\Users\mrdan\Documents\Data_Science_Notes\Machine_Learning\amdari\Shift_optimisation_system\app\main.py at line number: 162 with error message: Error occurred in file: C:\Users\mrdan\Documents\Data_Science_Notes\Machine_Learning\amdari\Shift_optimisation_system\src\pipelines\training_pipeline.py at line number: 20 with error message: Error occurred in file: C:\Users\mrdan\Documents\Data_Science_Notes\Machine_Learning\amdari\Shift_optimisation_system\src\components\data_transformation.py at line number: 58 with error message: Error occurred in file: C:\Users\mrdan\Documents\Data_Science_Notes\Machine_Learning\amdari\Shift_optimisation_system\src\components\data_transformation.py at line number: 38 with error message: Error occurred in file: C:\Users\mrdan\Documents\Data_Science_Notes\Machine_Learning\amdari\Shift_optimisation_system\src\components\data_transformation.py at line number: 25 with error message: "[('shift_efficiency_score',)] not found in axis"
2026-03-17 16:08:05,594 - ERROR - Error occurred in file: C:\Users\mrdan\Documents\Data_Science_Notes\Machine_Learning\amdari\Shift_optimisation_system\app\main.py at line number: 162 with error message: Error occurred in file: C:\Users\mrdan\Documents\Data_Science_Notes\Machine_Learning\amdari\Shift_optimisation_system\src\pipelines\training_pipeline.py at line number: 20 with error message: Error occurred in file: C:\Users\mrdan\Documents\Data_Science_Notes\Machine_Learning\amdari\Shift_optimisation_system\src\components\data_transformation.py at line number: 58 with error message: Error occurred in file: C:\Users\mrdan\Documents\Data_Science_Notes\Machine_Learning\amdari\Shift_optimisation_system\src\components\data_transformation.py at line number: 38 with error message: Error occurred in file: C:\Users\mrdan\Documents\Data_Science_Notes\Machine_Learning\amdari\Shift_optimisation_system\src\components\data_transformation.py at line number: 25 with error message: "[('shift_efficiency_score',)] not found in axis"
2026-03-17 16:08:05,594 - ERROR - Error occurred in file: C:\Users\mrdan\Documents\Data_Science_Notes\Machine_Learning\amdari\Shift_optimisation_system\app\main.py at line number: 162 with error message: Error occurred in file: C:\Users\mrdan\Documents\Data_Science_Notes\Machine_Learning\amdari\Shift_optimisation_system\src\pipelines\training_pipeline.py at line number: 20 with error message: Error occurred in file: C:\Users\mrdan\Documents\Data_Science_Notes\Machine_Learning\amdari\Shift_optimisation_system\src\components\data_transformation.py at line number: 58 with error message: Error occurred in file: C:\Users\mrdan\Documents\Data_Science_Notes\Machine_Learning\amdari\Shift_optimisation_system\src\components\data_transformation.py at line number: 38 with error message: Error occurred in file: C:\Users\mrdan\Documents\Data_Science_Notes\Machine_Learning\amdari\Shift_optimisation_system\src\components\data_transformation.py at line number: 25 with error message: "[('shift_efficiency_score',)] not found in axis"
2026-03-17 16:08:05,594 - ERROR - Error occurred in file: C:\Users\mrdan\Documents\Data_Science_Notes\Machine_Learning\amdari\Shift_optimisation_system\app\main.py at line number: 162 with error message: Error occurred in file: C:\Users\mrdan\Documents\Data_Science_Notes\Machine_Learning\amdari\Shift_optimisation_system\src\pipelines\training_pipeline.py at line number: 20 with error message: Error occurred in file: C:\Users\mrdan\Documents\Data_Science_Notes\Machine_Learning\amdari\Shift_optimisation_system\src\components\data_transformation.py at line number: 58 with error message: Error occurred in file: C:\Users\mrdan\Documents\Data_Science_Notes\Machine_Learning\amdari\Shift_optimisation_system\src\components\data_transformation.py at line number: 38 with error message: Error occurred in file: C:\Users\mrdan\Documents\Data_Science_Notes\Machine_Learning\amdari\Shift_optimisation_system\src\components\data_transformation.py at line number: 25 with error message: "[('shift_efficiency_score',)] not found in axis"
