2026-03-17 16:09:53,895 - DEBUG - Using proactor: IocpProactor
2026-03-17 16:09:53,895 - DEBUG - Using proactor: IocpProactor
2026-03-17 16:09:53,895 - DEBUG - Using proactor: IocpProactor
2026-03-17 16:09:53,895 - DEBUG - Using proactor: IocpProactor
2026-03-17 16:09:58,403 - INFO - Loading data from the database...
2026-03-17 16:09:58,403 - INFO - Loading data from the database...
2026-03-17 16:09:58,403 - INFO - Loading data from the database...
2026-03-17 16:09:58,403 - INFO - Loading data from the database...
2026-03-17 16:09:58,403 - INFO - Loading data from the database...
2026-03-17 16:09:58,410 - INFO - Schema loaded successfully.
2026-03-17 16:09:58,410 - INFO - Schema loaded successfully.
2026-03-17 16:09:58,410 - INFO - Schema loaded successfully.
2026-03-17 16:09:58,410 - INFO - Schema loaded successfully.
2026-03-17 16:09:58,410 - INFO - Schema loaded successfully.
2026-03-17 16:10:02,488 - INFO - Data loaded and saved to artifacts/data/shift_performance_data.csv
2026-03-17 16:10:02,488 - INFO - Data loaded and saved to artifacts/data/shift_performance_data.csv
2026-03-17 16:10:02,488 - INFO - Data loaded and saved to artifacts/data/shift_performance_data.csv
2026-03-17 16:10:02,488 - INFO - Data loaded and saved to artifacts/data/shift_performance_data.csv
2026-03-17 16:10:02,488 - INFO - Data loaded and saved to artifacts/data/shift_performance_data.csv
2026-03-17 16:10:02,492 - INFO - Data loaded successfully.
2026-03-17 16:10:02,492 - INFO - Data loaded successfully.
2026-03-17 16:10:02,492 - INFO - Data loaded successfully.
2026-03-17 16:10:02,492 - INFO - Data loaded successfully.
2026-03-17 16:10:02,492 - INFO - Data loaded successfully.
2026-03-17 16:10:02,495 - INFO - DataValidation class initialized.
2026-03-17 16:10:02,495 - INFO - DataValidation class initialized.
2026-03-17 16:10:02,495 - INFO - DataValidation class initialized.
2026-03-17 16:10:02,495 - INFO - DataValidation class initialized.
2026-03-17 16:10:02,495 - INFO - DataValidation class initialized.
2026-03-17 16:10:02,495 - INFO - DataValidation class initialized.
2026-03-17 16:10:02,498 - INFO - The input DataFrame is not empty.
2026-03-17 16:10:02,498 - INFO - The input DataFrame is not empty.
2026-03-17 16:10:02,498 - INFO - The input DataFrame is not empty.
2026-03-17 16:10:02,498 - INFO - The input DataFrame is not empty.
2026-03-17 16:10:02,498 - INFO - The input DataFrame is not empty.
2026-03-17 16:10:02,498 - INFO - The input DataFrame is not empty.
2026-03-17 16:10:02,602 - ERROR - The input DataFrame contains missing values.
2026-03-17 16:10:02,602 - ERROR - The input DataFrame contains missing values.
2026-03-17 16:10:02,602 - ERROR - The input DataFrame contains missing values.
2026-03-17 16:10:02,602 - ERROR - The input DataFrame contains missing values.
2026-03-17 16:10:02,602 - ERROR - The input DataFrame contains missing values.
2026-03-17 16:10:02,602 - ERROR - The input DataFrame contains missing values.
2026-03-17 16:10:02,826 - INFO - Filled missing values in numeric column 'temperature' with mean.
2026-03-17 16:10:02,826 - INFO - Filled missing values in numeric column 'temperature' with mean.
2026-03-17 16:10:02,826 - INFO - Filled missing values in numeric column 'temperature' with mean.
2026-03-17 16:10:02,826 - INFO - Filled missing values in numeric column 'temperature' with mean.
2026-03-17 16:10:02,826 - INFO - Filled missing values in numeric column 'temperature' with mean.
2026-03-17 16:10:02,826 - INFO - Filled missing values in numeric column 'temperature' with mean.
2026-03-17 16:10:02,835 - INFO - Filled missing values in numeric column 'humidity' with mean.
2026-03-17 16:10:02,835 - INFO - Filled missing values in numeric column 'humidity' with mean.
2026-03-17 16:10:02,835 - INFO - Filled missing values in numeric column 'humidity' with mean.
2026-03-17 16:10:02,835 - INFO - Filled missing values in numeric column 'humidity' with mean.
2026-03-17 16:10:02,835 - INFO - Filled missing values in numeric column 'humidity' with mean.
2026-03-17 16:10:02,835 - INFO - Filled missing values in numeric column 'humidity' with mean.
2026-03-17 16:10:03,236 - ERROR - The input DataFrame contains 252776 duplicate rows.
2026-03-17 16:10:03,236 - ERROR - The input DataFrame contains 252776 duplicate rows.
2026-03-17 16:10:03,236 - ERROR - The input DataFrame contains 252776 duplicate rows.
2026-03-17 16:10:03,236 - ERROR - The input DataFrame contains 252776 duplicate rows.
2026-03-17 16:10:03,236 - ERROR - The input DataFrame contains 252776 duplicate rows.
2026-03-17 16:10:03,236 - ERROR - The input DataFrame contains 252776 duplicate rows.
2026-03-17 16:10:03,596 - INFO - Dropped 252776 duplicate rows from the DataFrame.
2026-03-17 16:10:03,596 - INFO - Dropped 252776 duplicate rows from the DataFrame.
2026-03-17 16:10:03,596 - INFO - Dropped 252776 duplicate rows from the DataFrame.
2026-03-17 16:10:03,596 - INFO - Dropped 252776 duplicate rows from the DataFrame.
2026-03-17 16:10:03,596 - INFO - Dropped 252776 duplicate rows from the DataFrame.
2026-03-17 16:10:03,596 - INFO - Dropped 252776 duplicate rows from the DataFrame.
2026-03-17 16:10:03,616 - INFO - Outlier detection completed.
2026-03-17 16:10:03,616 - INFO - Outlier detection completed.
2026-03-17 16:10:03,616 - INFO - Outlier detection completed.
2026-03-17 16:10:03,616 - INFO - Outlier detection completed.
2026-03-17 16:10:03,616 - INFO - Outlier detection completed.
2026-03-17 16:10:03,616 - INFO - Outlier detection completed.
2026-03-17 16:10:03,638 - INFO - Outlier capping completed.
2026-03-17 16:10:03,638 - INFO - Outlier capping completed.
2026-03-17 16:10:03,638 - INFO - Outlier capping completed.
2026-03-17 16:10:03,638 - INFO - Outlier capping completed.
2026-03-17 16:10:03,638 - INFO - Outlier capping completed.
2026-03-17 16:10:03,638 - INFO - Outlier capping completed.
2026-03-17 16:10:03,981 - INFO - Data validation completed successfully.
2026-03-17 16:10:03,981 - INFO - Data validation completed successfully.
2026-03-17 16:10:03,981 - INFO - Data validation completed successfully.
2026-03-17 16:10:03,981 - INFO - Data validation completed successfully.
2026-03-17 16:10:03,981 - INFO - Data validation completed successfully.
2026-03-17 16:10:03,981 - INFO - Data validation completed successfully.
2026-03-17 16:10:03,986 - INFO - DataTransformation class initialized.
2026-03-17 16:10:03,986 - INFO - DataTransformation class initialized.
2026-03-17 16:10:03,986 - INFO - DataTransformation class initialized.
2026-03-17 16:10:03,986 - INFO - DataTransformation class initialized.
2026-03-17 16:10:03,986 - INFO - DataTransformation class initialized.
2026-03-17 16:10:03,986 - INFO - DataTransformation class initialized.
2026-03-17 16:10:03,986 - INFO - DataTransformation class initialized.
2026-03-17 16:10:03,996 - INFO - Schema loaded successfully.
2026-03-17 16:10:03,996 - INFO - Schema loaded successfully.
2026-03-17 16:10:03,996 - INFO - Schema loaded successfully.
2026-03-17 16:10:03,996 - INFO - Schema loaded successfully.
2026-03-17 16:10:03,996 - INFO - Schema loaded successfully.
2026-03-17 16:10:03,996 - INFO - Schema loaded successfully.
2026-03-17 16:10:03,996 - INFO - Schema loaded successfully.
2026-03-17 16:10:04,000 - INFO - Performing train-test split.
2026-03-17 16:10:04,000 - INFO - Performing train-test split.
2026-03-17 16:10:04,000 - INFO - Performing train-test split.
2026-03-17 16:10:04,000 - INFO - Performing train-test split.
2026-03-17 16:10:04,000 - INFO - Performing train-test split.
2026-03-17 16:10:04,000 - INFO - Performing train-test split.
2026-03-17 16:10:04,000 - INFO - Performing train-test split.
2026-03-17 16:10:04,005 - INFO - Splitting data into training and testing sets.
2026-03-17 16:10:04,005 - INFO - Splitting data into training and testing sets.
2026-03-17 16:10:04,005 - INFO - Splitting data into training and testing sets.
2026-03-17 16:10:04,005 - INFO - Splitting data into training and testing sets.
2026-03-17 16:10:04,005 - INFO - Splitting data into training and testing sets.
2026-03-17 16:10:04,005 - INFO - Splitting data into training and testing sets.
2026-03-17 16:10:04,005 - INFO - Splitting data into training and testing sets.
2026-03-17 16:10:04,043 - INFO - Train-test split completed successfully.
2026-03-17 16:10:04,043 - INFO - Train-test split completed successfully.
2026-03-17 16:10:04,043 - INFO - Train-test split completed successfully.
2026-03-17 16:10:04,043 - INFO - Train-test split completed successfully.
2026-03-17 16:10:04,043 - INFO - Train-test split completed successfully.
2026-03-17 16:10:04,043 - INFO - Train-test split completed successfully.
2026-03-17 16:10:04,043 - INFO - Train-test split completed successfully.
2026-03-17 16:10:04,058 - INFO - Data transformation completed successfully.
2026-03-17 16:10:04,058 - INFO - Data transformation completed successfully.
2026-03-17 16:10:04,058 - INFO - Data transformation completed successfully.
2026-03-17 16:10:04,058 - INFO - Data transformation completed successfully.
2026-03-17 16:10:04,058 - INFO - Data transformation completed successfully.
2026-03-17 16:10:04,058 - INFO - Data transformation completed successfully.
2026-03-17 16:10:04,058 - INFO - Data transformation completed successfully.
2026-03-17 16:10:04,063 - INFO - Initialising ModelTrainer.
2026-03-17 16:10:04,063 - INFO - Initialising ModelTrainer.
2026-03-17 16:10:04,063 - INFO - Initialising ModelTrainer.
2026-03-17 16:10:04,063 - INFO - Initialising ModelTrainer.
2026-03-17 16:10:04,063 - INFO - Initialising ModelTrainer.
2026-03-17 16:10:04,063 - INFO - Initialising ModelTrainer.
2026-03-17 16:10:04,063 - INFO - Initialising ModelTrainer.
2026-03-17 16:10:04,071 - INFO - Schema loaded successfully.
2026-03-17 16:10:04,071 - INFO - Schema loaded successfully.
2026-03-17 16:10:04,071 - INFO - Schema loaded successfully.
2026-03-17 16:10:04,071 - INFO - Schema loaded successfully.
2026-03-17 16:10:04,071 - INFO - Schema loaded successfully.
2026-03-17 16:10:04,071 - INFO - Schema loaded successfully.
2026-03-17 16:10:04,071 - INFO - Schema loaded successfully.
2026-03-17 16:10:04,076 - INFO - Creating model pipeline.
2026-03-17 16:10:04,076 - INFO - Creating model pipeline.
2026-03-17 16:10:04,076 - INFO - Creating model pipeline.
2026-03-17 16:10:04,076 - INFO - Creating model pipeline.
2026-03-17 16:10:04,076 - INFO - Creating model pipeline.
2026-03-17 16:10:04,076 - INFO - Creating model pipeline.
2026-03-17 16:10:04,076 - INFO - Creating model pipeline.
2026-03-17 16:10:04,080 - INFO - Creating data transformation pipeline.
2026-03-17 16:10:04,080 - INFO - Creating data transformation pipeline.
2026-03-17 16:10:04,080 - INFO - Creating data transformation pipeline.
2026-03-17 16:10:04,080 - INFO - Creating data transformation pipeline.
2026-03-17 16:10:04,080 - INFO - Creating data transformation pipeline.
2026-03-17 16:10:04,080 - INFO - Creating data transformation pipeline.
2026-03-17 16:10:04,080 - INFO - Creating data transformation pipeline.
