2026-03-17 15:24:22,690 - DEBUG - Using proactor: IocpProactor
2026-03-17 15:24:22,690 - DEBUG - Using proactor: IocpProactor
2026-03-17 15:24:22,690 - DEBUG - Using proactor: IocpProactor
2026-03-17 15:24:22,690 - DEBUG - Using proactor: IocpProactor
2026-03-17 15:24:31,274 - INFO - Loading data from the database...
2026-03-17 15:24:31,274 - INFO - Loading data from the database...
2026-03-17 15:24:31,274 - INFO - Loading data from the database...
2026-03-17 15:24:31,274 - INFO - Loading data from the database...
2026-03-17 15:24:31,274 - INFO - Loading data from the database...
2026-03-17 15:24:31,288 - INFO - Schema loaded successfully.
2026-03-17 15:24:31,288 - INFO - Schema loaded successfully.
2026-03-17 15:24:31,288 - INFO - Schema loaded successfully.
2026-03-17 15:24:31,288 - INFO - Schema loaded successfully.
2026-03-17 15:24:31,288 - INFO - Schema loaded successfully.
2026-03-17 15:24:35,277 - INFO - Data loaded and saved to artifacts/data/shift_performance_data.csv
2026-03-17 15:24:35,277 - INFO - Data loaded and saved to artifacts/data/shift_performance_data.csv
2026-03-17 15:24:35,277 - INFO - Data loaded and saved to artifacts/data/shift_performance_data.csv
2026-03-17 15:24:35,277 - INFO - Data loaded and saved to artifacts/data/shift_performance_data.csv
2026-03-17 15:24:35,277 - INFO - Data loaded and saved to artifacts/data/shift_performance_data.csv
2026-03-17 15:24:35,284 - INFO - DataValidation class initialized.
2026-03-17 15:24:35,284 - INFO - DataValidation class initialized.
2026-03-17 15:24:35,284 - INFO - DataValidation class initialized.
2026-03-17 15:24:35,284 - INFO - DataValidation class initialized.
2026-03-17 15:24:35,284 - INFO - DataValidation class initialized.
2026-03-17 15:24:35,284 - INFO - DataValidation class initialized.
2026-03-17 15:24:35,293 - INFO - The input DataFrame is not empty.
2026-03-17 15:24:35,293 - INFO - The input DataFrame is not empty.
2026-03-17 15:24:35,293 - INFO - The input DataFrame is not empty.
2026-03-17 15:24:35,293 - INFO - The input DataFrame is not empty.
2026-03-17 15:24:35,293 - INFO - The input DataFrame is not empty.
2026-03-17 15:24:35,293 - INFO - The input DataFrame is not empty.
2026-03-17 15:24:35,405 - ERROR - The input DataFrame contains missing values.
2026-03-17 15:24:35,405 - ERROR - The input DataFrame contains missing values.
2026-03-17 15:24:35,405 - ERROR - The input DataFrame contains missing values.
2026-03-17 15:24:35,405 - ERROR - The input DataFrame contains missing values.
2026-03-17 15:24:35,405 - ERROR - The input DataFrame contains missing values.
2026-03-17 15:24:35,405 - ERROR - The input DataFrame contains missing values.
2026-03-17 15:24:35,706 - INFO - Filled missing values in numeric column 'temperature' with mean.
2026-03-17 15:24:35,706 - INFO - Filled missing values in numeric column 'temperature' with mean.
2026-03-17 15:24:35,706 - INFO - Filled missing values in numeric column 'temperature' with mean.
2026-03-17 15:24:35,706 - INFO - Filled missing values in numeric column 'temperature' with mean.
2026-03-17 15:24:35,706 - INFO - Filled missing values in numeric column 'temperature' with mean.
2026-03-17 15:24:35,706 - INFO - Filled missing values in numeric column 'temperature' with mean.
2026-03-17 15:24:35,718 - INFO - Filled missing values in numeric column 'humidity' with mean.
2026-03-17 15:24:35,718 - INFO - Filled missing values in numeric column 'humidity' with mean.
2026-03-17 15:24:35,718 - INFO - Filled missing values in numeric column 'humidity' with mean.
2026-03-17 15:24:35,718 - INFO - Filled missing values in numeric column 'humidity' with mean.
2026-03-17 15:24:35,718 - INFO - Filled missing values in numeric column 'humidity' with mean.
2026-03-17 15:24:35,718 - INFO - Filled missing values in numeric column 'humidity' with mean.
2026-03-17 15:24:36,126 - ERROR - The input DataFrame contains 252776 duplicate rows.
2026-03-17 15:24:36,126 - ERROR - The input DataFrame contains 252776 duplicate rows.
2026-03-17 15:24:36,126 - ERROR - The input DataFrame contains 252776 duplicate rows.
2026-03-17 15:24:36,126 - ERROR - The input DataFrame contains 252776 duplicate rows.
2026-03-17 15:24:36,126 - ERROR - The input DataFrame contains 252776 duplicate rows.
2026-03-17 15:24:36,126 - ERROR - The input DataFrame contains 252776 duplicate rows.
2026-03-17 15:24:36,460 - INFO - Dropped 252776 duplicate rows from the DataFrame.
2026-03-17 15:24:36,460 - INFO - Dropped 252776 duplicate rows from the DataFrame.
2026-03-17 15:24:36,460 - INFO - Dropped 252776 duplicate rows from the DataFrame.
2026-03-17 15:24:36,460 - INFO - Dropped 252776 duplicate rows from the DataFrame.
2026-03-17 15:24:36,460 - INFO - Dropped 252776 duplicate rows from the DataFrame.
2026-03-17 15:24:36,460 - INFO - Dropped 252776 duplicate rows from the DataFrame.
2026-03-17 15:24:36,484 - INFO - Outlier detection completed.
2026-03-17 15:24:36,484 - INFO - Outlier detection completed.
2026-03-17 15:24:36,484 - INFO - Outlier detection completed.
2026-03-17 15:24:36,484 - INFO - Outlier detection completed.
2026-03-17 15:24:36,484 - INFO - Outlier detection completed.
2026-03-17 15:24:36,484 - INFO - Outlier detection completed.
2026-03-17 15:24:36,509 - INFO - Outlier capping completed.
2026-03-17 15:24:36,509 - INFO - Outlier capping completed.
2026-03-17 15:24:36,509 - INFO - Outlier capping completed.
2026-03-17 15:24:36,509 - INFO - Outlier capping completed.
2026-03-17 15:24:36,509 - INFO - Outlier capping completed.
2026-03-17 15:24:36,509 - INFO - Outlier capping completed.
