2026-03-17 15:22:48,616 - DEBUG - Using proactor: IocpProactor
2026-03-17 15:22:48,616 - DEBUG - Using proactor: IocpProactor
2026-03-17 15:22:48,616 - DEBUG - Using proactor: IocpProactor
2026-03-17 15:22:48,616 - DEBUG - Using proactor: IocpProactor
2026-03-17 15:22:48,742 - INFO - Loading data from the database...
2026-03-17 15:22:48,742 - INFO - Loading data from the database...
2026-03-17 15:22:48,742 - INFO - Loading data from the database...
2026-03-17 15:22:48,742 - INFO - Loading data from the database...
2026-03-17 15:22:48,742 - INFO - Loading data from the database...
2026-03-17 15:22:48,756 - INFO - Schema loaded successfully.
2026-03-17 15:22:48,756 - INFO - Schema loaded successfully.
2026-03-17 15:22:48,756 - INFO - Schema loaded successfully.
2026-03-17 15:22:48,756 - INFO - Schema loaded successfully.
2026-03-17 15:22:48,756 - INFO - Schema loaded successfully.
2026-03-17 15:22:52,580 - INFO - Data loaded and saved to artifacts/data/shift_performance_data.csv
2026-03-17 15:22:52,580 - INFO - Data loaded and saved to artifacts/data/shift_performance_data.csv
2026-03-17 15:22:52,580 - INFO - Data loaded and saved to artifacts/data/shift_performance_data.csv
2026-03-17 15:22:52,580 - INFO - Data loaded and saved to artifacts/data/shift_performance_data.csv
2026-03-17 15:22:52,580 - INFO - Data loaded and saved to artifacts/data/shift_performance_data.csv
2026-03-17 15:22:52,587 - INFO - DataValidation class initialized.
2026-03-17 15:22:52,587 - INFO - DataValidation class initialized.
2026-03-17 15:22:52,587 - INFO - DataValidation class initialized.
2026-03-17 15:22:52,587 - INFO - DataValidation class initialized.
2026-03-17 15:22:52,587 - INFO - DataValidation class initialized.
2026-03-17 15:22:52,587 - INFO - DataValidation class initialized.
2026-03-17 15:22:52,595 - INFO - The input DataFrame is not empty.
2026-03-17 15:22:52,595 - INFO - The input DataFrame is not empty.
2026-03-17 15:22:52,595 - INFO - The input DataFrame is not empty.
2026-03-17 15:22:52,595 - INFO - The input DataFrame is not empty.
2026-03-17 15:22:52,595 - INFO - The input DataFrame is not empty.
2026-03-17 15:22:52,595 - INFO - The input DataFrame is not empty.
2026-03-17 15:22:52,710 - ERROR - The input DataFrame contains missing values.
2026-03-17 15:22:52,710 - ERROR - The input DataFrame contains missing values.
2026-03-17 15:22:52,710 - ERROR - The input DataFrame contains missing values.
2026-03-17 15:22:52,710 - ERROR - The input DataFrame contains missing values.
2026-03-17 15:22:52,710 - ERROR - The input DataFrame contains missing values.
2026-03-17 15:22:52,710 - ERROR - The input DataFrame contains missing values.
