2026-03-17 15:35:01,259 - DEBUG - Using proactor: IocpProactor
2026-03-17 15:35:01,259 - DEBUG - Using proactor: IocpProactor
2026-03-17 15:35:01,259 - DEBUG - Using proactor: IocpProactor
2026-03-17 15:35:01,259 - DEBUG - Using proactor: IocpProactor
2026-03-17 15:35:11,853 - INFO - Loading data from the database...
2026-03-17 15:35:11,853 - INFO - Loading data from the database...
2026-03-17 15:35:11,853 - INFO - Loading data from the database...
2026-03-17 15:35:11,853 - INFO - Loading data from the database...
2026-03-17 15:35:11,853 - INFO - Loading data from the database...
2026-03-17 15:35:11,863 - INFO - Schema loaded successfully.
2026-03-17 15:35:11,863 - INFO - Schema loaded successfully.
2026-03-17 15:35:11,863 - INFO - Schema loaded successfully.
2026-03-17 15:35:11,863 - INFO - Schema loaded successfully.
2026-03-17 15:35:11,863 - INFO - Schema loaded successfully.
2026-03-17 15:35:15,855 - INFO - Data loaded and saved to artifacts/data/shift_performance_data.csv
2026-03-17 15:35:15,855 - INFO - Data loaded and saved to artifacts/data/shift_performance_data.csv
2026-03-17 15:35:15,855 - INFO - Data loaded and saved to artifacts/data/shift_performance_data.csv
2026-03-17 15:35:15,855 - INFO - Data loaded and saved to artifacts/data/shift_performance_data.csv
2026-03-17 15:35:15,855 - INFO - Data loaded and saved to artifacts/data/shift_performance_data.csv
2026-03-17 15:35:15,861 - INFO - DataValidation class initialized.
2026-03-17 15:35:15,861 - INFO - DataValidation class initialized.
2026-03-17 15:35:15,861 - INFO - DataValidation class initialized.
2026-03-17 15:35:15,861 - INFO - DataValidation class initialized.
2026-03-17 15:35:15,861 - INFO - DataValidation class initialized.
2026-03-17 15:35:15,861 - INFO - DataValidation class initialized.
2026-03-17 15:35:15,867 - INFO - The input DataFrame is not empty.
2026-03-17 15:35:15,867 - INFO - The input DataFrame is not empty.
2026-03-17 15:35:15,867 - INFO - The input DataFrame is not empty.
2026-03-17 15:35:15,867 - INFO - The input DataFrame is not empty.
2026-03-17 15:35:15,867 - INFO - The input DataFrame is not empty.
2026-03-17 15:35:15,867 - INFO - The input DataFrame is not empty.
2026-03-17 15:35:15,980 - ERROR - The input DataFrame contains missing values.
2026-03-17 15:35:15,980 - ERROR - The input DataFrame contains missing values.
2026-03-17 15:35:15,980 - ERROR - The input DataFrame contains missing values.
2026-03-17 15:35:15,980 - ERROR - The input DataFrame contains missing values.
2026-03-17 15:35:15,980 - ERROR - The input DataFrame contains missing values.
2026-03-17 15:35:15,980 - ERROR - The input DataFrame contains missing values.
2026-03-17 15:35:16,194 - INFO - Filled missing values in numeric column 'temperature' with mean.
2026-03-17 15:35:16,194 - INFO - Filled missing values in numeric column 'temperature' with mean.
2026-03-17 15:35:16,194 - INFO - Filled missing values in numeric column 'temperature' with mean.
2026-03-17 15:35:16,194 - INFO - Filled missing values in numeric column 'temperature' with mean.
2026-03-17 15:35:16,194 - INFO - Filled missing values in numeric column 'temperature' with mean.
2026-03-17 15:35:16,194 - INFO - Filled missing values in numeric column 'temperature' with mean.
2026-03-17 15:35:16,205 - INFO - Filled missing values in numeric column 'humidity' with mean.
2026-03-17 15:35:16,205 - INFO - Filled missing values in numeric column 'humidity' with mean.
2026-03-17 15:35:16,205 - INFO - Filled missing values in numeric column 'humidity' with mean.
2026-03-17 15:35:16,205 - INFO - Filled missing values in numeric column 'humidity' with mean.
2026-03-17 15:35:16,205 - INFO - Filled missing values in numeric column 'humidity' with mean.
2026-03-17 15:35:16,205 - INFO - Filled missing values in numeric column 'humidity' with mean.
2026-03-17 15:35:16,575 - ERROR - The input DataFrame contains 252776 duplicate rows.
2026-03-17 15:35:16,575 - ERROR - The input DataFrame contains 252776 duplicate rows.
2026-03-17 15:35:16,575 - ERROR - The input DataFrame contains 252776 duplicate rows.
2026-03-17 15:35:16,575 - ERROR - The input DataFrame contains 252776 duplicate rows.
2026-03-17 15:35:16,575 - ERROR - The input DataFrame contains 252776 duplicate rows.
2026-03-17 15:35:16,575 - ERROR - The input DataFrame contains 252776 duplicate rows.
2026-03-17 15:35:16,898 - INFO - Dropped 252776 duplicate rows from the DataFrame.
2026-03-17 15:35:16,898 - INFO - Dropped 252776 duplicate rows from the DataFrame.
2026-03-17 15:35:16,898 - INFO - Dropped 252776 duplicate rows from the DataFrame.
2026-03-17 15:35:16,898 - INFO - Dropped 252776 duplicate rows from the DataFrame.
2026-03-17 15:35:16,898 - INFO - Dropped 252776 duplicate rows from the DataFrame.
2026-03-17 15:35:16,898 - INFO - Dropped 252776 duplicate rows from the DataFrame.
2026-03-17 15:35:16,919 - INFO - Outlier detection completed.
2026-03-17 15:35:16,919 - INFO - Outlier detection completed.
2026-03-17 15:35:16,919 - INFO - Outlier detection completed.
2026-03-17 15:35:16,919 - INFO - Outlier detection completed.
2026-03-17 15:35:16,919 - INFO - Outlier detection completed.
2026-03-17 15:35:16,919 - INFO - Outlier detection completed.
2026-03-17 15:35:16,943 - INFO - Outlier capping completed.
2026-03-17 15:35:16,943 - INFO - Outlier capping completed.
2026-03-17 15:35:16,943 - INFO - Outlier capping completed.
2026-03-17 15:35:16,943 - INFO - Outlier capping completed.
2026-03-17 15:35:16,943 - INFO - Outlier capping completed.
2026-03-17 15:35:16,943 - INFO - Outlier capping completed.
2026-03-17 15:35:38,425 - INFO - Loading data from the database...
2026-03-17 15:35:38,425 - INFO - Loading data from the database...
2026-03-17 15:35:38,425 - INFO - Loading data from the database...
2026-03-17 15:35:38,425 - INFO - Loading data from the database...
2026-03-17 15:35:38,425 - INFO - Loading data from the database...
2026-03-17 15:35:38,425 - INFO - Loading data from the database...
2026-03-17 15:35:38,425 - INFO - Loading data from the database...
2026-03-17 15:35:38,440 - INFO - Schema loaded successfully.
2026-03-17 15:35:38,440 - INFO - Schema loaded successfully.
2026-03-17 15:35:38,440 - INFO - Schema loaded successfully.
2026-03-17 15:35:38,440 - INFO - Schema loaded successfully.
2026-03-17 15:35:38,440 - INFO - Schema loaded successfully.
2026-03-17 15:35:38,440 - INFO - Schema loaded successfully.
2026-03-17 15:35:38,440 - INFO - Schema loaded successfully.
2026-03-17 15:35:42,716 - INFO - Data loaded and saved to artifacts/data/shift_performance_data.csv
2026-03-17 15:35:42,716 - INFO - Data loaded and saved to artifacts/data/shift_performance_data.csv
2026-03-17 15:35:42,716 - INFO - Data loaded and saved to artifacts/data/shift_performance_data.csv
2026-03-17 15:35:42,716 - INFO - Data loaded and saved to artifacts/data/shift_performance_data.csv
2026-03-17 15:35:42,716 - INFO - Data loaded and saved to artifacts/data/shift_performance_data.csv
2026-03-17 15:35:42,716 - INFO - Data loaded and saved to artifacts/data/shift_performance_data.csv
2026-03-17 15:35:42,716 - INFO - Data loaded and saved to artifacts/data/shift_performance_data.csv
2026-03-17 15:35:42,737 - INFO - DataValidation class initialized.
2026-03-17 15:35:42,737 - INFO - DataValidation class initialized.
2026-03-17 15:35:42,737 - INFO - DataValidation class initialized.
2026-03-17 15:35:42,737 - INFO - DataValidation class initialized.
2026-03-17 15:35:42,737 - INFO - DataValidation class initialized.
2026-03-17 15:35:42,737 - INFO - DataValidation class initialized.
2026-03-17 15:35:42,737 - INFO - DataValidation class initialized.
2026-03-17 15:35:42,737 - INFO - DataValidation class initialized.
2026-03-17 15:35:42,749 - INFO - The input DataFrame is not empty.
2026-03-17 15:35:42,749 - INFO - The input DataFrame is not empty.
2026-03-17 15:35:42,749 - INFO - The input DataFrame is not empty.
2026-03-17 15:35:42,749 - INFO - The input DataFrame is not empty.
2026-03-17 15:35:42,749 - INFO - The input DataFrame is not empty.
2026-03-17 15:35:42,749 - INFO - The input DataFrame is not empty.
2026-03-17 15:35:42,749 - INFO - The input DataFrame is not empty.
2026-03-17 15:35:42,749 - INFO - The input DataFrame is not empty.
2026-03-17 15:35:42,872 - ERROR - The input DataFrame contains missing values.
2026-03-17 15:35:42,872 - ERROR - The input DataFrame contains missing values.
2026-03-17 15:35:42,872 - ERROR - The input DataFrame contains missing values.
2026-03-17 15:35:42,872 - ERROR - The input DataFrame contains missing values.
2026-03-17 15:35:42,872 - ERROR - The input DataFrame contains missing values.
2026-03-17 15:35:42,872 - ERROR - The input DataFrame contains missing values.
2026-03-17 15:35:42,872 - ERROR - The input DataFrame contains missing values.
2026-03-17 15:35:42,872 - ERROR - The input DataFrame contains missing values.
2026-03-17 15:35:43,094 - INFO - Filled missing values in numeric column 'temperature' with mean.
2026-03-17 15:35:43,094 - INFO - Filled missing values in numeric column 'temperature' with mean.
2026-03-17 15:35:43,094 - INFO - Filled missing values in numeric column 'temperature' with mean.
2026-03-17 15:35:43,094 - INFO - Filled missing values in numeric column 'temperature' with mean.
2026-03-17 15:35:43,094 - INFO - Filled missing values in numeric column 'temperature' with mean.
2026-03-17 15:35:43,094 - INFO - Filled missing values in numeric column 'temperature' with mean.
2026-03-17 15:35:43,094 - INFO - Filled missing values in numeric column 'temperature' with mean.
2026-03-17 15:35:43,094 - INFO - Filled missing values in numeric column 'temperature' with mean.
2026-03-17 15:35:43,109 - INFO - Filled missing values in numeric column 'humidity' with mean.
2026-03-17 15:35:43,109 - INFO - Filled missing values in numeric column 'humidity' with mean.
2026-03-17 15:35:43,109 - INFO - Filled missing values in numeric column 'humidity' with mean.
2026-03-17 15:35:43,109 - INFO - Filled missing values in numeric column 'humidity' with mean.
2026-03-17 15:35:43,109 - INFO - Filled missing values in numeric column 'humidity' with mean.
2026-03-17 15:35:43,109 - INFO - Filled missing values in numeric column 'humidity' with mean.
2026-03-17 15:35:43,109 - INFO - Filled missing values in numeric column 'humidity' with mean.
2026-03-17 15:35:43,109 - INFO - Filled missing values in numeric column 'humidity' with mean.
2026-03-17 15:35:43,485 - ERROR - The input DataFrame contains 252776 duplicate rows.
2026-03-17 15:35:43,485 - ERROR - The input DataFrame contains 252776 duplicate rows.
2026-03-17 15:35:43,485 - ERROR - The input DataFrame contains 252776 duplicate rows.
2026-03-17 15:35:43,485 - ERROR - The input DataFrame contains 252776 duplicate rows.
2026-03-17 15:35:43,485 - ERROR - The input DataFrame contains 252776 duplicate rows.
2026-03-17 15:35:43,485 - ERROR - The input DataFrame contains 252776 duplicate rows.
2026-03-17 15:35:43,485 - ERROR - The input DataFrame contains 252776 duplicate rows.
2026-03-17 15:35:43,485 - ERROR - The input DataFrame contains 252776 duplicate rows.
2026-03-17 15:35:43,823 - INFO - Dropped 252776 duplicate rows from the DataFrame.
2026-03-17 15:35:43,823 - INFO - Dropped 252776 duplicate rows from the DataFrame.
2026-03-17 15:35:43,823 - INFO - Dropped 252776 duplicate rows from the DataFrame.
2026-03-17 15:35:43,823 - INFO - Dropped 252776 duplicate rows from the DataFrame.
2026-03-17 15:35:43,823 - INFO - Dropped 252776 duplicate rows from the DataFrame.
2026-03-17 15:35:43,823 - INFO - Dropped 252776 duplicate rows from the DataFrame.
2026-03-17 15:35:43,823 - INFO - Dropped 252776 duplicate rows from the DataFrame.
2026-03-17 15:35:43,823 - INFO - Dropped 252776 duplicate rows from the DataFrame.
2026-03-17 15:35:43,852 - INFO - Outlier detection completed.
2026-03-17 15:35:43,852 - INFO - Outlier detection completed.
2026-03-17 15:35:43,852 - INFO - Outlier detection completed.
2026-03-17 15:35:43,852 - INFO - Outlier detection completed.
2026-03-17 15:35:43,852 - INFO - Outlier detection completed.
2026-03-17 15:35:43,852 - INFO - Outlier detection completed.
2026-03-17 15:35:43,852 - INFO - Outlier detection completed.
2026-03-17 15:35:43,852 - INFO - Outlier detection completed.
2026-03-17 15:35:43,879 - INFO - Outlier capping completed.
2026-03-17 15:35:43,879 - INFO - Outlier capping completed.
2026-03-17 15:35:43,879 - INFO - Outlier capping completed.
2026-03-17 15:35:43,879 - INFO - Outlier capping completed.
2026-03-17 15:35:43,879 - INFO - Outlier capping completed.
2026-03-17 15:35:43,879 - INFO - Outlier capping completed.
2026-03-17 15:35:43,879 - INFO - Outlier capping completed.
2026-03-17 15:35:43,879 - INFO - Outlier capping completed.
