2026-03-17 15:36:56,258 - DEBUG - Using proactor: IocpProactor
2026-03-17 15:36:56,258 - DEBUG - Using proactor: IocpProactor
2026-03-17 15:36:56,258 - DEBUG - Using proactor: IocpProactor
2026-03-17 15:36:56,258 - DEBUG - Using proactor: IocpProactor
2026-03-17 15:37:00,996 - INFO - Loading data from the database...
2026-03-17 15:37:00,996 - INFO - Loading data from the database...
2026-03-17 15:37:00,996 - INFO - Loading data from the database...
2026-03-17 15:37:00,996 - INFO - Loading data from the database...
2026-03-17 15:37:00,996 - INFO - Loading data from the database...
2026-03-17 15:37:01,017 - INFO - Schema loaded successfully.
2026-03-17 15:37:01,017 - INFO - Schema loaded successfully.
2026-03-17 15:37:01,017 - INFO - Schema loaded successfully.
2026-03-17 15:37:01,017 - INFO - Schema loaded successfully.
2026-03-17 15:37:01,017 - INFO - Schema loaded successfully.
2026-03-17 15:37:05,030 - INFO - Data loaded and saved to artifacts/data/shift_performance_data.csv
2026-03-17 15:37:05,030 - INFO - Data loaded and saved to artifacts/data/shift_performance_data.csv
2026-03-17 15:37:05,030 - INFO - Data loaded and saved to artifacts/data/shift_performance_data.csv
2026-03-17 15:37:05,030 - INFO - Data loaded and saved to artifacts/data/shift_performance_data.csv
2026-03-17 15:37:05,030 - INFO - Data loaded and saved to artifacts/data/shift_performance_data.csv
2026-03-17 15:37:05,038 - INFO - DataValidation class initialized.
2026-03-17 15:37:05,038 - INFO - DataValidation class initialized.
2026-03-17 15:37:05,038 - INFO - DataValidation class initialized.
2026-03-17 15:37:05,038 - INFO - DataValidation class initialized.
2026-03-17 15:37:05,038 - INFO - DataValidation class initialized.
2026-03-17 15:37:05,038 - INFO - DataValidation class initialized.
2026-03-17 15:37:05,045 - INFO - The input DataFrame is not empty.
2026-03-17 15:37:05,045 - INFO - The input DataFrame is not empty.
2026-03-17 15:37:05,045 - INFO - The input DataFrame is not empty.
2026-03-17 15:37:05,045 - INFO - The input DataFrame is not empty.
2026-03-17 15:37:05,045 - INFO - The input DataFrame is not empty.
2026-03-17 15:37:05,045 - INFO - The input DataFrame is not empty.
2026-03-17 15:37:05,167 - ERROR - The input DataFrame contains missing values.
2026-03-17 15:37:05,167 - ERROR - The input DataFrame contains missing values.
2026-03-17 15:37:05,167 - ERROR - The input DataFrame contains missing values.
2026-03-17 15:37:05,167 - ERROR - The input DataFrame contains missing values.
2026-03-17 15:37:05,167 - ERROR - The input DataFrame contains missing values.
2026-03-17 15:37:05,167 - ERROR - The input DataFrame contains missing values.
2026-03-17 15:37:05,411 - INFO - Filled missing values in numeric column 'temperature' with mean.
2026-03-17 15:37:05,411 - INFO - Filled missing values in numeric column 'temperature' with mean.
2026-03-17 15:37:05,411 - INFO - Filled missing values in numeric column 'temperature' with mean.
2026-03-17 15:37:05,411 - INFO - Filled missing values in numeric column 'temperature' with mean.
2026-03-17 15:37:05,411 - INFO - Filled missing values in numeric column 'temperature' with mean.
2026-03-17 15:37:05,411 - INFO - Filled missing values in numeric column 'temperature' with mean.
2026-03-17 15:37:05,424 - INFO - Filled missing values in numeric column 'humidity' with mean.
2026-03-17 15:37:05,424 - INFO - Filled missing values in numeric column 'humidity' with mean.
2026-03-17 15:37:05,424 - INFO - Filled missing values in numeric column 'humidity' with mean.
2026-03-17 15:37:05,424 - INFO - Filled missing values in numeric column 'humidity' with mean.
2026-03-17 15:37:05,424 - INFO - Filled missing values in numeric column 'humidity' with mean.
2026-03-17 15:37:05,424 - INFO - Filled missing values in numeric column 'humidity' with mean.
2026-03-17 15:37:05,848 - ERROR - The input DataFrame contains 252776 duplicate rows.
2026-03-17 15:37:05,848 - ERROR - The input DataFrame contains 252776 duplicate rows.
2026-03-17 15:37:05,848 - ERROR - The input DataFrame contains 252776 duplicate rows.
2026-03-17 15:37:05,848 - ERROR - The input DataFrame contains 252776 duplicate rows.
2026-03-17 15:37:05,848 - ERROR - The input DataFrame contains 252776 duplicate rows.
2026-03-17 15:37:05,848 - ERROR - The input DataFrame contains 252776 duplicate rows.
2026-03-17 15:37:06,172 - INFO - Dropped 252776 duplicate rows from the DataFrame.
2026-03-17 15:37:06,172 - INFO - Dropped 252776 duplicate rows from the DataFrame.
2026-03-17 15:37:06,172 - INFO - Dropped 252776 duplicate rows from the DataFrame.
2026-03-17 15:37:06,172 - INFO - Dropped 252776 duplicate rows from the DataFrame.
2026-03-17 15:37:06,172 - INFO - Dropped 252776 duplicate rows from the DataFrame.
2026-03-17 15:37:06,172 - INFO - Dropped 252776 duplicate rows from the DataFrame.
2026-03-17 15:37:06,196 - INFO - Outlier detection completed.
2026-03-17 15:37:06,196 - INFO - Outlier detection completed.
2026-03-17 15:37:06,196 - INFO - Outlier detection completed.
2026-03-17 15:37:06,196 - INFO - Outlier detection completed.
2026-03-17 15:37:06,196 - INFO - Outlier detection completed.
2026-03-17 15:37:06,196 - INFO - Outlier detection completed.
2026-03-17 15:37:06,223 - INFO - Outlier capping completed.
2026-03-17 15:37:06,223 - INFO - Outlier capping completed.
2026-03-17 15:37:06,223 - INFO - Outlier capping completed.
2026-03-17 15:37:06,223 - INFO - Outlier capping completed.
2026-03-17 15:37:06,223 - INFO - Outlier capping completed.
2026-03-17 15:37:06,223 - INFO - Outlier capping completed.
2026-03-17 15:37:06,654 - INFO - Loading model from MLFlow registry.
2026-03-17 15:37:06,654 - INFO - Loading model from MLFlow registry.
2026-03-17 15:37:06,654 - INFO - Loading model from MLFlow registry.
2026-03-17 15:37:06,654 - INFO - Loading model from MLFlow registry.
2026-03-17 15:37:06,654 - INFO - Loading model from MLFlow registry.
2026-03-17 15:37:06,654 - INFO - Loading model from MLFlow registry.
2026-03-17 15:37:06,763 - DEBUG - Starting new HTTPS connection (1): dagshub.com:443
2026-03-17 15:37:06,763 - DEBUG - Starting new HTTPS connection (1): dagshub.com:443
2026-03-17 15:37:06,763 - DEBUG - Starting new HTTPS connection (1): dagshub.com:443
2026-03-17 15:37:06,763 - DEBUG - Starting new HTTPS connection (1): dagshub.com:443
2026-03-17 15:37:06,763 - DEBUG - Starting new HTTPS connection (1): dagshub.com:443
2026-03-17 15:37:06,763 - DEBUG - Starting new HTTPS connection (1): dagshub.com:443
2026-03-17 15:37:07,636 - DEBUG - https://dagshub.com:443 "POST /mrDanbatta/shift-optimisation-system.mlflow/api/2.0/mlflow/registered-models/get-latest-versions HTTP/1.1" 404 None
2026-03-17 15:37:07,636 - DEBUG - https://dagshub.com:443 "POST /mrDanbatta/shift-optimisation-system.mlflow/api/2.0/mlflow/registered-models/get-latest-versions HTTP/1.1" 404 None
2026-03-17 15:37:07,636 - DEBUG - https://dagshub.com:443 "POST /mrDanbatta/shift-optimisation-system.mlflow/api/2.0/mlflow/registered-models/get-latest-versions HTTP/1.1" 404 None
2026-03-17 15:37:07,636 - DEBUG - https://dagshub.com:443 "POST /mrDanbatta/shift-optimisation-system.mlflow/api/2.0/mlflow/registered-models/get-latest-versions HTTP/1.1" 404 None
2026-03-17 15:37:07,636 - DEBUG - https://dagshub.com:443 "POST /mrDanbatta/shift-optimisation-system.mlflow/api/2.0/mlflow/registered-models/get-latest-versions HTTP/1.1" 404 None
2026-03-17 15:37:07,636 - DEBUG - https://dagshub.com:443 "POST /mrDanbatta/shift-optimisation-system.mlflow/api/2.0/mlflow/registered-models/get-latest-versions HTTP/1.1" 404 None
2026-03-17 15:37:07,658 - ERROR - Error loading model: RESOURCE_DOES_NOT_EXIST: Response: {'error_code': 'RESOURCE_DOES_NOT_EXIST'}
2026-03-17 15:37:07,658 - ERROR - Error loading model: RESOURCE_DOES_NOT_EXIST: Response: {'error_code': 'RESOURCE_DOES_NOT_EXIST'}
2026-03-17 15:37:07,658 - ERROR - Error loading model: RESOURCE_DOES_NOT_EXIST: Response: {'error_code': 'RESOURCE_DOES_NOT_EXIST'}
2026-03-17 15:37:07,658 - ERROR - Error loading model: RESOURCE_DOES_NOT_EXIST: Response: {'error_code': 'RESOURCE_DOES_NOT_EXIST'}
2026-03-17 15:37:07,658 - ERROR - Error loading model: RESOURCE_DOES_NOT_EXIST: Response: {'error_code': 'RESOURCE_DOES_NOT_EXIST'}
2026-03-17 15:37:07,658 - ERROR - Error loading model: RESOURCE_DOES_NOT_EXIST: Response: {'error_code': 'RESOURCE_DOES_NOT_EXIST'}
2026-03-17 15:37:07,670 - ERROR - Error occurred in file: C:\Users\mrdan\Documents\Data_Science_Notes\Machine_Learning\amdari\Shift_optimisation_system\app\main.py at line number: 35 with error message: RESOURCE_DOES_NOT_EXIST: Response: {'error_code': 'RESOURCE_DOES_NOT_EXIST'}
2026-03-17 15:37:07,670 - ERROR - Error occurred in file: C:\Users\mrdan\Documents\Data_Science_Notes\Machine_Learning\amdari\Shift_optimisation_system\app\main.py at line number: 35 with error message: RESOURCE_DOES_NOT_EXIST: Response: {'error_code': 'RESOURCE_DOES_NOT_EXIST'}
2026-03-17 15:37:07,670 - ERROR - Error occurred in file: C:\Users\mrdan\Documents\Data_Science_Notes\Machine_Learning\amdari\Shift_optimisation_system\app\main.py at line number: 35 with error message: RESOURCE_DOES_NOT_EXIST: Response: {'error_code': 'RESOURCE_DOES_NOT_EXIST'}
2026-03-17 15:37:07,670 - ERROR - Error occurred in file: C:\Users\mrdan\Documents\Data_Science_Notes\Machine_Learning\amdari\Shift_optimisation_system\app\main.py at line number: 35 with error message: RESOURCE_DOES_NOT_EXIST: Response: {'error_code': 'RESOURCE_DOES_NOT_EXIST'}
2026-03-17 15:37:07,670 - ERROR - Error occurred in file: C:\Users\mrdan\Documents\Data_Science_Notes\Machine_Learning\amdari\Shift_optimisation_system\app\main.py at line number: 35 with error message: RESOURCE_DOES_NOT_EXIST: Response: {'error_code': 'RESOURCE_DOES_NOT_EXIST'}
2026-03-17 15:37:07,670 - ERROR - Error occurred in file: C:\Users\mrdan\Documents\Data_Science_Notes\Machine_Learning\amdari\Shift_optimisation_system\app\main.py at line number: 35 with error message: RESOURCE_DOES_NOT_EXIST: Response: {'error_code': 'RESOURCE_DOES_NOT_EXIST'}
2026-03-17 15:37:07,681 - ERROR - Error occurred in file: C:\Users\mrdan\Documents\Data_Science_Notes\Machine_Learning\amdari\Shift_optimisation_system\app\main.py at line number: 35 with error message: RESOURCE_DOES_NOT_EXIST: Response: {'error_code': 'RESOURCE_DOES_NOT_EXIST'}
2026-03-17 15:37:07,681 - ERROR - Error occurred in file: C:\Users\mrdan\Documents\Data_Science_Notes\Machine_Learning\amdari\Shift_optimisation_system\app\main.py at line number: 35 with error message: RESOURCE_DOES_NOT_EXIST: Response: {'error_code': 'RESOURCE_DOES_NOT_EXIST'}
2026-03-17 15:37:07,681 - ERROR - Error occurred in file: C:\Users\mrdan\Documents\Data_Science_Notes\Machine_Learning\amdari\Shift_optimisation_system\app\main.py at line number: 35 with error message: RESOURCE_DOES_NOT_EXIST: Response: {'error_code': 'RESOURCE_DOES_NOT_EXIST'}
2026-03-17 15:37:07,681 - ERROR - Error occurred in file: C:\Users\mrdan\Documents\Data_Science_Notes\Machine_Learning\amdari\Shift_optimisation_system\app\main.py at line number: 35 with error message: RESOURCE_DOES_NOT_EXIST: Response: {'error_code': 'RESOURCE_DOES_NOT_EXIST'}
2026-03-17 15:37:07,681 - ERROR - Error occurred in file: C:\Users\mrdan\Documents\Data_Science_Notes\Machine_Learning\amdari\Shift_optimisation_system\app\main.py at line number: 35 with error message: RESOURCE_DOES_NOT_EXIST: Response: {'error_code': 'RESOURCE_DOES_NOT_EXIST'}
2026-03-17 15:37:07,681 - ERROR - Error occurred in file: C:\Users\mrdan\Documents\Data_Science_Notes\Machine_Learning\amdari\Shift_optimisation_system\app\main.py at line number: 35 with error message: RESOURCE_DOES_NOT_EXIST: Response: {'error_code': 'RESOURCE_DOES_NOT_EXIST'}
2026-03-17 15:37:07,691 - ERROR - Error during prediction: Error occurred in file: C:\Users\mrdan\Documents\Data_Science_Notes\Machine_Learning\amdari\Shift_optimisation_system\app\main.py at line number: 35 with error message: RESOURCE_DOES_NOT_EXIST: Response: {'error_code': 'RESOURCE_DOES_NOT_EXIST'}
2026-03-17 15:37:07,691 - ERROR - Error during prediction: Error occurred in file: C:\Users\mrdan\Documents\Data_Science_Notes\Machine_Learning\amdari\Shift_optimisation_system\app\main.py at line number: 35 with error message: RESOURCE_DOES_NOT_EXIST: Response: {'error_code': 'RESOURCE_DOES_NOT_EXIST'}
2026-03-17 15:37:07,691 - ERROR - Error during prediction: Error occurred in file: C:\Users\mrdan\Documents\Data_Science_Notes\Machine_Learning\amdari\Shift_optimisation_system\app\main.py at line number: 35 with error message: RESOURCE_DOES_NOT_EXIST: Response: {'error_code': 'RESOURCE_DOES_NOT_EXIST'}
2026-03-17 15:37:07,691 - ERROR - Error during prediction: Error occurred in file: C:\Users\mrdan\Documents\Data_Science_Notes\Machine_Learning\amdari\Shift_optimisation_system\app\main.py at line number: 35 with error message: RESOURCE_DOES_NOT_EXIST: Response: {'error_code': 'RESOURCE_DOES_NOT_EXIST'}
2026-03-17 15:37:07,691 - ERROR - Error during prediction: Error occurred in file: C:\Users\mrdan\Documents\Data_Science_Notes\Machine_Learning\amdari\Shift_optimisation_system\app\main.py at line number: 35 with error message: RESOURCE_DOES_NOT_EXIST: Response: {'error_code': 'RESOURCE_DOES_NOT_EXIST'}
2026-03-17 15:37:07,691 - ERROR - Error during prediction: Error occurred in file: C:\Users\mrdan\Documents\Data_Science_Notes\Machine_Learning\amdari\Shift_optimisation_system\app\main.py at line number: 35 with error message: RESOURCE_DOES_NOT_EXIST: Response: {'error_code': 'RESOURCE_DOES_NOT_EXIST'}
