2026-03-17 15:58:08,584 - DEBUG - Using proactor: IocpProactor
2026-03-17 15:58:08,584 - DEBUG - Using proactor: IocpProactor
2026-03-17 15:58:08,584 - DEBUG - Using proactor: IocpProactor
2026-03-17 15:58:08,584 - DEBUG - Using proactor: IocpProactor
2026-03-17 15:58:14,924 - INFO - Loading data from the database...
2026-03-17 15:58:14,924 - INFO - Loading data from the database...
2026-03-17 15:58:14,924 - INFO - Loading data from the database...
2026-03-17 15:58:14,924 - INFO - Loading data from the database...
2026-03-17 15:58:14,924 - INFO - Loading data from the database...
2026-03-17 15:58:14,933 - INFO - Schema loaded successfully.
2026-03-17 15:58:14,933 - INFO - Schema loaded successfully.
2026-03-17 15:58:14,933 - INFO - Schema loaded successfully.
2026-03-17 15:58:14,933 - INFO - Schema loaded successfully.
2026-03-17 15:58:14,933 - INFO - Schema loaded successfully.
2026-03-17 15:58:18,686 - INFO - Data loaded and saved to artifacts/data/shift_performance_data.csv
2026-03-17 15:58:18,686 - INFO - Data loaded and saved to artifacts/data/shift_performance_data.csv
2026-03-17 15:58:18,686 - INFO - Data loaded and saved to artifacts/data/shift_performance_data.csv
2026-03-17 15:58:18,686 - INFO - Data loaded and saved to artifacts/data/shift_performance_data.csv
2026-03-17 15:58:18,686 - INFO - Data loaded and saved to artifacts/data/shift_performance_data.csv
2026-03-17 15:58:18,691 - INFO - Data loaded successfully.
2026-03-17 15:58:18,691 - INFO - Data loaded successfully.
2026-03-17 15:58:18,691 - INFO - Data loaded successfully.
2026-03-17 15:58:18,691 - INFO - Data loaded successfully.
2026-03-17 15:58:18,691 - INFO - Data loaded successfully.
2026-03-17 15:58:18,695 - INFO - DataValidation class initialized.
2026-03-17 15:58:18,695 - INFO - DataValidation class initialized.
2026-03-17 15:58:18,695 - INFO - DataValidation class initialized.
2026-03-17 15:58:18,695 - INFO - DataValidation class initialized.
2026-03-17 15:58:18,695 - INFO - DataValidation class initialized.
2026-03-17 15:58:18,695 - INFO - DataValidation class initialized.
2026-03-17 15:58:18,699 - INFO - The input DataFrame is not empty.
2026-03-17 15:58:18,699 - INFO - The input DataFrame is not empty.
2026-03-17 15:58:18,699 - INFO - The input DataFrame is not empty.
2026-03-17 15:58:18,699 - INFO - The input DataFrame is not empty.
2026-03-17 15:58:18,699 - INFO - The input DataFrame is not empty.
2026-03-17 15:58:18,699 - INFO - The input DataFrame is not empty.
2026-03-17 15:58:18,805 - ERROR - The input DataFrame contains missing values.
2026-03-17 15:58:18,805 - ERROR - The input DataFrame contains missing values.
2026-03-17 15:58:18,805 - ERROR - The input DataFrame contains missing values.
2026-03-17 15:58:18,805 - ERROR - The input DataFrame contains missing values.
2026-03-17 15:58:18,805 - ERROR - The input DataFrame contains missing values.
2026-03-17 15:58:18,805 - ERROR - The input DataFrame contains missing values.
2026-03-17 15:58:19,026 - INFO - Filled missing values in numeric column 'temperature' with mean.
2026-03-17 15:58:19,026 - INFO - Filled missing values in numeric column 'temperature' with mean.
2026-03-17 15:58:19,026 - INFO - Filled missing values in numeric column 'temperature' with mean.
2026-03-17 15:58:19,026 - INFO - Filled missing values in numeric column 'temperature' with mean.
2026-03-17 15:58:19,026 - INFO - Filled missing values in numeric column 'temperature' with mean.
2026-03-17 15:58:19,026 - INFO - Filled missing values in numeric column 'temperature' with mean.
2026-03-17 15:58:19,033 - INFO - Filled missing values in numeric column 'humidity' with mean.
2026-03-17 15:58:19,033 - INFO - Filled missing values in numeric column 'humidity' with mean.
2026-03-17 15:58:19,033 - INFO - Filled missing values in numeric column 'humidity' with mean.
2026-03-17 15:58:19,033 - INFO - Filled missing values in numeric column 'humidity' with mean.
2026-03-17 15:58:19,033 - INFO - Filled missing values in numeric column 'humidity' with mean.
2026-03-17 15:58:19,033 - INFO - Filled missing values in numeric column 'humidity' with mean.
2026-03-17 15:58:19,407 - ERROR - The input DataFrame contains 252776 duplicate rows.
2026-03-17 15:58:19,407 - ERROR - The input DataFrame contains 252776 duplicate rows.
2026-03-17 15:58:19,407 - ERROR - The input DataFrame contains 252776 duplicate rows.
2026-03-17 15:58:19,407 - ERROR - The input DataFrame contains 252776 duplicate rows.
2026-03-17 15:58:19,407 - ERROR - The input DataFrame contains 252776 duplicate rows.
2026-03-17 15:58:19,407 - ERROR - The input DataFrame contains 252776 duplicate rows.
2026-03-17 15:58:19,727 - INFO - Dropped 252776 duplicate rows from the DataFrame.
2026-03-17 15:58:19,727 - INFO - Dropped 252776 duplicate rows from the DataFrame.
2026-03-17 15:58:19,727 - INFO - Dropped 252776 duplicate rows from the DataFrame.
2026-03-17 15:58:19,727 - INFO - Dropped 252776 duplicate rows from the DataFrame.
2026-03-17 15:58:19,727 - INFO - Dropped 252776 duplicate rows from the DataFrame.
2026-03-17 15:58:19,727 - INFO - Dropped 252776 duplicate rows from the DataFrame.
2026-03-17 15:58:19,746 - INFO - Outlier detection completed.
2026-03-17 15:58:19,746 - INFO - Outlier detection completed.
2026-03-17 15:58:19,746 - INFO - Outlier detection completed.
2026-03-17 15:58:19,746 - INFO - Outlier detection completed.
2026-03-17 15:58:19,746 - INFO - Outlier detection completed.
2026-03-17 15:58:19,746 - INFO - Outlier detection completed.
2026-03-17 15:58:19,765 - INFO - Outlier capping completed.
2026-03-17 15:58:19,765 - INFO - Outlier capping completed.
2026-03-17 15:58:19,765 - INFO - Outlier capping completed.
2026-03-17 15:58:19,765 - INFO - Outlier capping completed.
2026-03-17 15:58:19,765 - INFO - Outlier capping completed.
2026-03-17 15:58:19,765 - INFO - Outlier capping completed.
2026-03-17 15:58:20,097 - INFO - Data validation completed successfully.
2026-03-17 15:58:20,097 - INFO - Data validation completed successfully.
2026-03-17 15:58:20,097 - INFO - Data validation completed successfully.
2026-03-17 15:58:20,097 - INFO - Data validation completed successfully.
2026-03-17 15:58:20,097 - INFO - Data validation completed successfully.
2026-03-17 15:58:20,097 - INFO - Data validation completed successfully.
2026-03-17 15:58:20,101 - INFO - DataTransformation class initialized.
2026-03-17 15:58:20,101 - INFO - DataTransformation class initialized.
2026-03-17 15:58:20,101 - INFO - DataTransformation class initialized.
2026-03-17 15:58:20,101 - INFO - DataTransformation class initialized.
2026-03-17 15:58:20,101 - INFO - DataTransformation class initialized.
2026-03-17 15:58:20,101 - INFO - DataTransformation class initialized.
2026-03-17 15:58:20,101 - INFO - DataTransformation class initialized.
2026-03-17 15:58:20,108 - INFO - Schema loaded successfully.
2026-03-17 15:58:20,108 - INFO - Schema loaded successfully.
2026-03-17 15:58:20,108 - INFO - Schema loaded successfully.
2026-03-17 15:58:20,108 - INFO - Schema loaded successfully.
2026-03-17 15:58:20,108 - INFO - Schema loaded successfully.
2026-03-17 15:58:20,108 - INFO - Schema loaded successfully.
2026-03-17 15:58:20,108 - INFO - Schema loaded successfully.
2026-03-17 15:58:20,112 - INFO - Performing train-test split.
2026-03-17 15:58:20,112 - INFO - Performing train-test split.
2026-03-17 15:58:20,112 - INFO - Performing train-test split.
2026-03-17 15:58:20,112 - INFO - Performing train-test split.
2026-03-17 15:58:20,112 - INFO - Performing train-test split.
2026-03-17 15:58:20,112 - INFO - Performing train-test split.
2026-03-17 15:58:20,112 - INFO - Performing train-test split.
2026-03-17 15:58:20,116 - INFO - Splitting data into training and testing sets.
2026-03-17 15:58:20,116 - INFO - Splitting data into training and testing sets.
2026-03-17 15:58:20,116 - INFO - Splitting data into training and testing sets.
2026-03-17 15:58:20,116 - INFO - Splitting data into training and testing sets.
2026-03-17 15:58:20,116 - INFO - Splitting data into training and testing sets.
2026-03-17 15:58:20,116 - INFO - Splitting data into training and testing sets.
2026-03-17 15:58:20,116 - INFO - Splitting data into training and testing sets.
2026-03-17 15:58:20,120 - ERROR - Error splitting data: "[('shift_efficiency_score',)] not found in axis"
2026-03-17 15:58:20,120 - ERROR - Error splitting data: "[('shift_efficiency_score',)] not found in axis"
2026-03-17 15:58:20,120 - ERROR - Error splitting data: "[('shift_efficiency_score',)] not found in axis"
2026-03-17 15:58:20,120 - ERROR - Error splitting data: "[('shift_efficiency_score',)] not found in axis"
2026-03-17 15:58:20,120 - ERROR - Error splitting data: "[('shift_efficiency_score',)] not found in axis"
2026-03-17 15:58:20,120 - ERROR - Error splitting data: "[('shift_efficiency_score',)] not found in axis"
2026-03-17 15:58:20,120 - ERROR - Error splitting data: "[('shift_efficiency_score',)] not found in axis"
2026-03-17 15:58:20,124 - ERROR - Error occurred in file: C:\Users\mrdan\Documents\Data_Science_Notes\Machine_Learning\amdari\Shift_optimisation_system\src\components\data_transformation.py at line number: 25 with error message: "[('shift_efficiency_score',)] not found in axis"
2026-03-17 15:58:20,124 - ERROR - Error occurred in file: C:\Users\mrdan\Documents\Data_Science_Notes\Machine_Learning\amdari\Shift_optimisation_system\src\components\data_transformation.py at line number: 25 with error message: "[('shift_efficiency_score',)] not found in axis"
2026-03-17 15:58:20,124 - ERROR - Error occurred in file: C:\Users\mrdan\Documents\Data_Science_Notes\Machine_Learning\amdari\Shift_optimisation_system\src\components\data_transformation.py at line number: 25 with error message: "[('shift_efficiency_score',)] not found in axis"
2026-03-17 15:58:20,124 - ERROR - Error occurred in file: C:\Users\mrdan\Documents\Data_Science_Notes\Machine_Learning\amdari\Shift_optimisation_system\src\components\data_transformation.py at line number: 25 with error message: "[('shift_efficiency_score',)] not found in axis"
2026-03-17 15:58:20,124 - ERROR - Error occurred in file: C:\Users\mrdan\Documents\Data_Science_Notes\Machine_Learning\amdari\Shift_optimisation_system\src\components\data_transformation.py at line number: 25 with error message: "[('shift_efficiency_score',)] not found in axis"
2026-03-17 15:58:20,124 - ERROR - Error occurred in file: C:\Users\mrdan\Documents\Data_Science_Notes\Machine_Learning\amdari\Shift_optimisation_system\src\components\data_transformation.py at line number: 25 with error message: "[('shift_efficiency_score',)] not found in axis"
2026-03-17 15:58:20,124 - ERROR - Error occurred in file: C:\Users\mrdan\Documents\Data_Science_Notes\Machine_Learning\amdari\Shift_optimisation_system\src\components\data_transformation.py at line number: 25 with error message: "[('shift_efficiency_score',)] not found in axis"
2026-03-17 15:58:20,128 - ERROR - Error occurred in file: C:\Users\mrdan\Documents\Data_Science_Notes\Machine_Learning\amdari\Shift_optimisation_system\src\components\data_transformation.py at line number: 25 with error message: "[('shift_efficiency_score',)] not found in axis"
2026-03-17 15:58:20,128 - ERROR - Error occurred in file: C:\Users\mrdan\Documents\Data_Science_Notes\Machine_Learning\amdari\Shift_optimisation_system\src\components\data_transformation.py at line number: 25 with error message: "[('shift_efficiency_score',)] not found in axis"
2026-03-17 15:58:20,128 - ERROR - Error occurred in file: C:\Users\mrdan\Documents\Data_Science_Notes\Machine_Learning\amdari\Shift_optimisation_system\src\components\data_transformation.py at line number: 25 with error message: "[('shift_efficiency_score',)] not found in axis"
2026-03-17 15:58:20,128 - ERROR - Error occurred in file: C:\Users\mrdan\Documents\Data_Science_Notes\Machine_Learning\amdari\Shift_optimisation_system\src\components\data_transformation.py at line number: 25 with error message: "[('shift_efficiency_score',)] not found in axis"
2026-03-17 15:58:20,128 - ERROR - Error occurred in file: C:\Users\mrdan\Documents\Data_Science_Notes\Machine_Learning\amdari\Shift_optimisation_system\src\components\data_transformation.py at line number: 25 with error message: "[('shift_efficiency_score',)] not found in axis"
2026-03-17 15:58:20,128 - ERROR - Error occurred in file: C:\Users\mrdan\Documents\Data_Science_Notes\Machine_Learning\amdari\Shift_optimisation_system\src\components\data_transformation.py at line number: 25 with error message: "[('shift_efficiency_score',)] not found in axis"
2026-03-17 15:58:20,128 - ERROR - Error occurred in file: C:\Users\mrdan\Documents\Data_Science_Notes\Machine_Learning\amdari\Shift_optimisation_system\src\components\data_transformation.py at line number: 25 with error message: "[('shift_efficiency_score',)] not found in axis"
2026-03-17 15:58:20,132 - ERROR - Error during train-test split: Error occurred in file: C:\Users\mrdan\Documents\Data_Science_Notes\Machine_Learning\amdari\Shift_optimisation_system\src\components\data_transformation.py at line number: 25 with error message: "[('shift_efficiency_score',)] not found in axis"
2026-03-17 15:58:20,132 - ERROR - Error during train-test split: Error occurred in file: C:\Users\mrdan\Documents\Data_Science_Notes\Machine_Learning\amdari\Shift_optimisation_system\src\components\data_transformation.py at line number: 25 with error message: "[('shift_efficiency_score',)] not found in axis"
2026-03-17 15:58:20,132 - ERROR - Error during train-test split: Error occurred in file: C:\Users\mrdan\Documents\Data_Science_Notes\Machine_Learning\amdari\Shift_optimisation_system\src\components\data_transformation.py at line number: 25 with error message: "[('shift_efficiency_score',)] not found in axis"
2026-03-17 15:58:20,132 - ERROR - Error during train-test split: Error occurred in file: C:\Users\mrdan\Documents\Data_Science_Notes\Machine_Learning\amdari\Shift_optimisation_system\src\components\data_transformation.py at line number: 25 with error message: "[('shift_efficiency_score',)] not found in axis"
2026-03-17 15:58:20,132 - ERROR - Error during train-test split: Error occurred in file: C:\Users\mrdan\Documents\Data_Science_Notes\Machine_Learning\amdari\Shift_optimisation_system\src\components\data_transformation.py at line number: 25 with error message: "[('shift_efficiency_score',)] not found in axis"
2026-03-17 15:58:20,132 - ERROR - Error during train-test split: Error occurred in file: C:\Users\mrdan\Documents\Data_Science_Notes\Machine_Learning\amdari\Shift_optimisation_system\src\components\data_transformation.py at line number: 25 with error message: "[('shift_efficiency_score',)] not found in axis"
2026-03-17 15:58:20,132 - ERROR - Error during train-test split: Error occurred in file: C:\Users\mrdan\Documents\Data_Science_Notes\Machine_Learning\amdari\Shift_optimisation_system\src\components\data_transformation.py at line number: 25 with error message: "[('shift_efficiency_score',)] not found in axis"
2026-03-17 15:58:20,137 - ERROR - Error occurred in file: C:\Users\mrdan\Documents\Data_Science_Notes\Machine_Learning\amdari\Shift_optimisation_system\src\components\data_transformation.py at line number: 38 with error message: Error occurred in file: C:\Users\mrdan\Documents\Data_Science_Notes\Machine_Learning\amdari\Shift_optimisation_system\src\components\data_transformation.py at line number: 25 with error message: "[('shift_efficiency_score',)] not found in axis"
2026-03-17 15:58:20,137 - ERROR - Error occurred in file: C:\Users\mrdan\Documents\Data_Science_Notes\Machine_Learning\amdari\Shift_optimisation_system\src\components\data_transformation.py at line number: 38 with error message: Error occurred in file: C:\Users\mrdan\Documents\Data_Science_Notes\Machine_Learning\amdari\Shift_optimisation_system\src\components\data_transformation.py at line number: 25 with error message: "[('shift_efficiency_score',)] not found in axis"
2026-03-17 15:58:20,137 - ERROR - Error occurred in file: C:\Users\mrdan\Documents\Data_Science_Notes\Machine_Learning\amdari\Shift_optimisation_system\src\components\data_transformation.py at line number: 38 with error message: Error occurred in file: C:\Users\mrdan\Documents\Data_Science_Notes\Machine_Learning\amdari\Shift_optimisation_system\src\components\data_transformation.py at line number: 25 with error message: "[('shift_efficiency_score',)] not found in axis"
2026-03-17 15:58:20,137 - ERROR - Error occurred in file: C:\Users\mrdan\Documents\Data_Science_Notes\Machine_Learning\amdari\Shift_optimisation_system\src\components\data_transformation.py at line number: 38 with error message: Error occurred in file: C:\Users\mrdan\Documents\Data_Science_Notes\Machine_Learning\amdari\Shift_optimisation_system\src\components\data_transformation.py at line number: 25 with error message: "[('shift_efficiency_score',)] not found in axis"
2026-03-17 15:58:20,137 - ERROR - Error occurred in file: C:\Users\mrdan\Documents\Data_Science_Notes\Machine_Learning\amdari\Shift_optimisation_system\src\components\data_transformation.py at line number: 38 with error message: Error occurred in file: C:\Users\mrdan\Documents\Data_Science_Notes\Machine_Learning\amdari\Shift_optimisation_system\src\components\data_transformation.py at line number: 25 with error message: "[('shift_efficiency_score',)] not found in axis"
2026-03-17 15:58:20,137 - ERROR - Error occurred in file: C:\Users\mrdan\Documents\Data_Science_Notes\Machine_Learning\amdari\Shift_optimisation_system\src\components\data_transformation.py at line number: 38 with error message: Error occurred in file: C:\Users\mrdan\Documents\Data_Science_Notes\Machine_Learning\amdari\Shift_optimisation_system\src\components\data_transformation.py at line number: 25 with error message: "[('shift_efficiency_score',)] not found in axis"
2026-03-17 15:58:20,137 - ERROR - Error occurred in file: C:\Users\mrdan\Documents\Data_Science_Notes\Machine_Learning\amdari\Shift_optimisation_system\src\components\data_transformation.py at line number: 38 with error message: Error occurred in file: C:\Users\mrdan\Documents\Data_Science_Notes\Machine_Learning\amdari\Shift_optimisation_system\src\components\data_transformation.py at line number: 25 with error message: "[('shift_efficiency_score',)] not found in axis"
2026-03-17 15:58:20,141 - ERROR - Error occurred in file: C:\Users\mrdan\Documents\Data_Science_Notes\Machine_Learning\amdari\Shift_optimisation_system\src\components\data_transformation.py at line number: 38 with error message: Error occurred in file: C:\Users\mrdan\Documents\Data_Science_Notes\Machine_Learning\amdari\Shift_optimisation_system\src\components\data_transformation.py at line number: 25 with error message: "[('shift_efficiency_score',)] not found in axis"
2026-03-17 15:58:20,141 - ERROR - Error occurred in file: C:\Users\mrdan\Documents\Data_Science_Notes\Machine_Learning\amdari\Shift_optimisation_system\src\components\data_transformation.py at line number: 38 with error message: Error occurred in file: C:\Users\mrdan\Documents\Data_Science_Notes\Machine_Learning\amdari\Shift_optimisation_system\src\components\data_transformation.py at line number: 25 with error message: "[('shift_efficiency_score',)] not found in axis"
2026-03-17 15:58:20,141 - ERROR - Error occurred in file: C:\Users\mrdan\Documents\Data_Science_Notes\Machine_Learning\amdari\Shift_optimisation_system\src\components\data_transformation.py at line number: 38 with error message: Error occurred in file: C:\Users\mrdan\Documents\Data_Science_Notes\Machine_Learning\amdari\Shift_optimisation_system\src\components\data_transformation.py at line number: 25 with error message: "[('shift_efficiency_score',)] not found in axis"
2026-03-17 15:58:20,141 - ERROR - Error occurred in file: C:\Users\mrdan\Documents\Data_Science_Notes\Machine_Learning\amdari\Shift_optimisation_system\src\components\data_transformation.py at line number: 38 with error message: Error occurred in file: C:\Users\mrdan\Documents\Data_Science_Notes\Machine_Learning\amdari\Shift_optimisation_system\src\components\data_transformation.py at line number: 25 with error message: "[('shift_efficiency_score',)] not found in axis"
2026-03-17 15:58:20,141 - ERROR - Error occurred in file: C:\Users\mrdan\Documents\Data_Science_Notes\Machine_Learning\amdari\Shift_optimisation_system\src\components\data_transformation.py at line number: 38 with error message: Error occurred in file: C:\Users\mrdan\Documents\Data_Science_Notes\Machine_Learning\amdari\Shift_optimisation_system\src\components\data_transformation.py at line number: 25 with error message: "[('shift_efficiency_score',)] not found in axis"
2026-03-17 15:58:20,141 - ERROR - Error occurred in file: C:\Users\mrdan\Documents\Data_Science_Notes\Machine_Learning\amdari\Shift_optimisation_system\src\components\data_transformation.py at line number: 38 with error message: Error occurred in file: C:\Users\mrdan\Documents\Data_Science_Notes\Machine_Learning\amdari\Shift_optimisation_system\src\components\data_transformation.py at line number: 25 with error message: "[('shift_efficiency_score',)] not found in axis"
2026-03-17 15:58:20,141 - ERROR - Error occurred in file: C:\Users\mrdan\Documents\Data_Science_Notes\Machine_Learning\amdari\Shift_optimisation_system\src\components\data_transformation.py at line number: 38 with error message: Error occurred in file: C:\Users\mrdan\Documents\Data_Science_Notes\Machine_Learning\amdari\Shift_optimisation_system\src\components\data_transformation.py at line number: 25 with error message: "[('shift_efficiency_score',)] not found in axis"
2026-03-17 15:58:20,145 - ERROR - Error in start_transformation: Error occurred in file: C:\Users\mrdan\Documents\Data_Science_Notes\Machine_Learning\amdari\Shift_optimisation_system\src\components\data_transformation.py at line number: 38 with error message: Error occurred in file: C:\Users\mrdan\Documents\Data_Science_Notes\Machine_Learning\amdari\Shift_optimisation_system\src\components\data_transformation.py at line number: 25 with error message: "[('shift_efficiency_score',)] not found in axis"
2026-03-17 15:58:20,145 - ERROR - Error in start_transformation: Error occurred in file: C:\Users\mrdan\Documents\Data_Science_Notes\Machine_Learning\amdari\Shift_optimisation_system\src\components\data_transformation.py at line number: 38 with error message: Error occurred in file: C:\Users\mrdan\Documents\Data_Science_Notes\Machine_Learning\amdari\Shift_optimisation_system\src\components\data_transformation.py at line number: 25 with error message: "[('shift_efficiency_score',)] not found in axis"
2026-03-17 15:58:20,145 - ERROR - Error in start_transformation: Error occurred in file: C:\Users\mrdan\Documents\Data_Science_Notes\Machine_Learning\amdari\Shift_optimisation_system\src\components\data_transformation.py at line number: 38 with error message: Error occurred in file: C:\Users\mrdan\Documents\Data_Science_Notes\Machine_Learning\amdari\Shift_optimisation_system\src\components\data_transformation.py at line number: 25 with error message: "[('shift_efficiency_score',)] not found in axis"
2026-03-17 15:58:20,145 - ERROR - Error in start_transformation: Error occurred in file: C:\Users\mrdan\Documents\Data_Science_Notes\Machine_Learning\amdari\Shift_optimisation_system\src\components\data_transformation.py at line number: 38 with error message: Error occurred in file: C:\Users\mrdan\Documents\Data_Science_Notes\Machine_Learning\amdari\Shift_optimisation_system\src\components\data_transformation.py at line number: 25 with error message: "[('shift_efficiency_score',)] not found in axis"
2026-03-17 15:58:20,145 - ERROR - Error in start_transformation: Error occurred in file: C:\Users\mrdan\Documents\Data_Science_Notes\Machine_Learning\amdari\Shift_optimisation_system\src\components\data_transformation.py at line number: 38 with error message: Error occurred in file: C:\Users\mrdan\Documents\Data_Science_Notes\Machine_Learning\amdari\Shift_optimisation_system\src\components\data_transformation.py at line number: 25 with error message: "[('shift_efficiency_score',)] not found in axis"
2026-03-17 15:58:20,145 - ERROR - Error in start_transformation: Error occurred in file: C:\Users\mrdan\Documents\Data_Science_Notes\Machine_Learning\amdari\Shift_optimisation_system\src\components\data_transformation.py at line number: 38 with error message: Error occurred in file: C:\Users\mrdan\Documents\Data_Science_Notes\Machine_Learning\amdari\Shift_optimisation_system\src\components\data_transformation.py at line number: 25 with error message: "[('shift_efficiency_score',)] not found in axis"
2026-03-17 15:58:20,145 - ERROR - Error in start_transformation: Error occurred in file: C:\Users\mrdan\Documents\Data_Science_Notes\Machine_Learning\amdari\Shift_optimisation_system\src\components\data_transformation.py at line number: 38 with error message: Error occurred in file: C:\Users\mrdan\Documents\Data_Science_Notes\Machine_Learning\amdari\Shift_optimisation_system\src\components\data_transformation.py at line number: 25 with error message: "[('shift_efficiency_score',)] not found in axis"
2026-03-17 15:58:20,149 - ERROR - Error occurred in file: C:\Users\mrdan\Documents\Data_Science_Notes\Machine_Learning\amdari\Shift_optimisation_system\src\components\data_transformation.py at line number: 58 with error message: Error occurred in file: C:\Users\mrdan\Documents\Data_Science_Notes\Machine_Learning\amdari\Shift_optimisation_system\src\components\data_transformation.py at line number: 38 with error message: Error occurred in file: C:\Users\mrdan\Documents\Data_Science_Notes\Machine_Learning\amdari\Shift_optimisation_system\src\components\data_transformation.py at line number: 25 with error message: "[('shift_efficiency_score',)] not found in axis"
2026-03-17 15:58:20,149 - ERROR - Error occurred in file: C:\Users\mrdan\Documents\Data_Science_Notes\Machine_Learning\amdari\Shift_optimisation_system\src\components\data_transformation.py at line number: 58 with error message: Error occurred in file: C:\Users\mrdan\Documents\Data_Science_Notes\Machine_Learning\amdari\Shift_optimisation_system\src\components\data_transformation.py at line number: 38 with error message: Error occurred in file: C:\Users\mrdan\Documents\Data_Science_Notes\Machine_Learning\amdari\Shift_optimisation_system\src\components\data_transformation.py at line number: 25 with error message: "[('shift_efficiency_score',)] not found in axis"
2026-03-17 15:58:20,149 - ERROR - Error occurred in file: C:\Users\mrdan\Documents\Data_Science_Notes\Machine_Learning\amdari\Shift_optimisation_system\src\components\data_transformation.py at line number: 58 with error message: Error occurred in file: C:\Users\mrdan\Documents\Data_Science_Notes\Machine_Learning\amdari\Shift_optimisation_system\src\components\data_transformation.py at line number: 38 with error message: Error occurred in file: C:\Users\mrdan\Documents\Data_Science_Notes\Machine_Learning\amdari\Shift_optimisation_system\src\components\data_transformation.py at line number: 25 with error message: "[('shift_efficiency_score',)] not found in axis"
2026-03-17 15:58:20,149 - ERROR - Error occurred in file: C:\Users\mrdan\Documents\Data_Science_Notes\Machine_Learning\amdari\Shift_optimisation_system\src\components\data_transformation.py at line number: 58 with error message: Error occurred in file: C:\Users\mrdan\Documents\Data_Science_Notes\Machine_Learning\amdari\Shift_optimisation_system\src\components\data_transformation.py at line number: 38 with error message: Error occurred in file: C:\Users\mrdan\Documents\Data_Science_Notes\Machine_Learning\amdari\Shift_optimisation_system\src\components\data_transformation.py at line number: 25 with error message: "[('shift_efficiency_score',)] not found in axis"
2026-03-17 15:58:20,149 - ERROR - Error occurred in file: C:\Users\mrdan\Documents\Data_Science_Notes\Machine_Learning\amdari\Shift_optimisation_system\src\components\data_transformation.py at line number: 58 with error message: Error occurred in file: C:\Users\mrdan\Documents\Data_Science_Notes\Machine_Learning\amdari\Shift_optimisation_system\src\components\data_transformation.py at line number: 38 with error message: Error occurred in file: C:\Users\mrdan\Documents\Data_Science_Notes\Machine_Learning\amdari\Shift_optimisation_system\src\components\data_transformation.py at line number: 25 with error message: "[('shift_efficiency_score',)] not found in axis"
2026-03-17 15:58:20,149 - ERROR - Error occurred in file: C:\Users\mrdan\Documents\Data_Science_Notes\Machine_Learning\amdari\Shift_optimisation_system\src\components\data_transformation.py at line number: 58 with error message: Error occurred in file: C:\Users\mrdan\Documents\Data_Science_Notes\Machine_Learning\amdari\Shift_optimisation_system\src\components\data_transformation.py at line number: 38 with error message: Error occurred in file: C:\Users\mrdan\Documents\Data_Science_Notes\Machine_Learning\amdari\Shift_optimisation_system\src\components\data_transformation.py at line number: 25 with error message: "[('shift_efficiency_score',)] not found in axis"
2026-03-17 15:58:20,149 - ERROR - Error occurred in file: C:\Users\mrdan\Documents\Data_Science_Notes\Machine_Learning\amdari\Shift_optimisation_system\src\components\data_transformation.py at line number: 58 with error message: Error occurred in file: C:\Users\mrdan\Documents\Data_Science_Notes\Machine_Learning\amdari\Shift_optimisation_system\src\components\data_transformation.py at line number: 38 with error message: Error occurred in file: C:\Users\mrdan\Documents\Data_Science_Notes\Machine_Learning\amdari\Shift_optimisation_system\src\components\data_transformation.py at line number: 25 with error message: "[('shift_efficiency_score',)] not found in axis"
2026-03-17 15:58:20,154 - ERROR - Error occurred in file: C:\Users\mrdan\Documents\Data_Science_Notes\Machine_Learning\amdari\Shift_optimisation_system\src\components\data_transformation.py at line number: 58 with error message: Error occurred in file: C:\Users\mrdan\Documents\Data_Science_Notes\Machine_Learning\amdari\Shift_optimisation_system\src\components\data_transformation.py at line number: 38 with error message: Error occurred in file: C:\Users\mrdan\Documents\Data_Science_Notes\Machine_Learning\amdari\Shift_optimisation_system\src\components\data_transformation.py at line number: 25 with error message: "[('shift_efficiency_score',)] not found in axis"
2026-03-17 15:58:20,154 - ERROR - Error occurred in file: C:\Users\mrdan\Documents\Data_Science_Notes\Machine_Learning\amdari\Shift_optimisation_system\src\components\data_transformation.py at line number: 58 with error message: Error occurred in file: C:\Users\mrdan\Documents\Data_Science_Notes\Machine_Learning\amdari\Shift_optimisation_system\src\components\data_transformation.py at line number: 38 with error message: Error occurred in file: C:\Users\mrdan\Documents\Data_Science_Notes\Machine_Learning\amdari\Shift_optimisation_system\src\components\data_transformation.py at line number: 25 with error message: "[('shift_efficiency_score',)] not found in axis"
2026-03-17 15:58:20,154 - ERROR - Error occurred in file: C:\Users\mrdan\Documents\Data_Science_Notes\Machine_Learning\amdari\Shift_optimisation_system\src\components\data_transformation.py at line number: 58 with error message: Error occurred in file: C:\Users\mrdan\Documents\Data_Science_Notes\Machine_Learning\amdari\Shift_optimisation_system\src\components\data_transformation.py at line number: 38 with error message: Error occurred in file: C:\Users\mrdan\Documents\Data_Science_Notes\Machine_Learning\amdari\Shift_optimisation_system\src\components\data_transformation.py at line number: 25 with error message: "[('shift_efficiency_score',)] not found in axis"
2026-03-17 15:58:20,154 - ERROR - Error occurred in file: C:\Users\mrdan\Documents\Data_Science_Notes\Machine_Learning\amdari\Shift_optimisation_system\src\components\data_transformation.py at line number: 58 with error message: Error occurred in file: C:\Users\mrdan\Documents\Data_Science_Notes\Machine_Learning\amdari\Shift_optimisation_system\src\components\data_transformation.py at line number: 38 with error message: Error occurred in file: C:\Users\mrdan\Documents\Data_Science_Notes\Machine_Learning\amdari\Shift_optimisation_system\src\components\data_transformation.py at line number: 25 with error message: "[('shift_efficiency_score',)] not found in axis"
2026-03-17 15:58:20,154 - ERROR - Error occurred in file: C:\Users\mrdan\Documents\Data_Science_Notes\Machine_Learning\amdari\Shift_optimisation_system\src\components\data_transformation.py at line number: 58 with error message: Error occurred in file: C:\Users\mrdan\Documents\Data_Science_Notes\Machine_Learning\amdari\Shift_optimisation_system\src\components\data_transformation.py at line number: 38 with error message: Error occurred in file: C:\Users\mrdan\Documents\Data_Science_Notes\Machine_Learning\amdari\Shift_optimisation_system\src\components\data_transformation.py at line number: 25 with error message: "[('shift_efficiency_score',)] not found in axis"
2026-03-17 15:58:20,154 - ERROR - Error occurred in file: C:\Users\mrdan\Documents\Data_Science_Notes\Machine_Learning\amdari\Shift_optimisation_system\src\components\data_transformation.py at line number: 58 with error message: Error occurred in file: C:\Users\mrdan\Documents\Data_Science_Notes\Machine_Learning\amdari\Shift_optimisation_system\src\components\data_transformation.py at line number: 38 with error message: Error occurred in file: C:\Users\mrdan\Documents\Data_Science_Notes\Machine_Learning\amdari\Shift_optimisation_system\src\components\data_transformation.py at line number: 25 with error message: "[('shift_efficiency_score',)] not found in axis"
2026-03-17 15:58:20,154 - ERROR - Error occurred in file: C:\Users\mrdan\Documents\Data_Science_Notes\Machine_Learning\amdari\Shift_optimisation_system\src\components\data_transformation.py at line number: 58 with error message: Error occurred in file: C:\Users\mrdan\Documents\Data_Science_Notes\Machine_Learning\amdari\Shift_optimisation_system\src\components\data_transformation.py at line number: 38 with error message: Error occurred in file: C:\Users\mrdan\Documents\Data_Science_Notes\Machine_Learning\amdari\Shift_optimisation_system\src\components\data_transformation.py at line number: 25 with error message: "[('shift_efficiency_score',)] not found in axis"
2026-03-17 15:58:20,158 - ERROR - Error in training pipeline: Error occurred in file: C:\Users\mrdan\Documents\Data_Science_Notes\Machine_Learning\amdari\Shift_optimisation_system\src\components\data_transformation.py at line number: 58 with error message: Error occurred in file: C:\Users\mrdan\Documents\Data_Science_Notes\Machine_Learning\amdari\Shift_optimisation_system\src\components\data_transformation.py at line number: 38 with error message: Error occurred in file: C:\Users\mrdan\Documents\Data_Science_Notes\Machine_Learning\amdari\Shift_optimisation_system\src\components\data_transformation.py at line number: 25 with error message: "[('shift_efficiency_score',)] not found in axis"
2026-03-17 15:58:20,158 - ERROR - Error in training pipeline: Error occurred in file: C:\Users\mrdan\Documents\Data_Science_Notes\Machine_Learning\amdari\Shift_optimisation_system\src\components\data_transformation.py at line number: 58 with error message: Error occurred in file: C:\Users\mrdan\Documents\Data_Science_Notes\Machine_Learning\amdari\Shift_optimisation_system\src\components\data_transformation.py at line number: 38 with error message: Error occurred in file: C:\Users\mrdan\Documents\Data_Science_Notes\Machine_Learning\amdari\Shift_optimisation_system\src\components\data_transformation.py at line number: 25 with error message: "[('shift_efficiency_score',)] not found in axis"
2026-03-17 15:58:20,158 - ERROR - Error in training pipeline: Error occurred in file: C:\Users\mrdan\Documents\Data_Science_Notes\Machine_Learning\amdari\Shift_optimisation_system\src\components\data_transformation.py at line number: 58 with error message: Error occurred in file: C:\Users\mrdan\Documents\Data_Science_Notes\Machine_Learning\amdari\Shift_optimisation_system\src\components\data_transformation.py at line number: 38 with error message: Error occurred in file: C:\Users\mrdan\Documents\Data_Science_Notes\Machine_Learning\amdari\Shift_optimisation_system\src\components\data_transformation.py at line number: 25 with error message: "[('shift_efficiency_score',)] not found in axis"
2026-03-17 15:58:20,158 - ERROR - Error in training pipeline: Error occurred in file: C:\Users\mrdan\Documents\Data_Science_Notes\Machine_Learning\amdari\Shift_optimisation_system\src\components\data_transformation.py at line number: 58 with error message: Error occurred in file: C:\Users\mrdan\Documents\Data_Science_Notes\Machine_Learning\amdari\Shift_optimisation_system\src\components\data_transformation.py at line number: 38 with error message: Error occurred in file: C:\Users\mrdan\Documents\Data_Science_Notes\Machine_Learning\amdari\Shift_optimisation_system\src\components\data_transformation.py at line number: 25 with error message: "[('shift_efficiency_score',)] not found in axis"
2026-03-17 15:58:20,158 - ERROR - Error in training pipeline: Error occurred in file: C:\Users\mrdan\Documents\Data_Science_Notes\Machine_Learning\amdari\Shift_optimisation_system\src\components\data_transformation.py at line number: 58 with error message: Error occurred in file: C:\Users\mrdan\Documents\Data_Science_Notes\Machine_Learning\amdari\Shift_optimisation_system\src\components\data_transformation.py at line number: 38 with error message: Error occurred in file: C:\Users\mrdan\Documents\Data_Science_Notes\Machine_Learning\amdari\Shift_optimisation_system\src\components\data_transformation.py at line number: 25 with error message: "[('shift_efficiency_score',)] not found in axis"
2026-03-17 15:58:20,158 - ERROR - Error in training pipeline: Error occurred in file: C:\Users\mrdan\Documents\Data_Science_Notes\Machine_Learning\amdari\Shift_optimisation_system\src\components\data_transformation.py at line number: 58 with error message: Error occurred in file: C:\Users\mrdan\Documents\Data_Science_Notes\Machine_Learning\amdari\Shift_optimisation_system\src\components\data_transformation.py at line number: 38 with error message: Error occurred in file: C:\Users\mrdan\Documents\Data_Science_Notes\Machine_Learning\amdari\Shift_optimisation_system\src\components\data_transformation.py at line number: 25 with error message: "[('shift_efficiency_score',)] not found in axis"
2026-03-17 15:58:20,158 - ERROR - Error in training pipeline: Error occurred in file: C:\Users\mrdan\Documents\Data_Science_Notes\Machine_Learning\amdari\Shift_optimisation_system\src\components\data_transformation.py at line number: 58 with error message: Error occurred in file: C:\Users\mrdan\Documents\Data_Science_Notes\Machine_Learning\amdari\Shift_optimisation_system\src\components\data_transformation.py at line number: 38 with error message: Error occurred in file: C:\Users\mrdan\Documents\Data_Science_Notes\Machine_Learning\amdari\Shift_optimisation_system\src\components\data_transformation.py at line number: 25 with error message: "[('shift_efficiency_score',)] not found in axis"
2026-03-17 15:58:20,162 - ERROR - Error occurred in file: C:\Users\mrdan\Documents\Data_Science_Notes\Machine_Learning\amdari\Shift_optimisation_system\src\pipelines\training_pipeline.py at line number: 20 with error message: Error occurred in file: C:\Users\mrdan\Documents\Data_Science_Notes\Machine_Learning\amdari\Shift_optimisation_system\src\components\data_transformation.py at line number: 58 with error message: Error occurred in file: C:\Users\mrdan\Documents\Data_Science_Notes\Machine_Learning\amdari\Shift_optimisation_system\src\components\data_transformation.py at line number: 38 with error message: Error occurred in file: C:\Users\mrdan\Documents\Data_Science_Notes\Machine_Learning\amdari\Shift_optimisation_system\src\components\data_transformation.py at line number: 25 with error message: "[('shift_efficiency_score',)] not found in axis"
2026-03-17 15:58:20,162 - ERROR - Error occurred in file: C:\Users\mrdan\Documents\Data_Science_Notes\Machine_Learning\amdari\Shift_optimisation_system\src\pipelines\training_pipeline.py at line number: 20 with error message: Error occurred in file: C:\Users\mrdan\Documents\Data_Science_Notes\Machine_Learning\amdari\Shift_optimisation_system\src\components\data_transformation.py at line number: 58 with error message: Error occurred in file: C:\Users\mrdan\Documents\Data_Science_Notes\Machine_Learning\amdari\Shift_optimisation_system\src\components\data_transformation.py at line number: 38 with error message: Error occurred in file: C:\Users\mrdan\Documents\Data_Science_Notes\Machine_Learning\amdari\Shift_optimisation_system\src\components\data_transformation.py at line number: 25 with error message: "[('shift_efficiency_score',)] not found in axis"
2026-03-17 15:58:20,162 - ERROR - Error occurred in file: C:\Users\mrdan\Documents\Data_Science_Notes\Machine_Learning\amdari\Shift_optimisation_system\src\pipelines\training_pipeline.py at line number: 20 with error message: Error occurred in file: C:\Users\mrdan\Documents\Data_Science_Notes\Machine_Learning\amdari\Shift_optimisation_system\src\components\data_transformation.py at line number: 58 with error message: Error occurred in file: C:\Users\mrdan\Documents\Data_Science_Notes\Machine_Learning\amdari\Shift_optimisation_system\src\components\data_transformation.py at line number: 38 with error message: Error occurred in file: C:\Users\mrdan\Documents\Data_Science_Notes\Machine_Learning\amdari\Shift_optimisation_system\src\components\data_transformation.py at line number: 25 with error message: "[('shift_efficiency_score',)] not found in axis"
2026-03-17 15:58:20,162 - ERROR - Error occurred in file: C:\Users\mrdan\Documents\Data_Science_Notes\Machine_Learning\amdari\Shift_optimisation_system\src\pipelines\training_pipeline.py at line number: 20 with error message: Error occurred in file: C:\Users\mrdan\Documents\Data_Science_Notes\Machine_Learning\amdari\Shift_optimisation_system\src\components\data_transformation.py at line number: 58 with error message: Error occurred in file: C:\Users\mrdan\Documents\Data_Science_Notes\Machine_Learning\amdari\Shift_optimisation_system\src\components\data_transformation.py at line number: 38 with error message: Error occurred in file: C:\Users\mrdan\Documents\Data_Science_Notes\Machine_Learning\amdari\Shift_optimisation_system\src\components\data_transformation.py at line number: 25 with error message: "[('shift_efficiency_score',)] not found in axis"
2026-03-17 15:58:20,162 - ERROR - Error occurred in file: C:\Users\mrdan\Documents\Data_Science_Notes\Machine_Learning\amdari\Shift_optimisation_system\src\pipelines\training_pipeline.py at line number: 20 with error message: Error occurred in file: C:\Users\mrdan\Documents\Data_Science_Notes\Machine_Learning\amdari\Shift_optimisation_system\src\components\data_transformation.py at line number: 58 with error message: Error occurred in file: C:\Users\mrdan\Documents\Data_Science_Notes\Machine_Learning\amdari\Shift_optimisation_system\src\components\data_transformation.py at line number: 38 with error message: Error occurred in file: C:\Users\mrdan\Documents\Data_Science_Notes\Machine_Learning\amdari\Shift_optimisation_system\src\components\data_transformation.py at line number: 25 with error message: "[('shift_efficiency_score',)] not found in axis"
2026-03-17 15:58:20,162 - ERROR - Error occurred in file: C:\Users\mrdan\Documents\Data_Science_Notes\Machine_Learning\amdari\Shift_optimisation_system\src\pipelines\training_pipeline.py at line number: 20 with error message: Error occurred in file: C:\Users\mrdan\Documents\Data_Science_Notes\Machine_Learning\amdari\Shift_optimisation_system\src\components\data_transformation.py at line number: 58 with error message: Error occurred in file: C:\Users\mrdan\Documents\Data_Science_Notes\Machine_Learning\amdari\Shift_optimisation_system\src\components\data_transformation.py at line number: 38 with error message: Error occurred in file: C:\Users\mrdan\Documents\Data_Science_Notes\Machine_Learning\amdari\Shift_optimisation_system\src\components\data_transformation.py at line number: 25 with error message: "[('shift_efficiency_score',)] not found in axis"
2026-03-17 15:58:20,162 - ERROR - Error occurred in file: C:\Users\mrdan\Documents\Data_Science_Notes\Machine_Learning\amdari\Shift_optimisation_system\src\pipelines\training_pipeline.py at line number: 20 with error message: Error occurred in file: C:\Users\mrdan\Documents\Data_Science_Notes\Machine_Learning\amdari\Shift_optimisation_system\src\components\data_transformation.py at line number: 58 with error message: Error occurred in file: C:\Users\mrdan\Documents\Data_Science_Notes\Machine_Learning\amdari\Shift_optimisation_system\src\components\data_transformation.py at line number: 38 with error message: Error occurred in file: C:\Users\mrdan\Documents\Data_Science_Notes\Machine_Learning\amdari\Shift_optimisation_system\src\components\data_transformation.py at line number: 25 with error message: "[('shift_efficiency_score',)] not found in axis"
2026-03-17 15:58:20,166 - ERROR - Error occurred in file: C:\Users\mrdan\Documents\Data_Science_Notes\Machine_Learning\amdari\Shift_optimisation_system\src\pipelines\training_pipeline.py at line number: 20 with error message: Error occurred in file: C:\Users\mrdan\Documents\Data_Science_Notes\Machine_Learning\amdari\Shift_optimisation_system\src\components\data_transformation.py at line number: 58 with error message: Error occurred in file: C:\Users\mrdan\Documents\Data_Science_Notes\Machine_Learning\amdari\Shift_optimisation_system\src\components\data_transformation.py at line number: 38 with error message: Error occurred in file: C:\Users\mrdan\Documents\Data_Science_Notes\Machine_Learning\amdari\Shift_optimisation_system\src\components\data_transformation.py at line number: 25 with error message: "[('shift_efficiency_score',)] not found in axis"
2026-03-17 15:58:20,166 - ERROR - Error occurred in file: C:\Users\mrdan\Documents\Data_Science_Notes\Machine_Learning\amdari\Shift_optimisation_system\src\pipelines\training_pipeline.py at line number: 20 with error message: Error occurred in file: C:\Users\mrdan\Documents\Data_Science_Notes\Machine_Learning\amdari\Shift_optimisation_system\src\components\data_transformation.py at line number: 58 with error message: Error occurred in file: C:\Users\mrdan\Documents\Data_Science_Notes\Machine_Learning\amdari\Shift_optimisation_system\src\components\data_transformation.py at line number: 38 with error message: Error occurred in file: C:\Users\mrdan\Documents\Data_Science_Notes\Machine_Learning\amdari\Shift_optimisation_system\src\components\data_transformation.py at line number: 25 with error message: "[('shift_efficiency_score',)] not found in axis"
2026-03-17 15:58:20,166 - ERROR - Error occurred in file: C:\Users\mrdan\Documents\Data_Science_Notes\Machine_Learning\amdari\Shift_optimisation_system\src\pipelines\training_pipeline.py at line number: 20 with error message: Error occurred in file: C:\Users\mrdan\Documents\Data_Science_Notes\Machine_Learning\amdari\Shift_optimisation_system\src\components\data_transformation.py at line number: 58 with error message: Error occurred in file: C:\Users\mrdan\Documents\Data_Science_Notes\Machine_Learning\amdari\Shift_optimisation_system\src\components\data_transformation.py at line number: 38 with error message: Error occurred in file: C:\Users\mrdan\Documents\Data_Science_Notes\Machine_Learning\amdari\Shift_optimisation_system\src\components\data_transformation.py at line number: 25 with error message: "[('shift_efficiency_score',)] not found in axis"
2026-03-17 15:58:20,166 - ERROR - Error occurred in file: C:\Users\mrdan\Documents\Data_Science_Notes\Machine_Learning\amdari\Shift_optimisation_system\src\pipelines\training_pipeline.py at line number: 20 with error message: Error occurred in file: C:\Users\mrdan\Documents\Data_Science_Notes\Machine_Learning\amdari\Shift_optimisation_system\src\components\data_transformation.py at line number: 58 with error message: Error occurred in file: C:\Users\mrdan\Documents\Data_Science_Notes\Machine_Learning\amdari\Shift_optimisation_system\src\components\data_transformation.py at line number: 38 with error message: Error occurred in file: C:\Users\mrdan\Documents\Data_Science_Notes\Machine_Learning\amdari\Shift_optimisation_system\src\components\data_transformation.py at line number: 25 with error message: "[('shift_efficiency_score',)] not found in axis"
2026-03-17 15:58:20,166 - ERROR - Error occurred in file: C:\Users\mrdan\Documents\Data_Science_Notes\Machine_Learning\amdari\Shift_optimisation_system\src\pipelines\training_pipeline.py at line number: 20 with error message: Error occurred in file: C:\Users\mrdan\Documents\Data_Science_Notes\Machine_Learning\amdari\Shift_optimisation_system\src\components\data_transformation.py at line number: 58 with error message: Error occurred in file: C:\Users\mrdan\Documents\Data_Science_Notes\Machine_Learning\amdari\Shift_optimisation_system\src\components\data_transformation.py at line number: 38 with error message: Error occurred in file: C:\Users\mrdan\Documents\Data_Science_Notes\Machine_Learning\amdari\Shift_optimisation_system\src\components\data_transformation.py at line number: 25 with error message: "[('shift_efficiency_score',)] not found in axis"
2026-03-17 15:58:20,166 - ERROR - Error occurred in file: C:\Users\mrdan\Documents\Data_Science_Notes\Machine_Learning\amdari\Shift_optimisation_system\src\pipelines\training_pipeline.py at line number: 20 with error message: Error occurred in file: C:\Users\mrdan\Documents\Data_Science_Notes\Machine_Learning\amdari\Shift_optimisation_system\src\components\data_transformation.py at line number: 58 with error message: Error occurred in file: C:\Users\mrdan\Documents\Data_Science_Notes\Machine_Learning\amdari\Shift_optimisation_system\src\components\data_transformation.py at line number: 38 with error message: Error occurred in file: C:\Users\mrdan\Documents\Data_Science_Notes\Machine_Learning\amdari\Shift_optimisation_system\src\components\data_transformation.py at line number: 25 with error message: "[('shift_efficiency_score',)] not found in axis"
2026-03-17 15:58:20,166 - ERROR - Error occurred in file: C:\Users\mrdan\Documents\Data_Science_Notes\Machine_Learning\amdari\Shift_optimisation_system\src\pipelines\training_pipeline.py at line number: 20 with error message: Error occurred in file: C:\Users\mrdan\Documents\Data_Science_Notes\Machine_Learning\amdari\Shift_optimisation_system\src\components\data_transformation.py at line number: 58 with error message: Error occurred in file: C:\Users\mrdan\Documents\Data_Science_Notes\Machine_Learning\amdari\Shift_optimisation_system\src\components\data_transformation.py at line number: 38 with error message: Error occurred in file: C:\Users\mrdan\Documents\Data_Science_Notes\Machine_Learning\amdari\Shift_optimisation_system\src\components\data_transformation.py at line number: 25 with error message: "[('shift_efficiency_score',)] not found in axis"
2026-03-17 15:58:20,172 - ERROR - Error during retraining: Error occurred in file: C:\Users\mrdan\Documents\Data_Science_Notes\Machine_Learning\amdari\Shift_optimisation_system\src\pipelines\training_pipeline.py at line number: 20 with error message: Error occurred in file: C:\Users\mrdan\Documents\Data_Science_Notes\Machine_Learning\amdari\Shift_optimisation_system\src\components\data_transformation.py at line number: 58 with error message: Error occurred in file: C:\Users\mrdan\Documents\Data_Science_Notes\Machine_Learning\amdari\Shift_optimisation_system\src\components\data_transformation.py at line number: 38 with error message: Error occurred in file: C:\Users\mrdan\Documents\Data_Science_Notes\Machine_Learning\amdari\Shift_optimisation_system\src\components\data_transformation.py at line number: 25 with error message: "[('shift_efficiency_score',)] not found in axis"
2026-03-17 15:58:20,172 - ERROR - Error during retraining: Error occurred in file: C:\Users\mrdan\Documents\Data_Science_Notes\Machine_Learning\amdari\Shift_optimisation_system\src\pipelines\training_pipeline.py at line number: 20 with error message: Error occurred in file: C:\Users\mrdan\Documents\Data_Science_Notes\Machine_Learning\amdari\Shift_optimisation_system\src\components\data_transformation.py at line number: 58 with error message: Error occurred in file: C:\Users\mrdan\Documents\Data_Science_Notes\Machine_Learning\amdari\Shift_optimisation_system\src\components\data_transformation.py at line number: 38 with error message: Error occurred in file: C:\Users\mrdan\Documents\Data_Science_Notes\Machine_Learning\amdari\Shift_optimisation_system\src\components\data_transformation.py at line number: 25 with error message: "[('shift_efficiency_score',)] not found in axis"
2026-03-17 15:58:20,172 - ERROR - Error during retraining: Error occurred in file: C:\Users\mrdan\Documents\Data_Science_Notes\Machine_Learning\amdari\Shift_optimisation_system\src\pipelines\training_pipeline.py at line number: 20 with error message: Error occurred in file: C:\Users\mrdan\Documents\Data_Science_Notes\Machine_Learning\amdari\Shift_optimisation_system\src\components\data_transformation.py at line number: 58 with error message: Error occurred in file: C:\Users\mrdan\Documents\Data_Science_Notes\Machine_Learning\amdari\Shift_optimisation_system\src\components\data_transformation.py at line number: 38 with error message: Error occurred in file: C:\Users\mrdan\Documents\Data_Science_Notes\Machine_Learning\amdari\Shift_optimisation_system\src\components\data_transformation.py at line number: 25 with error message: "[('shift_efficiency_score',)] not found in axis"
2026-03-17 15:58:20,172 - ERROR - Error during retraining: Error occurred in file: C:\Users\mrdan\Documents\Data_Science_Notes\Machine_Learning\amdari\Shift_optimisation_system\src\pipelines\training_pipeline.py at line number: 20 with error message: Error occurred in file: C:\Users\mrdan\Documents\Data_Science_Notes\Machine_Learning\amdari\Shift_optimisation_system\src\components\data_transformation.py at line number: 58 with error message: Error occurred in file: C:\Users\mrdan\Documents\Data_Science_Notes\Machine_Learning\amdari\Shift_optimisation_system\src\components\data_transformation.py at line number: 38 with error message: Error occurred in file: C:\Users\mrdan\Documents\Data_Science_Notes\Machine_Learning\amdari\Shift_optimisation_system\src\components\data_transformation.py at line number: 25 with error message: "[('shift_efficiency_score',)] not found in axis"
2026-03-17 15:58:20,172 - ERROR - Error during retraining: Error occurred in file: C:\Users\mrdan\Documents\Data_Science_Notes\Machine_Learning\amdari\Shift_optimisation_system\src\pipelines\training_pipeline.py at line number: 20 with error message: Error occurred in file: C:\Users\mrdan\Documents\Data_Science_Notes\Machine_Learning\amdari\Shift_optimisation_system\src\components\data_transformation.py at line number: 58 with error message: Error occurred in file: C:\Users\mrdan\Documents\Data_Science_Notes\Machine_Learning\amdari\Shift_optimisation_system\src\components\data_transformation.py at line number: 38 with error message: Error occurred in file: C:\Users\mrdan\Documents\Data_Science_Notes\Machine_Learning\amdari\Shift_optimisation_system\src\components\data_transformation.py at line number: 25 with error message: "[('shift_efficiency_score',)] not found in axis"
2026-03-17 15:58:20,172 - ERROR - Error during retraining: Error occurred in file: C:\Users\mrdan\Documents\Data_Science_Notes\Machine_Learning\amdari\Shift_optimisation_system\src\pipelines\training_pipeline.py at line number: 20 with error message: Error occurred in file: C:\Users\mrdan\Documents\Data_Science_Notes\Machine_Learning\amdari\Shift_optimisation_system\src\components\data_transformation.py at line number: 58 with error message: Error occurred in file: C:\Users\mrdan\Documents\Data_Science_Notes\Machine_Learning\amdari\Shift_optimisation_system\src\components\data_transformation.py at line number: 38 with error message: Error occurred in file: C:\Users\mrdan\Documents\Data_Science_Notes\Machine_Learning\amdari\Shift_optimisation_system\src\components\data_transformation.py at line number: 25 with error message: "[('shift_efficiency_score',)] not found in axis"
2026-03-17 15:58:20,172 - ERROR - Error during retraining: Error occurred in file: C:\Users\mrdan\Documents\Data_Science_Notes\Machine_Learning\amdari\Shift_optimisation_system\src\pipelines\training_pipeline.py at line number: 20 with error message: Error occurred in file: C:\Users\mrdan\Documents\Data_Science_Notes\Machine_Learning\amdari\Shift_optimisation_system\src\components\data_transformation.py at line number: 58 with error message: Error occurred in file: C:\Users\mrdan\Documents\Data_Science_Notes\Machine_Learning\amdari\Shift_optimisation_system\src\components\data_transformation.py at line number: 38 with error message: Error occurred in file: C:\Users\mrdan\Documents\Data_Science_Notes\Machine_Learning\amdari\Shift_optimisation_system\src\components\data_transformation.py at line number: 25 with error message: "[('shift_efficiency_score',)] not found in axis"
2026-03-17 15:58:20,177 - ERROR - Error occurred in file: C:\Users\mrdan\Documents\Data_Science_Notes\Machine_Learning\amdari\Shift_optimisation_system\app\main.py at line number: 162 with error message: Error occurred in file: C:\Users\mrdan\Documents\Data_Science_Notes\Machine_Learning\amdari\Shift_optimisation_system\src\pipelines\training_pipeline.py at line number: 20 with error message: Error occurred in file: C:\Users\mrdan\Documents\Data_Science_Notes\Machine_Learning\amdari\Shift_optimisation_system\src\components\data_transformation.py at line number: 58 with error message: Error occurred in file: C:\Users\mrdan\Documents\Data_Science_Notes\Machine_Learning\amdari\Shift_optimisation_system\src\components\data_transformation.py at line number: 38 with error message: Error occurred in file: C:\Users\mrdan\Documents\Data_Science_Notes\Machine_Learning\amdari\Shift_optimisation_system\src\components\data_transformation.py at line number: 25 with error message: "[('shift_efficiency_score',)] not found in axis"
2026-03-17 15:58:20,177 - ERROR - Error occurred in file: C:\Users\mrdan\Documents\Data_Science_Notes\Machine_Learning\amdari\Shift_optimisation_system\app\main.py at line number: 162 with error message: Error occurred in file: C:\Users\mrdan\Documents\Data_Science_Notes\Machine_Learning\amdari\Shift_optimisation_system\src\pipelines\training_pipeline.py at line number: 20 with error message: Error occurred in file: C:\Users\mrdan\Documents\Data_Science_Notes\Machine_Learning\amdari\Shift_optimisation_system\src\components\data_transformation.py at line number: 58 with error message: Error occurred in file: C:\Users\mrdan\Documents\Data_Science_Notes\Machine_Learning\amdari\Shift_optimisation_system\src\components\data_transformation.py at line number: 38 with error message: Error occurred in file: C:\Users\mrdan\Documents\Data_Science_Notes\Machine_Learning\amdari\Shift_optimisation_system\src\components\data_transformation.py at line number: 25 with error message: "[('shift_efficiency_score',)] not found in axis"
2026-03-17 15:58:20,177 - ERROR - Error occurred in file: C:\Users\mrdan\Documents\Data_Science_Notes\Machine_Learning\amdari\Shift_optimisation_system\app\main.py at line number: 162 with error message: Error occurred in file: C:\Users\mrdan\Documents\Data_Science_Notes\Machine_Learning\amdari\Shift_optimisation_system\src\pipelines\training_pipeline.py at line number: 20 with error message: Error occurred in file: C:\Users\mrdan\Documents\Data_Science_Notes\Machine_Learning\amdari\Shift_optimisation_system\src\components\data_transformation.py at line number: 58 with error message: Error occurred in file: C:\Users\mrdan\Documents\Data_Science_Notes\Machine_Learning\amdari\Shift_optimisation_system\src\components\data_transformation.py at line number: 38 with error message: Error occurred in file: C:\Users\mrdan\Documents\Data_Science_Notes\Machine_Learning\amdari\Shift_optimisation_system\src\components\data_transformation.py at line number: 25 with error message: "[('shift_efficiency_score',)] not found in axis"
2026-03-17 15:58:20,177 - ERROR - Error occurred in file: C:\Users\mrdan\Documents\Data_Science_Notes\Machine_Learning\amdari\Shift_optimisation_system\app\main.py at line number: 162 with error message: Error occurred in file: C:\Users\mrdan\Documents\Data_Science_Notes\Machine_Learning\amdari\Shift_optimisation_system\src\pipelines\training_pipeline.py at line number: 20 with error message: Error occurred in file: C:\Users\mrdan\Documents\Data_Science_Notes\Machine_Learning\amdari\Shift_optimisation_system\src\components\data_transformation.py at line number: 58 with error message: Error occurred in file: C:\Users\mrdan\Documents\Data_Science_Notes\Machine_Learning\amdari\Shift_optimisation_system\src\components\data_transformation.py at line number: 38 with error message: Error occurred in file: C:\Users\mrdan\Documents\Data_Science_Notes\Machine_Learning\amdari\Shift_optimisation_system\src\components\data_transformation.py at line number: 25 with error message: "[('shift_efficiency_score',)] not found in axis"
2026-03-17 15:58:20,177 - ERROR - Error occurred in file: C:\Users\mrdan\Documents\Data_Science_Notes\Machine_Learning\amdari\Shift_optimisation_system\app\main.py at line number: 162 with error message: Error occurred in file: C:\Users\mrdan\Documents\Data_Science_Notes\Machine_Learning\amdari\Shift_optimisation_system\src\pipelines\training_pipeline.py at line number: 20 with error message: Error occurred in file: C:\Users\mrdan\Documents\Data_Science_Notes\Machine_Learning\amdari\Shift_optimisation_system\src\components\data_transformation.py at line number: 58 with error message: Error occurred in file: C:\Users\mrdan\Documents\Data_Science_Notes\Machine_Learning\amdari\Shift_optimisation_system\src\components\data_transformation.py at line number: 38 with error message: Error occurred in file: C:\Users\mrdan\Documents\Data_Science_Notes\Machine_Learning\amdari\Shift_optimisation_system\src\components\data_transformation.py at line number: 25 with error message: "[('shift_efficiency_score',)] not found in axis"
2026-03-17 15:58:20,177 - ERROR - Error occurred in file: C:\Users\mrdan\Documents\Data_Science_Notes\Machine_Learning\amdari\Shift_optimisation_system\app\main.py at line number: 162 with error message: Error occurred in file: C:\Users\mrdan\Documents\Data_Science_Notes\Machine_Learning\amdari\Shift_optimisation_system\src\pipelines\training_pipeline.py at line number: 20 with error message: Error occurred in file: C:\Users\mrdan\Documents\Data_Science_Notes\Machine_Learning\amdari\Shift_optimisation_system\src\components\data_transformation.py at line number: 58 with error message: Error occurred in file: C:\Users\mrdan\Documents\Data_Science_Notes\Machine_Learning\amdari\Shift_optimisation_system\src\components\data_transformation.py at line number: 38 with error message: Error occurred in file: C:\Users\mrdan\Documents\Data_Science_Notes\Machine_Learning\amdari\Shift_optimisation_system\src\components\data_transformation.py at line number: 25 with error message: "[('shift_efficiency_score',)] not found in axis"
2026-03-17 15:58:20,177 - ERROR - Error occurred in file: C:\Users\mrdan\Documents\Data_Science_Notes\Machine_Learning\amdari\Shift_optimisation_system\app\main.py at line number: 162 with error message: Error occurred in file: C:\Users\mrdan\Documents\Data_Science_Notes\Machine_Learning\amdari\Shift_optimisation_system\src\pipelines\training_pipeline.py at line number: 20 with error message: Error occurred in file: C:\Users\mrdan\Documents\Data_Science_Notes\Machine_Learning\amdari\Shift_optimisation_system\src\components\data_transformation.py at line number: 58 with error message: Error occurred in file: C:\Users\mrdan\Documents\Data_Science_Notes\Machine_Learning\amdari\Shift_optimisation_system\src\components\data_transformation.py at line number: 38 with error message: Error occurred in file: C:\Users\mrdan\Documents\Data_Science_Notes\Machine_Learning\amdari\Shift_optimisation_system\src\components\data_transformation.py at line number: 25 with error message: "[('shift_efficiency_score',)] not found in axis"
2026-03-17 15:58:20,183 - ERROR - Error occurred in file: C:\Users\mrdan\Documents\Data_Science_Notes\Machine_Learning\amdari\Shift_optimisation_system\app\main.py at line number: 162 with error message: Error occurred in file: C:\Users\mrdan\Documents\Data_Science_Notes\Machine_Learning\amdari\Shift_optimisation_system\src\pipelines\training_pipeline.py at line number: 20 with error message: Error occurred in file: C:\Users\mrdan\Documents\Data_Science_Notes\Machine_Learning\amdari\Shift_optimisation_system\src\components\data_transformation.py at line number: 58 with error message: Error occurred in file: C:\Users\mrdan\Documents\Data_Science_Notes\Machine_Learning\amdari\Shift_optimisation_system\src\components\data_transformation.py at line number: 38 with error message: Error occurred in file: C:\Users\mrdan\Documents\Data_Science_Notes\Machine_Learning\amdari\Shift_optimisation_system\src\components\data_transformation.py at line number: 25 with error message: "[('shift_efficiency_score',)] not found in axis"
2026-03-17 15:58:20,183 - ERROR - Error occurred in file: C:\Users\mrdan\Documents\Data_Science_Notes\Machine_Learning\amdari\Shift_optimisation_system\app\main.py at line number: 162 with error message: Error occurred in file: C:\Users\mrdan\Documents\Data_Science_Notes\Machine_Learning\amdari\Shift_optimisation_system\src\pipelines\training_pipeline.py at line number: 20 with error message: Error occurred in file: C:\Users\mrdan\Documents\Data_Science_Notes\Machine_Learning\amdari\Shift_optimisation_system\src\components\data_transformation.py at line number: 58 with error message: Error occurred in file: C:\Users\mrdan\Documents\Data_Science_Notes\Machine_Learning\amdari\Shift_optimisation_system\src\components\data_transformation.py at line number: 38 with error message: Error occurred in file: C:\Users\mrdan\Documents\Data_Science_Notes\Machine_Learning\amdari\Shift_optimisation_system\src\components\data_transformation.py at line number: 25 with error message: "[('shift_efficiency_score',)] not found in axis"
2026-03-17 15:58:20,183 - ERROR - Error occurred in file: C:\Users\mrdan\Documents\Data_Science_Notes\Machine_Learning\amdari\Shift_optimisation_system\app\main.py at line number: 162 with error message: Error occurred in file: C:\Users\mrdan\Documents\Data_Science_Notes\Machine_Learning\amdari\Shift_optimisation_system\src\pipelines\training_pipeline.py at line number: 20 with error message: Error occurred in file: C:\Users\mrdan\Documents\Data_Science_Notes\Machine_Learning\amdari\Shift_optimisation_system\src\components\data_transformation.py at line number: 58 with error message: Error occurred in file: C:\Users\mrdan\Documents\Data_Science_Notes\Machine_Learning\amdari\Shift_optimisation_system\src\components\data_transformation.py at line number: 38 with error message: Error occurred in file: C:\Users\mrdan\Documents\Data_Science_Notes\Machine_Learning\amdari\Shift_optimisation_system\src\components\data_transformation.py at line number: 25 with error message: "[('shift_efficiency_score',)] not found in axis"
2026-03-17 15:58:20,183 - ERROR - Error occurred in file: C:\Users\mrdan\Documents\Data_Science_Notes\Machine_Learning\amdari\Shift_optimisation_system\app\main.py at line number: 162 with error message: Error occurred in file: C:\Users\mrdan\Documents\Data_Science_Notes\Machine_Learning\amdari\Shift_optimisation_system\src\pipelines\training_pipeline.py at line number: 20 with error message: Error occurred in file: C:\Users\mrdan\Documents\Data_Science_Notes\Machine_Learning\amdari\Shift_optimisation_system\src\components\data_transformation.py at line number: 58 with error message: Error occurred in file: C:\Users\mrdan\Documents\Data_Science_Notes\Machine_Learning\amdari\Shift_optimisation_system\src\components\data_transformation.py at line number: 38 with error message: Error occurred in file: C:\Users\mrdan\Documents\Data_Science_Notes\Machine_Learning\amdari\Shift_optimisation_system\src\components\data_transformation.py at line number: 25 with error message: "[('shift_efficiency_score',)] not found in axis"
2026-03-17 15:58:20,183 - ERROR - Error occurred in file: C:\Users\mrdan\Documents\Data_Science_Notes\Machine_Learning\amdari\Shift_optimisation_system\app\main.py at line number: 162 with error message: Error occurred in file: C:\Users\mrdan\Documents\Data_Science_Notes\Machine_Learning\amdari\Shift_optimisation_system\src\pipelines\training_pipeline.py at line number: 20 with error message: Error occurred in file: C:\Users\mrdan\Documents\Data_Science_Notes\Machine_Learning\amdari\Shift_optimisation_system\src\components\data_transformation.py at line number: 58 with error message: Error occurred in file: C:\Users\mrdan\Documents\Data_Science_Notes\Machine_Learning\amdari\Shift_optimisation_system\src\components\data_transformation.py at line number: 38 with error message: Error occurred in file: C:\Users\mrdan\Documents\Data_Science_Notes\Machine_Learning\amdari\Shift_optimisation_system\src\components\data_transformation.py at line number: 25 with error message: "[('shift_efficiency_score',)] not found in axis"
2026-03-17 15:58:20,183 - ERROR - Error occurred in file: C:\Users\mrdan\Documents\Data_Science_Notes\Machine_Learning\amdari\Shift_optimisation_system\app\main.py at line number: 162 with error message: Error occurred in file: C:\Users\mrdan\Documents\Data_Science_Notes\Machine_Learning\amdari\Shift_optimisation_system\src\pipelines\training_pipeline.py at line number: 20 with error message: Error occurred in file: C:\Users\mrdan\Documents\Data_Science_Notes\Machine_Learning\amdari\Shift_optimisation_system\src\components\data_transformation.py at line number: 58 with error message: Error occurred in file: C:\Users\mrdan\Documents\Data_Science_Notes\Machine_Learning\amdari\Shift_optimisation_system\src\components\data_transformation.py at line number: 38 with error message: Error occurred in file: C:\Users\mrdan\Documents\Data_Science_Notes\Machine_Learning\amdari\Shift_optimisation_system\src\components\data_transformation.py at line number: 25 with error message: "[('shift_efficiency_score',)] not found in axis"
2026-03-17 15:58:20,183 - ERROR - Error occurred in file: C:\Users\mrdan\Documents\Data_Science_Notes\Machine_Learning\amdari\Shift_optimisation_system\app\main.py at line number: 162 with error message: Error occurred in file: C:\Users\mrdan\Documents\Data_Science_Notes\Machine_Learning\amdari\Shift_optimisation_system\src\pipelines\training_pipeline.py at line number: 20 with error message: Error occurred in file: C:\Users\mrdan\Documents\Data_Science_Notes\Machine_Learning\amdari\Shift_optimisation_system\src\components\data_transformation.py at line number: 58 with error message: Error occurred in file: C:\Users\mrdan\Documents\Data_Science_Notes\Machine_Learning\amdari\Shift_optimisation_system\src\components\data_transformation.py at line number: 38 with error message: Error occurred in file: C:\Users\mrdan\Documents\Data_Science_Notes\Machine_Learning\amdari\Shift_optimisation_system\src\components\data_transformation.py at line number: 25 with error message: "[('shift_efficiency_score',)] not found in axis"
