2026-03-17 15:56:53,079 - DEBUG - Using proactor: IocpProactor
2026-03-17 15:56:53,079 - DEBUG - Using proactor: IocpProactor
2026-03-17 15:56:53,079 - DEBUG - Using proactor: IocpProactor
2026-03-17 15:56:53,079 - DEBUG - Using proactor: IocpProactor
2026-03-17 15:57:00,862 - INFO - Loading data from the database...
2026-03-17 15:57:00,862 - INFO - Loading data from the database...
2026-03-17 15:57:00,862 - INFO - Loading data from the database...
2026-03-17 15:57:00,862 - INFO - Loading data from the database...
2026-03-17 15:57:00,862 - INFO - Loading data from the database...
2026-03-17 15:57:00,881 - INFO - Schema loaded successfully.
2026-03-17 15:57:00,881 - INFO - Schema loaded successfully.
2026-03-17 15:57:00,881 - INFO - Schema loaded successfully.
2026-03-17 15:57:00,881 - INFO - Schema loaded successfully.
2026-03-17 15:57:00,881 - INFO - Schema loaded successfully.
2026-03-17 15:57:04,842 - INFO - Data loaded and saved to artifacts/data/shift_performance_data.csv
2026-03-17 15:57:04,842 - INFO - Data loaded and saved to artifacts/data/shift_performance_data.csv
2026-03-17 15:57:04,842 - INFO - Data loaded and saved to artifacts/data/shift_performance_data.csv
2026-03-17 15:57:04,842 - INFO - Data loaded and saved to artifacts/data/shift_performance_data.csv
2026-03-17 15:57:04,842 - INFO - Data loaded and saved to artifacts/data/shift_performance_data.csv
2026-03-17 15:57:04,846 - INFO - Data loaded successfully.
2026-03-17 15:57:04,846 - INFO - Data loaded successfully.
2026-03-17 15:57:04,846 - INFO - Data loaded successfully.
2026-03-17 15:57:04,846 - INFO - Data loaded successfully.
2026-03-17 15:57:04,846 - INFO - Data loaded successfully.
2026-03-17 15:57:04,849 - INFO - DataValidation class initialized.
2026-03-17 15:57:04,849 - INFO - DataValidation class initialized.
2026-03-17 15:57:04,849 - INFO - DataValidation class initialized.
2026-03-17 15:57:04,849 - INFO - DataValidation class initialized.
2026-03-17 15:57:04,849 - INFO - DataValidation class initialized.
2026-03-17 15:57:04,849 - INFO - DataValidation class initialized.
2026-03-17 15:57:04,854 - INFO - The input DataFrame is not empty.
2026-03-17 15:57:04,854 - INFO - The input DataFrame is not empty.
2026-03-17 15:57:04,854 - INFO - The input DataFrame is not empty.
2026-03-17 15:57:04,854 - INFO - The input DataFrame is not empty.
2026-03-17 15:57:04,854 - INFO - The input DataFrame is not empty.
2026-03-17 15:57:04,854 - INFO - The input DataFrame is not empty.
2026-03-17 15:57:04,968 - ERROR - The input DataFrame contains missing values.
2026-03-17 15:57:04,968 - ERROR - The input DataFrame contains missing values.
2026-03-17 15:57:04,968 - ERROR - The input DataFrame contains missing values.
2026-03-17 15:57:04,968 - ERROR - The input DataFrame contains missing values.
2026-03-17 15:57:04,968 - ERROR - The input DataFrame contains missing values.
2026-03-17 15:57:04,968 - ERROR - The input DataFrame contains missing values.
2026-03-17 15:57:05,193 - INFO - Filled missing values in numeric column 'temperature' with mean.
2026-03-17 15:57:05,193 - INFO - Filled missing values in numeric column 'temperature' with mean.
2026-03-17 15:57:05,193 - INFO - Filled missing values in numeric column 'temperature' with mean.
2026-03-17 15:57:05,193 - INFO - Filled missing values in numeric column 'temperature' with mean.
2026-03-17 15:57:05,193 - INFO - Filled missing values in numeric column 'temperature' with mean.
2026-03-17 15:57:05,193 - INFO - Filled missing values in numeric column 'temperature' with mean.
2026-03-17 15:57:05,201 - INFO - Filled missing values in numeric column 'humidity' with mean.
2026-03-17 15:57:05,201 - INFO - Filled missing values in numeric column 'humidity' with mean.
2026-03-17 15:57:05,201 - INFO - Filled missing values in numeric column 'humidity' with mean.
2026-03-17 15:57:05,201 - INFO - Filled missing values in numeric column 'humidity' with mean.
2026-03-17 15:57:05,201 - INFO - Filled missing values in numeric column 'humidity' with mean.
2026-03-17 15:57:05,201 - INFO - Filled missing values in numeric column 'humidity' with mean.
2026-03-17 15:57:05,586 - ERROR - The input DataFrame contains 252776 duplicate rows.
2026-03-17 15:57:05,586 - ERROR - The input DataFrame contains 252776 duplicate rows.
2026-03-17 15:57:05,586 - ERROR - The input DataFrame contains 252776 duplicate rows.
2026-03-17 15:57:05,586 - ERROR - The input DataFrame contains 252776 duplicate rows.
2026-03-17 15:57:05,586 - ERROR - The input DataFrame contains 252776 duplicate rows.
2026-03-17 15:57:05,586 - ERROR - The input DataFrame contains 252776 duplicate rows.
2026-03-17 15:57:05,929 - INFO - Dropped 252776 duplicate rows from the DataFrame.
2026-03-17 15:57:05,929 - INFO - Dropped 252776 duplicate rows from the DataFrame.
2026-03-17 15:57:05,929 - INFO - Dropped 252776 duplicate rows from the DataFrame.
2026-03-17 15:57:05,929 - INFO - Dropped 252776 duplicate rows from the DataFrame.
2026-03-17 15:57:05,929 - INFO - Dropped 252776 duplicate rows from the DataFrame.
2026-03-17 15:57:05,929 - INFO - Dropped 252776 duplicate rows from the DataFrame.
2026-03-17 15:57:05,948 - INFO - Outlier detection completed.
2026-03-17 15:57:05,948 - INFO - Outlier detection completed.
2026-03-17 15:57:05,948 - INFO - Outlier detection completed.
2026-03-17 15:57:05,948 - INFO - Outlier detection completed.
2026-03-17 15:57:05,948 - INFO - Outlier detection completed.
2026-03-17 15:57:05,948 - INFO - Outlier detection completed.
2026-03-17 15:57:05,969 - INFO - Outlier capping completed.
2026-03-17 15:57:05,969 - INFO - Outlier capping completed.
2026-03-17 15:57:05,969 - INFO - Outlier capping completed.
2026-03-17 15:57:05,969 - INFO - Outlier capping completed.
2026-03-17 15:57:05,969 - INFO - Outlier capping completed.
2026-03-17 15:57:05,969 - INFO - Outlier capping completed.
2026-03-17 15:57:06,293 - INFO - Data validation completed successfully.
2026-03-17 15:57:06,293 - INFO - Data validation completed successfully.
2026-03-17 15:57:06,293 - INFO - Data validation completed successfully.
2026-03-17 15:57:06,293 - INFO - Data validation completed successfully.
2026-03-17 15:57:06,293 - INFO - Data validation completed successfully.
2026-03-17 15:57:06,293 - INFO - Data validation completed successfully.
2026-03-17 15:57:06,297 - INFO - DataTransformation class initialized.
2026-03-17 15:57:06,297 - INFO - DataTransformation class initialized.
2026-03-17 15:57:06,297 - INFO - DataTransformation class initialized.
2026-03-17 15:57:06,297 - INFO - DataTransformation class initialized.
2026-03-17 15:57:06,297 - INFO - DataTransformation class initialized.
2026-03-17 15:57:06,297 - INFO - DataTransformation class initialized.
2026-03-17 15:57:06,297 - INFO - DataTransformation class initialized.
2026-03-17 15:57:06,304 - INFO - Schema loaded successfully.
2026-03-17 15:57:06,304 - INFO - Schema loaded successfully.
2026-03-17 15:57:06,304 - INFO - Schema loaded successfully.
2026-03-17 15:57:06,304 - INFO - Schema loaded successfully.
2026-03-17 15:57:06,304 - INFO - Schema loaded successfully.
2026-03-17 15:57:06,304 - INFO - Schema loaded successfully.
2026-03-17 15:57:06,304 - INFO - Schema loaded successfully.
2026-03-17 15:57:06,309 - INFO - Performing train-test split.
2026-03-17 15:57:06,309 - INFO - Performing train-test split.
2026-03-17 15:57:06,309 - INFO - Performing train-test split.
2026-03-17 15:57:06,309 - INFO - Performing train-test split.
2026-03-17 15:57:06,309 - INFO - Performing train-test split.
2026-03-17 15:57:06,309 - INFO - Performing train-test split.
2026-03-17 15:57:06,309 - INFO - Performing train-test split.
2026-03-17 15:57:06,314 - INFO - Splitting data into training and testing sets.
2026-03-17 15:57:06,314 - INFO - Splitting data into training and testing sets.
2026-03-17 15:57:06,314 - INFO - Splitting data into training and testing sets.
2026-03-17 15:57:06,314 - INFO - Splitting data into training and testing sets.
2026-03-17 15:57:06,314 - INFO - Splitting data into training and testing sets.
2026-03-17 15:57:06,314 - INFO - Splitting data into training and testing sets.
2026-03-17 15:57:06,314 - INFO - Splitting data into training and testing sets.
2026-03-17 15:57:06,318 - ERROR - Error splitting data: "[('shift_efficiency_score',)] not found in axis"
2026-03-17 15:57:06,318 - ERROR - Error splitting data: "[('shift_efficiency_score',)] not found in axis"
2026-03-17 15:57:06,318 - ERROR - Error splitting data: "[('shift_efficiency_score',)] not found in axis"
2026-03-17 15:57:06,318 - ERROR - Error splitting data: "[('shift_efficiency_score',)] not found in axis"
2026-03-17 15:57:06,318 - ERROR - Error splitting data: "[('shift_efficiency_score',)] not found in axis"
2026-03-17 15:57:06,318 - ERROR - Error splitting data: "[('shift_efficiency_score',)] not found in axis"
2026-03-17 15:57:06,318 - ERROR - Error splitting data: "[('shift_efficiency_score',)] not found in axis"
2026-03-17 15:57:06,321 - ERROR - Error occurred in file: C:\Users\mrdan\Documents\Data_Science_Notes\Machine_Learning\amdari\Shift_optimisation_system\src\components\data_transformation.py at line number: 25 with error message: "[('shift_efficiency_score',)] not found in axis"
2026-03-17 15:57:06,321 - ERROR - Error occurred in file: C:\Users\mrdan\Documents\Data_Science_Notes\Machine_Learning\amdari\Shift_optimisation_system\src\components\data_transformation.py at line number: 25 with error message: "[('shift_efficiency_score',)] not found in axis"
2026-03-17 15:57:06,321 - ERROR - Error occurred in file: C:\Users\mrdan\Documents\Data_Science_Notes\Machine_Learning\amdari\Shift_optimisation_system\src\components\data_transformation.py at line number: 25 with error message: "[('shift_efficiency_score',)] not found in axis"
2026-03-17 15:57:06,321 - ERROR - Error occurred in file: C:\Users\mrdan\Documents\Data_Science_Notes\Machine_Learning\amdari\Shift_optimisation_system\src\components\data_transformation.py at line number: 25 with error message: "[('shift_efficiency_score',)] not found in axis"
2026-03-17 15:57:06,321 - ERROR - Error occurred in file: C:\Users\mrdan\Documents\Data_Science_Notes\Machine_Learning\amdari\Shift_optimisation_system\src\components\data_transformation.py at line number: 25 with error message: "[('shift_efficiency_score',)] not found in axis"
2026-03-17 15:57:06,321 - ERROR - Error occurred in file: C:\Users\mrdan\Documents\Data_Science_Notes\Machine_Learning\amdari\Shift_optimisation_system\src\components\data_transformation.py at line number: 25 with error message: "[('shift_efficiency_score',)] not found in axis"
2026-03-17 15:57:06,321 - ERROR - Error occurred in file: C:\Users\mrdan\Documents\Data_Science_Notes\Machine_Learning\amdari\Shift_optimisation_system\src\components\data_transformation.py at line number: 25 with error message: "[('shift_efficiency_score',)] not found in axis"
2026-03-17 15:57:06,327 - ERROR - Error occurred in file: C:\Users\mrdan\Documents\Data_Science_Notes\Machine_Learning\amdari\Shift_optimisation_system\src\components\data_transformation.py at line number: 25 with error message: "[('shift_efficiency_score',)] not found in axis"
2026-03-17 15:57:06,327 - ERROR - Error occurred in file: C:\Users\mrdan\Documents\Data_Science_Notes\Machine_Learning\amdari\Shift_optimisation_system\src\components\data_transformation.py at line number: 25 with error message: "[('shift_efficiency_score',)] not found in axis"
2026-03-17 15:57:06,327 - ERROR - Error occurred in file: C:\Users\mrdan\Documents\Data_Science_Notes\Machine_Learning\amdari\Shift_optimisation_system\src\components\data_transformation.py at line number: 25 with error message: "[('shift_efficiency_score',)] not found in axis"
2026-03-17 15:57:06,327 - ERROR - Error occurred in file: C:\Users\mrdan\Documents\Data_Science_Notes\Machine_Learning\amdari\Shift_optimisation_system\src\components\data_transformation.py at line number: 25 with error message: "[('shift_efficiency_score',)] not found in axis"
2026-03-17 15:57:06,327 - ERROR - Error occurred in file: C:\Users\mrdan\Documents\Data_Science_Notes\Machine_Learning\amdari\Shift_optimisation_system\src\components\data_transformation.py at line number: 25 with error message: "[('shift_efficiency_score',)] not found in axis"
2026-03-17 15:57:06,327 - ERROR - Error occurred in file: C:\Users\mrdan\Documents\Data_Science_Notes\Machine_Learning\amdari\Shift_optimisation_system\src\components\data_transformation.py at line number: 25 with error message: "[('shift_efficiency_score',)] not found in axis"
2026-03-17 15:57:06,327 - ERROR - Error occurred in file: C:\Users\mrdan\Documents\Data_Science_Notes\Machine_Learning\amdari\Shift_optimisation_system\src\components\data_transformation.py at line number: 25 with error message: "[('shift_efficiency_score',)] not found in axis"
2026-03-17 15:57:06,332 - ERROR - Error during train-test split: Error occurred in file: C:\Users\mrdan\Documents\Data_Science_Notes\Machine_Learning\amdari\Shift_optimisation_system\src\components\data_transformation.py at line number: 25 with error message: "[('shift_efficiency_score',)] not found in axis"
2026-03-17 15:57:06,332 - ERROR - Error during train-test split: Error occurred in file: C:\Users\mrdan\Documents\Data_Science_Notes\Machine_Learning\amdari\Shift_optimisation_system\src\components\data_transformation.py at line number: 25 with error message: "[('shift_efficiency_score',)] not found in axis"
2026-03-17 15:57:06,332 - ERROR - Error during train-test split: Error occurred in file: C:\Users\mrdan\Documents\Data_Science_Notes\Machine_Learning\amdari\Shift_optimisation_system\src\components\data_transformation.py at line number: 25 with error message: "[('shift_efficiency_score',)] not found in axis"
2026-03-17 15:57:06,332 - ERROR - Error during train-test split: Error occurred in file: C:\Users\mrdan\Documents\Data_Science_Notes\Machine_Learning\amdari\Shift_optimisation_system\src\components\data_transformation.py at line number: 25 with error message: "[('shift_efficiency_score',)] not found in axis"
2026-03-17 15:57:06,332 - ERROR - Error during train-test split: Error occurred in file: C:\Users\mrdan\Documents\Data_Science_Notes\Machine_Learning\amdari\Shift_optimisation_system\src\components\data_transformation.py at line number: 25 with error message: "[('shift_efficiency_score',)] not found in axis"
2026-03-17 15:57:06,332 - ERROR - Error during train-test split: Error occurred in file: C:\Users\mrdan\Documents\Data_Science_Notes\Machine_Learning\amdari\Shift_optimisation_system\src\components\data_transformation.py at line number: 25 with error message: "[('shift_efficiency_score',)] not found in axis"
2026-03-17 15:57:06,332 - ERROR - Error during train-test split: Error occurred in file: C:\Users\mrdan\Documents\Data_Science_Notes\Machine_Learning\amdari\Shift_optimisation_system\src\components\data_transformation.py at line number: 25 with error message: "[('shift_efficiency_score',)] not found in axis"
2026-03-17 15:57:06,337 - ERROR - Error occurred in file: C:\Users\mrdan\Documents\Data_Science_Notes\Machine_Learning\amdari\Shift_optimisation_system\src\components\data_transformation.py at line number: 38 with error message: Error occurred in file: C:\Users\mrdan\Documents\Data_Science_Notes\Machine_Learning\amdari\Shift_optimisation_system\src\components\data_transformation.py at line number: 25 with error message: "[('shift_efficiency_score',)] not found in axis"
2026-03-17 15:57:06,337 - ERROR - Error occurred in file: C:\Users\mrdan\Documents\Data_Science_Notes\Machine_Learning\amdari\Shift_optimisation_system\src\components\data_transformation.py at line number: 38 with error message: Error occurred in file: C:\Users\mrdan\Documents\Data_Science_Notes\Machine_Learning\amdari\Shift_optimisation_system\src\components\data_transformation.py at line number: 25 with error message: "[('shift_efficiency_score',)] not found in axis"
2026-03-17 15:57:06,337 - ERROR - Error occurred in file: C:\Users\mrdan\Documents\Data_Science_Notes\Machine_Learning\amdari\Shift_optimisation_system\src\components\data_transformation.py at line number: 38 with error message: Error occurred in file: C:\Users\mrdan\Documents\Data_Science_Notes\Machine_Learning\amdari\Shift_optimisation_system\src\components\data_transformation.py at line number: 25 with error message: "[('shift_efficiency_score',)] not found in axis"
2026-03-17 15:57:06,337 - ERROR - Error occurred in file: C:\Users\mrdan\Documents\Data_Science_Notes\Machine_Learning\amdari\Shift_optimisation_system\src\components\data_transformation.py at line number: 38 with error message: Error occurred in file: C:\Users\mrdan\Documents\Data_Science_Notes\Machine_Learning\amdari\Shift_optimisation_system\src\components\data_transformation.py at line number: 25 with error message: "[('shift_efficiency_score',)] not found in axis"
2026-03-17 15:57:06,337 - ERROR - Error occurred in file: C:\Users\mrdan\Documents\Data_Science_Notes\Machine_Learning\amdari\Shift_optimisation_system\src\components\data_transformation.py at line number: 38 with error message: Error occurred in file: C:\Users\mrdan\Documents\Data_Science_Notes\Machine_Learning\amdari\Shift_optimisation_system\src\components\data_transformation.py at line number: 25 with error message: "[('shift_efficiency_score',)] not found in axis"
2026-03-17 15:57:06,337 - ERROR - Error occurred in file: C:\Users\mrdan\Documents\Data_Science_Notes\Machine_Learning\amdari\Shift_optimisation_system\src\components\data_transformation.py at line number: 38 with error message: Error occurred in file: C:\Users\mrdan\Documents\Data_Science_Notes\Machine_Learning\amdari\Shift_optimisation_system\src\components\data_transformation.py at line number: 25 with error message: "[('shift_efficiency_score',)] not found in axis"
2026-03-17 15:57:06,337 - ERROR - Error occurred in file: C:\Users\mrdan\Documents\Data_Science_Notes\Machine_Learning\amdari\Shift_optimisation_system\src\components\data_transformation.py at line number: 38 with error message: Error occurred in file: C:\Users\mrdan\Documents\Data_Science_Notes\Machine_Learning\amdari\Shift_optimisation_system\src\components\data_transformation.py at line number: 25 with error message: "[('shift_efficiency_score',)] not found in axis"
2026-03-17 15:57:06,342 - ERROR - Error occurred in file: C:\Users\mrdan\Documents\Data_Science_Notes\Machine_Learning\amdari\Shift_optimisation_system\src\components\data_transformation.py at line number: 38 with error message: Error occurred in file: C:\Users\mrdan\Documents\Data_Science_Notes\Machine_Learning\amdari\Shift_optimisation_system\src\components\data_transformation.py at line number: 25 with error message: "[('shift_efficiency_score',)] not found in axis"
2026-03-17 15:57:06,342 - ERROR - Error occurred in file: C:\Users\mrdan\Documents\Data_Science_Notes\Machine_Learning\amdari\Shift_optimisation_system\src\components\data_transformation.py at line number: 38 with error message: Error occurred in file: C:\Users\mrdan\Documents\Data_Science_Notes\Machine_Learning\amdari\Shift_optimisation_system\src\components\data_transformation.py at line number: 25 with error message: "[('shift_efficiency_score',)] not found in axis"
2026-03-17 15:57:06,342 - ERROR - Error occurred in file: C:\Users\mrdan\Documents\Data_Science_Notes\Machine_Learning\amdari\Shift_optimisation_system\src\components\data_transformation.py at line number: 38 with error message: Error occurred in file: C:\Users\mrdan\Documents\Data_Science_Notes\Machine_Learning\amdari\Shift_optimisation_system\src\components\data_transformation.py at line number: 25 with error message: "[('shift_efficiency_score',)] not found in axis"
2026-03-17 15:57:06,342 - ERROR - Error occurred in file: C:\Users\mrdan\Documents\Data_Science_Notes\Machine_Learning\amdari\Shift_optimisation_system\src\components\data_transformation.py at line number: 38 with error message: Error occurred in file: C:\Users\mrdan\Documents\Data_Science_Notes\Machine_Learning\amdari\Shift_optimisation_system\src\components\data_transformation.py at line number: 25 with error message: "[('shift_efficiency_score',)] not found in axis"
2026-03-17 15:57:06,342 - ERROR - Error occurred in file: C:\Users\mrdan\Documents\Data_Science_Notes\Machine_Learning\amdari\Shift_optimisation_system\src\components\data_transformation.py at line number: 38 with error message: Error occurred in file: C:\Users\mrdan\Documents\Data_Science_Notes\Machine_Learning\amdari\Shift_optimisation_system\src\components\data_transformation.py at line number: 25 with error message: "[('shift_efficiency_score',)] not found in axis"
2026-03-17 15:57:06,342 - ERROR - Error occurred in file: C:\Users\mrdan\Documents\Data_Science_Notes\Machine_Learning\amdari\Shift_optimisation_system\src\components\data_transformation.py at line number: 38 with error message: Error occurred in file: C:\Users\mrdan\Documents\Data_Science_Notes\Machine_Learning\amdari\Shift_optimisation_system\src\components\data_transformation.py at line number: 25 with error message: "[('shift_efficiency_score',)] not found in axis"
2026-03-17 15:57:06,342 - ERROR - Error occurred in file: C:\Users\mrdan\Documents\Data_Science_Notes\Machine_Learning\amdari\Shift_optimisation_system\src\components\data_transformation.py at line number: 38 with error message: Error occurred in file: C:\Users\mrdan\Documents\Data_Science_Notes\Machine_Learning\amdari\Shift_optimisation_system\src\components\data_transformation.py at line number: 25 with error message: "[('shift_efficiency_score',)] not found in axis"
2026-03-17 15:57:06,346 - ERROR - Error in start_transformation: Error occurred in file: C:\Users\mrdan\Documents\Data_Science_Notes\Machine_Learning\amdari\Shift_optimisation_system\src\components\data_transformation.py at line number: 38 with error message: Error occurred in file: C:\Users\mrdan\Documents\Data_Science_Notes\Machine_Learning\amdari\Shift_optimisation_system\src\components\data_transformation.py at line number: 25 with error message: "[('shift_efficiency_score',)] not found in axis"
2026-03-17 15:57:06,346 - ERROR - Error in start_transformation: Error occurred in file: C:\Users\mrdan\Documents\Data_Science_Notes\Machine_Learning\amdari\Shift_optimisation_system\src\components\data_transformation.py at line number: 38 with error message: Error occurred in file: C:\Users\mrdan\Documents\Data_Science_Notes\Machine_Learning\amdari\Shift_optimisation_system\src\components\data_transformation.py at line number: 25 with error message: "[('shift_efficiency_score',)] not found in axis"
2026-03-17 15:57:06,346 - ERROR - Error in start_transformation: Error occurred in file: C:\Users\mrdan\Documents\Data_Science_Notes\Machine_Learning\amdari\Shift_optimisation_system\src\components\data_transformation.py at line number: 38 with error message: Error occurred in file: C:\Users\mrdan\Documents\Data_Science_Notes\Machine_Learning\amdari\Shift_optimisation_system\src\components\data_transformation.py at line number: 25 with error message: "[('shift_efficiency_score',)] not found in axis"
2026-03-17 15:57:06,346 - ERROR - Error in start_transformation: Error occurred in file: C:\Users\mrdan\Documents\Data_Science_Notes\Machine_Learning\amdari\Shift_optimisation_system\src\components\data_transformation.py at line number: 38 with error message: Error occurred in file: C:\Users\mrdan\Documents\Data_Science_Notes\Machine_Learning\amdari\Shift_optimisation_system\src\components\data_transformation.py at line number: 25 with error message: "[('shift_efficiency_score',)] not found in axis"
2026-03-17 15:57:06,346 - ERROR - Error in start_transformation: Error occurred in file: C:\Users\mrdan\Documents\Data_Science_Notes\Machine_Learning\amdari\Shift_optimisation_system\src\components\data_transformation.py at line number: 38 with error message: Error occurred in file: C:\Users\mrdan\Documents\Data_Science_Notes\Machine_Learning\amdari\Shift_optimisation_system\src\components\data_transformation.py at line number: 25 with error message: "[('shift_efficiency_score',)] not found in axis"
2026-03-17 15:57:06,346 - ERROR - Error in start_transformation: Error occurred in file: C:\Users\mrdan\Documents\Data_Science_Notes\Machine_Learning\amdari\Shift_optimisation_system\src\components\data_transformation.py at line number: 38 with error message: Error occurred in file: C:\Users\mrdan\Documents\Data_Science_Notes\Machine_Learning\amdari\Shift_optimisation_system\src\components\data_transformation.py at line number: 25 with error message: "[('shift_efficiency_score',)] not found in axis"
2026-03-17 15:57:06,346 - ERROR - Error in start_transformation: Error occurred in file: C:\Users\mrdan\Documents\Data_Science_Notes\Machine_Learning\amdari\Shift_optimisation_system\src\components\data_transformation.py at line number: 38 with error message: Error occurred in file: C:\Users\mrdan\Documents\Data_Science_Notes\Machine_Learning\amdari\Shift_optimisation_system\src\components\data_transformation.py at line number: 25 with error message: "[('shift_efficiency_score',)] not found in axis"
2026-03-17 15:57:06,350 - ERROR - Error occurred in file: C:\Users\mrdan\Documents\Data_Science_Notes\Machine_Learning\amdari\Shift_optimisation_system\src\components\data_transformation.py at line number: 58 with error message: Error occurred in file: C:\Users\mrdan\Documents\Data_Science_Notes\Machine_Learning\amdari\Shift_optimisation_system\src\components\data_transformation.py at line number: 38 with error message: Error occurred in file: C:\Users\mrdan\Documents\Data_Science_Notes\Machine_Learning\amdari\Shift_optimisation_system\src\components\data_transformation.py at line number: 25 with error message: "[('shift_efficiency_score',)] not found in axis"
2026-03-17 15:57:06,350 - ERROR - Error occurred in file: C:\Users\mrdan\Documents\Data_Science_Notes\Machine_Learning\amdari\Shift_optimisation_system\src\components\data_transformation.py at line number: 58 with error message: Error occurred in file: C:\Users\mrdan\Documents\Data_Science_Notes\Machine_Learning\amdari\Shift_optimisation_system\src\components\data_transformation.py at line number: 38 with error message: Error occurred in file: C:\Users\mrdan\Documents\Data_Science_Notes\Machine_Learning\amdari\Shift_optimisation_system\src\components\data_transformation.py at line number: 25 with error message: "[('shift_efficiency_score',)] not found in axis"
2026-03-17 15:57:06,350 - ERROR - Error occurred in file: C:\Users\mrdan\Documents\Data_Science_Notes\Machine_Learning\amdari\Shift_optimisation_system\src\components\data_transformation.py at line number: 58 with error message: Error occurred in file: C:\Users\mrdan\Documents\Data_Science_Notes\Machine_Learning\amdari\Shift_optimisation_system\src\components\data_transformation.py at line number: 38 with error message: Error occurred in file: C:\Users\mrdan\Documents\Data_Science_Notes\Machine_Learning\amdari\Shift_optimisation_system\src\components\data_transformation.py at line number: 25 with error message: "[('shift_efficiency_score',)] not found in axis"
2026-03-17 15:57:06,350 - ERROR - Error occurred in file: C:\Users\mrdan\Documents\Data_Science_Notes\Machine_Learning\amdari\Shift_optimisation_system\src\components\data_transformation.py at line number: 58 with error message: Error occurred in file: C:\Users\mrdan\Documents\Data_Science_Notes\Machine_Learning\amdari\Shift_optimisation_system\src\components\data_transformation.py at line number: 38 with error message: Error occurred in file: C:\Users\mrdan\Documents\Data_Science_Notes\Machine_Learning\amdari\Shift_optimisation_system\src\components\data_transformation.py at line number: 25 with error message: "[('shift_efficiency_score',)] not found in axis"
2026-03-17 15:57:06,350 - ERROR - Error occurred in file: C:\Users\mrdan\Documents\Data_Science_Notes\Machine_Learning\amdari\Shift_optimisation_system\src\components\data_transformation.py at line number: 58 with error message: Error occurred in file: C:\Users\mrdan\Documents\Data_Science_Notes\Machine_Learning\amdari\Shift_optimisation_system\src\components\data_transformation.py at line number: 38 with error message: Error occurred in file: C:\Users\mrdan\Documents\Data_Science_Notes\Machine_Learning\amdari\Shift_optimisation_system\src\components\data_transformation.py at line number: 25 with error message: "[('shift_efficiency_score',)] not found in axis"
2026-03-17 15:57:06,350 - ERROR - Error occurred in file: C:\Users\mrdan\Documents\Data_Science_Notes\Machine_Learning\amdari\Shift_optimisation_system\src\components\data_transformation.py at line number: 58 with error message: Error occurred in file: C:\Users\mrdan\Documents\Data_Science_Notes\Machine_Learning\amdari\Shift_optimisation_system\src\components\data_transformation.py at line number: 38 with error message: Error occurred in file: C:\Users\mrdan\Documents\Data_Science_Notes\Machine_Learning\amdari\Shift_optimisation_system\src\components\data_transformation.py at line number: 25 with error message: "[('shift_efficiency_score',)] not found in axis"
2026-03-17 15:57:06,350 - ERROR - Error occurred in file: C:\Users\mrdan\Documents\Data_Science_Notes\Machine_Learning\amdari\Shift_optimisation_system\src\components\data_transformation.py at line number: 58 with error message: Error occurred in file: C:\Users\mrdan\Documents\Data_Science_Notes\Machine_Learning\amdari\Shift_optimisation_system\src\components\data_transformation.py at line number: 38 with error message: Error occurred in file: C:\Users\mrdan\Documents\Data_Science_Notes\Machine_Learning\amdari\Shift_optimisation_system\src\components\data_transformation.py at line number: 25 with error message: "[('shift_efficiency_score',)] not found in axis"
2026-03-17 15:57:06,355 - ERROR - Error occurred in file: C:\Users\mrdan\Documents\Data_Science_Notes\Machine_Learning\amdari\Shift_optimisation_system\src\components\data_transformation.py at line number: 58 with error message: Error occurred in file: C:\Users\mrdan\Documents\Data_Science_Notes\Machine_Learning\amdari\Shift_optimisation_system\src\components\data_transformation.py at line number: 38 with error message: Error occurred in file: C:\Users\mrdan\Documents\Data_Science_Notes\Machine_Learning\amdari\Shift_optimisation_system\src\components\data_transformation.py at line number: 25 with error message: "[('shift_efficiency_score',)] not found in axis"
2026-03-17 15:57:06,355 - ERROR - Error occurred in file: C:\Users\mrdan\Documents\Data_Science_Notes\Machine_Learning\amdari\Shift_optimisation_system\src\components\data_transformation.py at line number: 58 with error message: Error occurred in file: C:\Users\mrdan\Documents\Data_Science_Notes\Machine_Learning\amdari\Shift_optimisation_system\src\components\data_transformation.py at line number: 38 with error message: Error occurred in file: C:\Users\mrdan\Documents\Data_Science_Notes\Machine_Learning\amdari\Shift_optimisation_system\src\components\data_transformation.py at line number: 25 with error message: "[('shift_efficiency_score',)] not found in axis"
2026-03-17 15:57:06,355 - ERROR - Error occurred in file: C:\Users\mrdan\Documents\Data_Science_Notes\Machine_Learning\amdari\Shift_optimisation_system\src\components\data_transformation.py at line number: 58 with error message: Error occurred in file: C:\Users\mrdan\Documents\Data_Science_Notes\Machine_Learning\amdari\Shift_optimisation_system\src\components\data_transformation.py at line number: 38 with error message: Error occurred in file: C:\Users\mrdan\Documents\Data_Science_Notes\Machine_Learning\amdari\Shift_optimisation_system\src\components\data_transformation.py at line number: 25 with error message: "[('shift_efficiency_score',)] not found in axis"
2026-03-17 15:57:06,355 - ERROR - Error occurred in file: C:\Users\mrdan\Documents\Data_Science_Notes\Machine_Learning\amdari\Shift_optimisation_system\src\components\data_transformation.py at line number: 58 with error message: Error occurred in file: C:\Users\mrdan\Documents\Data_Science_Notes\Machine_Learning\amdari\Shift_optimisation_system\src\components\data_transformation.py at line number: 38 with error message: Error occurred in file: C:\Users\mrdan\Documents\Data_Science_Notes\Machine_Learning\amdari\Shift_optimisation_system\src\components\data_transformation.py at line number: 25 with error message: "[('shift_efficiency_score',)] not found in axis"
2026-03-17 15:57:06,355 - ERROR - Error occurred in file: C:\Users\mrdan\Documents\Data_Science_Notes\Machine_Learning\amdari\Shift_optimisation_system\src\components\data_transformation.py at line number: 58 with error message: Error occurred in file: C:\Users\mrdan\Documents\Data_Science_Notes\Machine_Learning\amdari\Shift_optimisation_system\src\components\data_transformation.py at line number: 38 with error message: Error occurred in file: C:\Users\mrdan\Documents\Data_Science_Notes\Machine_Learning\amdari\Shift_optimisation_system\src\components\data_transformation.py at line number: 25 with error message: "[('shift_efficiency_score',)] not found in axis"
2026-03-17 15:57:06,355 - ERROR - Error occurred in file: C:\Users\mrdan\Documents\Data_Science_Notes\Machine_Learning\amdari\Shift_optimisation_system\src\components\data_transformation.py at line number: 58 with error message: Error occurred in file: C:\Users\mrdan\Documents\Data_Science_Notes\Machine_Learning\amdari\Shift_optimisation_system\src\components\data_transformation.py at line number: 38 with error message: Error occurred in file: C:\Users\mrdan\Documents\Data_Science_Notes\Machine_Learning\amdari\Shift_optimisation_system\src\components\data_transformation.py at line number: 25 with error message: "[('shift_efficiency_score',)] not found in axis"
2026-03-17 15:57:06,355 - ERROR - Error occurred in file: C:\Users\mrdan\Documents\Data_Science_Notes\Machine_Learning\amdari\Shift_optimisation_system\src\components\data_transformation.py at line number: 58 with error message: Error occurred in file: C:\Users\mrdan\Documents\Data_Science_Notes\Machine_Learning\amdari\Shift_optimisation_system\src\components\data_transformation.py at line number: 38 with error message: Error occurred in file: C:\Users\mrdan\Documents\Data_Science_Notes\Machine_Learning\amdari\Shift_optimisation_system\src\components\data_transformation.py at line number: 25 with error message: "[('shift_efficiency_score',)] not found in axis"
2026-03-17 15:57:06,358 - ERROR - Error in training pipeline: Error occurred in file: C:\Users\mrdan\Documents\Data_Science_Notes\Machine_Learning\amdari\Shift_optimisation_system\src\components\data_transformation.py at line number: 58 with error message: Error occurred in file: C:\Users\mrdan\Documents\Data_Science_Notes\Machine_Learning\amdari\Shift_optimisation_system\src\components\data_transformation.py at line number: 38 with error message: Error occurred in file: C:\Users\mrdan\Documents\Data_Science_Notes\Machine_Learning\amdari\Shift_optimisation_system\src\components\data_transformation.py at line number: 25 with error message: "[('shift_efficiency_score',)] not found in axis"
2026-03-17 15:57:06,358 - ERROR - Error in training pipeline: Error occurred in file: C:\Users\mrdan\Documents\Data_Science_Notes\Machine_Learning\amdari\Shift_optimisation_system\src\components\data_transformation.py at line number: 58 with error message: Error occurred in file: C:\Users\mrdan\Documents\Data_Science_Notes\Machine_Learning\amdari\Shift_optimisation_system\src\components\data_transformation.py at line number: 38 with error message: Error occurred in file: C:\Users\mrdan\Documents\Data_Science_Notes\Machine_Learning\amdari\Shift_optimisation_system\src\components\data_transformation.py at line number: 25 with error message: "[('shift_efficiency_score',)] not found in axis"
2026-03-17 15:57:06,358 - ERROR - Error in training pipeline: Error occurred in file: C:\Users\mrdan\Documents\Data_Science_Notes\Machine_Learning\amdari\Shift_optimisation_system\src\components\data_transformation.py at line number: 58 with error message: Error occurred in file: C:\Users\mrdan\Documents\Data_Science_Notes\Machine_Learning\amdari\Shift_optimisation_system\src\components\data_transformation.py at line number: 38 with error message: Error occurred in file: C:\Users\mrdan\Documents\Data_Science_Notes\Machine_Learning\amdari\Shift_optimisation_system\src\components\data_transformation.py at line number: 25 with error message: "[('shift_efficiency_score',)] not found in axis"
2026-03-17 15:57:06,358 - ERROR - Error in training pipeline: Error occurred in file: C:\Users\mrdan\Documents\Data_Science_Notes\Machine_Learning\amdari\Shift_optimisation_system\src\components\data_transformation.py at line number: 58 with error message: Error occurred in file: C:\Users\mrdan\Documents\Data_Science_Notes\Machine_Learning\amdari\Shift_optimisation_system\src\components\data_transformation.py at line number: 38 with error message: Error occurred in file: C:\Users\mrdan\Documents\Data_Science_Notes\Machine_Learning\amdari\Shift_optimisation_system\src\components\data_transformation.py at line number: 25 with error message: "[('shift_efficiency_score',)] not found in axis"
2026-03-17 15:57:06,358 - ERROR - Error in training pipeline: Error occurred in file: C:\Users\mrdan\Documents\Data_Science_Notes\Machine_Learning\amdari\Shift_optimisation_system\src\components\data_transformation.py at line number: 58 with error message: Error occurred in file: C:\Users\mrdan\Documents\Data_Science_Notes\Machine_Learning\amdari\Shift_optimisation_system\src\components\data_transformation.py at line number: 38 with error message: Error occurred in file: C:\Users\mrdan\Documents\Data_Science_Notes\Machine_Learning\amdari\Shift_optimisation_system\src\components\data_transformation.py at line number: 25 with error message: "[('shift_efficiency_score',)] not found in axis"
2026-03-17 15:57:06,358 - ERROR - Error in training pipeline: Error occurred in file: C:\Users\mrdan\Documents\Data_Science_Notes\Machine_Learning\amdari\Shift_optimisation_system\src\components\data_transformation.py at line number: 58 with error message: Error occurred in file: C:\Users\mrdan\Documents\Data_Science_Notes\Machine_Learning\amdari\Shift_optimisation_system\src\components\data_transformation.py at line number: 38 with error message: Error occurred in file: C:\Users\mrdan\Documents\Data_Science_Notes\Machine_Learning\amdari\Shift_optimisation_system\src\components\data_transformation.py at line number: 25 with error message: "[('shift_efficiency_score',)] not found in axis"
2026-03-17 15:57:06,358 - ERROR - Error in training pipeline: Error occurred in file: C:\Users\mrdan\Documents\Data_Science_Notes\Machine_Learning\amdari\Shift_optimisation_system\src\components\data_transformation.py at line number: 58 with error message: Error occurred in file: C:\Users\mrdan\Documents\Data_Science_Notes\Machine_Learning\amdari\Shift_optimisation_system\src\components\data_transformation.py at line number: 38 with error message: Error occurred in file: C:\Users\mrdan\Documents\Data_Science_Notes\Machine_Learning\amdari\Shift_optimisation_system\src\components\data_transformation.py at line number: 25 with error message: "[('shift_efficiency_score',)] not found in axis"
2026-03-17 15:57:06,363 - ERROR - Error occurred in file: C:\Users\mrdan\Documents\Data_Science_Notes\Machine_Learning\amdari\Shift_optimisation_system\src\pipelines\training_pipeline.py at line number: 20 with error message: Error occurred in file: C:\Users\mrdan\Documents\Data_Science_Notes\Machine_Learning\amdari\Shift_optimisation_system\src\components\data_transformation.py at line number: 58 with error message: Error occurred in file: C:\Users\mrdan\Documents\Data_Science_Notes\Machine_Learning\amdari\Shift_optimisation_system\src\components\data_transformation.py at line number: 38 with error message: Error occurred in file: C:\Users\mrdan\Documents\Data_Science_Notes\Machine_Learning\amdari\Shift_optimisation_system\src\components\data_transformation.py at line number: 25 with error message: "[('shift_efficiency_score',)] not found in axis"
2026-03-17 15:57:06,363 - ERROR - Error occurred in file: C:\Users\mrdan\Documents\Data_Science_Notes\Machine_Learning\amdari\Shift_optimisation_system\src\pipelines\training_pipeline.py at line number: 20 with error message: Error occurred in file: C:\Users\mrdan\Documents\Data_Science_Notes\Machine_Learning\amdari\Shift_optimisation_system\src\components\data_transformation.py at line number: 58 with error message: Error occurred in file: C:\Users\mrdan\Documents\Data_Science_Notes\Machine_Learning\amdari\Shift_optimisation_system\src\components\data_transformation.py at line number: 38 with error message: Error occurred in file: C:\Users\mrdan\Documents\Data_Science_Notes\Machine_Learning\amdari\Shift_optimisation_system\src\components\data_transformation.py at line number: 25 with error message: "[('shift_efficiency_score',)] not found in axis"
2026-03-17 15:57:06,363 - ERROR - Error occurred in file: C:\Users\mrdan\Documents\Data_Science_Notes\Machine_Learning\amdari\Shift_optimisation_system\src\pipelines\training_pipeline.py at line number: 20 with error message: Error occurred in file: C:\Users\mrdan\Documents\Data_Science_Notes\Machine_Learning\amdari\Shift_optimisation_system\src\components\data_transformation.py at line number: 58 with error message: Error occurred in file: C:\Users\mrdan\Documents\Data_Science_Notes\Machine_Learning\amdari\Shift_optimisation_system\src\components\data_transformation.py at line number: 38 with error message: Error occurred in file: C:\Users\mrdan\Documents\Data_Science_Notes\Machine_Learning\amdari\Shift_optimisation_system\src\components\data_transformation.py at line number: 25 with error message: "[('shift_efficiency_score',)] not found in axis"
2026-03-17 15:57:06,363 - ERROR - Error occurred in file: C:\Users\mrdan\Documents\Data_Science_Notes\Machine_Learning\amdari\Shift_optimisation_system\src\pipelines\training_pipeline.py at line number: 20 with error message: Error occurred in file: C:\Users\mrdan\Documents\Data_Science_Notes\Machine_Learning\amdari\Shift_optimisation_system\src\components\data_transformation.py at line number: 58 with error message: Error occurred in file: C:\Users\mrdan\Documents\Data_Science_Notes\Machine_Learning\amdari\Shift_optimisation_system\src\components\data_transformation.py at line number: 38 with error message: Error occurred in file: C:\Users\mrdan\Documents\Data_Science_Notes\Machine_Learning\amdari\Shift_optimisation_system\src\components\data_transformation.py at line number: 25 with error message: "[('shift_efficiency_score',)] not found in axis"
2026-03-17 15:57:06,363 - ERROR - Error occurred in file: C:\Users\mrdan\Documents\Data_Science_Notes\Machine_Learning\amdari\Shift_optimisation_system\src\pipelines\training_pipeline.py at line number: 20 with error message: Error occurred in file: C:\Users\mrdan\Documents\Data_Science_Notes\Machine_Learning\amdari\Shift_optimisation_system\src\components\data_transformation.py at line number: 58 with error message: Error occurred in file: C:\Users\mrdan\Documents\Data_Science_Notes\Machine_Learning\amdari\Shift_optimisation_system\src\components\data_transformation.py at line number: 38 with error message: Error occurred in file: C:\Users\mrdan\Documents\Data_Science_Notes\Machine_Learning\amdari\Shift_optimisation_system\src\components\data_transformation.py at line number: 25 with error message: "[('shift_efficiency_score',)] not found in axis"
2026-03-17 15:57:06,363 - ERROR - Error occurred in file: C:\Users\mrdan\Documents\Data_Science_Notes\Machine_Learning\amdari\Shift_optimisation_system\src\pipelines\training_pipeline.py at line number: 20 with error message: Error occurred in file: C:\Users\mrdan\Documents\Data_Science_Notes\Machine_Learning\amdari\Shift_optimisation_system\src\components\data_transformation.py at line number: 58 with error message: Error occurred in file: C:\Users\mrdan\Documents\Data_Science_Notes\Machine_Learning\amdari\Shift_optimisation_system\src\components\data_transformation.py at line number: 38 with error message: Error occurred in file: C:\Users\mrdan\Documents\Data_Science_Notes\Machine_Learning\amdari\Shift_optimisation_system\src\components\data_transformation.py at line number: 25 with error message: "[('shift_efficiency_score',)] not found in axis"
2026-03-17 15:57:06,363 - ERROR - Error occurred in file: C:\Users\mrdan\Documents\Data_Science_Notes\Machine_Learning\amdari\Shift_optimisation_system\src\pipelines\training_pipeline.py at line number: 20 with error message: Error occurred in file: C:\Users\mrdan\Documents\Data_Science_Notes\Machine_Learning\amdari\Shift_optimisation_system\src\components\data_transformation.py at line number: 58 with error message: Error occurred in file: C:\Users\mrdan\Documents\Data_Science_Notes\Machine_Learning\amdari\Shift_optimisation_system\src\components\data_transformation.py at line number: 38 with error message: Error occurred in file: C:\Users\mrdan\Documents\Data_Science_Notes\Machine_Learning\amdari\Shift_optimisation_system\src\components\data_transformation.py at line number: 25 with error message: "[('shift_efficiency_score',)] not found in axis"
2026-03-17 15:57:06,367 - ERROR - Error occurred in file: C:\Users\mrdan\Documents\Data_Science_Notes\Machine_Learning\amdari\Shift_optimisation_system\src\pipelines\training_pipeline.py at line number: 20 with error message: Error occurred in file: C:\Users\mrdan\Documents\Data_Science_Notes\Machine_Learning\amdari\Shift_optimisation_system\src\components\data_transformation.py at line number: 58 with error message: Error occurred in file: C:\Users\mrdan\Documents\Data_Science_Notes\Machine_Learning\amdari\Shift_optimisation_system\src\components\data_transformation.py at line number: 38 with error message: Error occurred in file: C:\Users\mrdan\Documents\Data_Science_Notes\Machine_Learning\amdari\Shift_optimisation_system\src\components\data_transformation.py at line number: 25 with error message: "[('shift_efficiency_score',)] not found in axis"
2026-03-17 15:57:06,367 - ERROR - Error occurred in file: C:\Users\mrdan\Documents\Data_Science_Notes\Machine_Learning\amdari\Shift_optimisation_system\src\pipelines\training_pipeline.py at line number: 20 with error message: Error occurred in file: C:\Users\mrdan\Documents\Data_Science_Notes\Machine_Learning\amdari\Shift_optimisation_system\src\components\data_transformation.py at line number: 58 with error message: Error occurred in file: C:\Users\mrdan\Documents\Data_Science_Notes\Machine_Learning\amdari\Shift_optimisation_system\src\components\data_transformation.py at line number: 38 with error message: Error occurred in file: C:\Users\mrdan\Documents\Data_Science_Notes\Machine_Learning\amdari\Shift_optimisation_system\src\components\data_transformation.py at line number: 25 with error message: "[('shift_efficiency_score',)] not found in axis"
2026-03-17 15:57:06,367 - ERROR - Error occurred in file: C:\Users\mrdan\Documents\Data_Science_Notes\Machine_Learning\amdari\Shift_optimisation_system\src\pipelines\training_pipeline.py at line number: 20 with error message: Error occurred in file: C:\Users\mrdan\Documents\Data_Science_Notes\Machine_Learning\amdari\Shift_optimisation_system\src\components\data_transformation.py at line number: 58 with error message: Error occurred in file: C:\Users\mrdan\Documents\Data_Science_Notes\Machine_Learning\amdari\Shift_optimisation_system\src\components\data_transformation.py at line number: 38 with error message: Error occurred in file: C:\Users\mrdan\Documents\Data_Science_Notes\Machine_Learning\amdari\Shift_optimisation_system\src\components\data_transformation.py at line number: 25 with error message: "[('shift_efficiency_score',)] not found in axis"
2026-03-17 15:57:06,367 - ERROR - Error occurred in file: C:\Users\mrdan\Documents\Data_Science_Notes\Machine_Learning\amdari\Shift_optimisation_system\src\pipelines\training_pipeline.py at line number: 20 with error message: Error occurred in file: C:\Users\mrdan\Documents\Data_Science_Notes\Machine_Learning\amdari\Shift_optimisation_system\src\components\data_transformation.py at line number: 58 with error message: Error occurred in file: C:\Users\mrdan\Documents\Data_Science_Notes\Machine_Learning\amdari\Shift_optimisation_system\src\components\data_transformation.py at line number: 38 with error message: Error occurred in file: C:\Users\mrdan\Documents\Data_Science_Notes\Machine_Learning\amdari\Shift_optimisation_system\src\components\data_transformation.py at line number: 25 with error message: "[('shift_efficiency_score',)] not found in axis"
2026-03-17 15:57:06,367 - ERROR - Error occurred in file: C:\Users\mrdan\Documents\Data_Science_Notes\Machine_Learning\amdari\Shift_optimisation_system\src\pipelines\training_pipeline.py at line number: 20 with error message: Error occurred in file: C:\Users\mrdan\Documents\Data_Science_Notes\Machine_Learning\amdari\Shift_optimisation_system\src\components\data_transformation.py at line number: 58 with error message: Error occurred in file: C:\Users\mrdan\Documents\Data_Science_Notes\Machine_Learning\amdari\Shift_optimisation_system\src\components\data_transformation.py at line number: 38 with error message: Error occurred in file: C:\Users\mrdan\Documents\Data_Science_Notes\Machine_Learning\amdari\Shift_optimisation_system\src\components\data_transformation.py at line number: 25 with error message: "[('shift_efficiency_score',)] not found in axis"
2026-03-17 15:57:06,367 - ERROR - Error occurred in file: C:\Users\mrdan\Documents\Data_Science_Notes\Machine_Learning\amdari\Shift_optimisation_system\src\pipelines\training_pipeline.py at line number: 20 with error message: Error occurred in file: C:\Users\mrdan\Documents\Data_Science_Notes\Machine_Learning\amdari\Shift_optimisation_system\src\components\data_transformation.py at line number: 58 with error message: Error occurred in file: C:\Users\mrdan\Documents\Data_Science_Notes\Machine_Learning\amdari\Shift_optimisation_system\src\components\data_transformation.py at line number: 38 with error message: Error occurred in file: C:\Users\mrdan\Documents\Data_Science_Notes\Machine_Learning\amdari\Shift_optimisation_system\src\components\data_transformation.py at line number: 25 with error message: "[('shift_efficiency_score',)] not found in axis"
2026-03-17 15:57:06,367 - ERROR - Error occurred in file: C:\Users\mrdan\Documents\Data_Science_Notes\Machine_Learning\amdari\Shift_optimisation_system\src\pipelines\training_pipeline.py at line number: 20 with error message: Error occurred in file: C:\Users\mrdan\Documents\Data_Science_Notes\Machine_Learning\amdari\Shift_optimisation_system\src\components\data_transformation.py at line number: 58 with error message: Error occurred in file: C:\Users\mrdan\Documents\Data_Science_Notes\Machine_Learning\amdari\Shift_optimisation_system\src\components\data_transformation.py at line number: 38 with error message: Error occurred in file: C:\Users\mrdan\Documents\Data_Science_Notes\Machine_Learning\amdari\Shift_optimisation_system\src\components\data_transformation.py at line number: 25 with error message: "[('shift_efficiency_score',)] not found in axis"
2026-03-17 15:57:06,376 - ERROR - Error during retraining: Error occurred in file: C:\Users\mrdan\Documents\Data_Science_Notes\Machine_Learning\amdari\Shift_optimisation_system\src\pipelines\training_pipeline.py at line number: 20 with error message: Error occurred in file: C:\Users\mrdan\Documents\Data_Science_Notes\Machine_Learning\amdari\Shift_optimisation_system\src\components\data_transformation.py at line number: 58 with error message: Error occurred in file: C:\Users\mrdan\Documents\Data_Science_Notes\Machine_Learning\amdari\Shift_optimisation_system\src\components\data_transformation.py at line number: 38 with error message: Error occurred in file: C:\Users\mrdan\Documents\Data_Science_Notes\Machine_Learning\amdari\Shift_optimisation_system\src\components\data_transformation.py at line number: 25 with error message: "[('shift_efficiency_score',)] not found in axis"
2026-03-17 15:57:06,376 - ERROR - Error during retraining: Error occurred in file: C:\Users\mrdan\Documents\Data_Science_Notes\Machine_Learning\amdari\Shift_optimisation_system\src\pipelines\training_pipeline.py at line number: 20 with error message: Error occurred in file: C:\Users\mrdan\Documents\Data_Science_Notes\Machine_Learning\amdari\Shift_optimisation_system\src\components\data_transformation.py at line number: 58 with error message: Error occurred in file: C:\Users\mrdan\Documents\Data_Science_Notes\Machine_Learning\amdari\Shift_optimisation_system\src\components\data_transformation.py at line number: 38 with error message: Error occurred in file: C:\Users\mrdan\Documents\Data_Science_Notes\Machine_Learning\amdari\Shift_optimisation_system\src\components\data_transformation.py at line number: 25 with error message: "[('shift_efficiency_score',)] not found in axis"
2026-03-17 15:57:06,376 - ERROR - Error during retraining: Error occurred in file: C:\Users\mrdan\Documents\Data_Science_Notes\Machine_Learning\amdari\Shift_optimisation_system\src\pipelines\training_pipeline.py at line number: 20 with error message: Error occurred in file: C:\Users\mrdan\Documents\Data_Science_Notes\Machine_Learning\amdari\Shift_optimisation_system\src\components\data_transformation.py at line number: 58 with error message: Error occurred in file: C:\Users\mrdan\Documents\Data_Science_Notes\Machine_Learning\amdari\Shift_optimisation_system\src\components\data_transformation.py at line number: 38 with error message: Error occurred in file: C:\Users\mrdan\Documents\Data_Science_Notes\Machine_Learning\amdari\Shift_optimisation_system\src\components\data_transformation.py at line number: 25 with error message: "[('shift_efficiency_score',)] not found in axis"
2026-03-17 15:57:06,376 - ERROR - Error during retraining: Error occurred in file: C:\Users\mrdan\Documents\Data_Science_Notes\Machine_Learning\amdari\Shift_optimisation_system\src\pipelines\training_pipeline.py at line number: 20 with error message: Error occurred in file: C:\Users\mrdan\Documents\Data_Science_Notes\Machine_Learning\amdari\Shift_optimisation_system\src\components\data_transformation.py at line number: 58 with error message: Error occurred in file: C:\Users\mrdan\Documents\Data_Science_Notes\Machine_Learning\amdari\Shift_optimisation_system\src\components\data_transformation.py at line number: 38 with error message: Error occurred in file: C:\Users\mrdan\Documents\Data_Science_Notes\Machine_Learning\amdari\Shift_optimisation_system\src\components\data_transformation.py at line number: 25 with error message: "[('shift_efficiency_score',)] not found in axis"
2026-03-17 15:57:06,376 - ERROR - Error during retraining: Error occurred in file: C:\Users\mrdan\Documents\Data_Science_Notes\Machine_Learning\amdari\Shift_optimisation_system\src\pipelines\training_pipeline.py at line number: 20 with error message: Error occurred in file: C:\Users\mrdan\Documents\Data_Science_Notes\Machine_Learning\amdari\Shift_optimisation_system\src\components\data_transformation.py at line number: 58 with error message: Error occurred in file: C:\Users\mrdan\Documents\Data_Science_Notes\Machine_Learning\amdari\Shift_optimisation_system\src\components\data_transformation.py at line number: 38 with error message: Error occurred in file: C:\Users\mrdan\Documents\Data_Science_Notes\Machine_Learning\amdari\Shift_optimisation_system\src\components\data_transformation.py at line number: 25 with error message: "[('shift_efficiency_score',)] not found in axis"
2026-03-17 15:57:06,376 - ERROR - Error during retraining: Error occurred in file: C:\Users\mrdan\Documents\Data_Science_Notes\Machine_Learning\amdari\Shift_optimisation_system\src\pipelines\training_pipeline.py at line number: 20 with error message: Error occurred in file: C:\Users\mrdan\Documents\Data_Science_Notes\Machine_Learning\amdari\Shift_optimisation_system\src\components\data_transformation.py at line number: 58 with error message: Error occurred in file: C:\Users\mrdan\Documents\Data_Science_Notes\Machine_Learning\amdari\Shift_optimisation_system\src\components\data_transformation.py at line number: 38 with error message: Error occurred in file: C:\Users\mrdan\Documents\Data_Science_Notes\Machine_Learning\amdari\Shift_optimisation_system\src\components\data_transformation.py at line number: 25 with error message: "[('shift_efficiency_score',)] not found in axis"
2026-03-17 15:57:06,376 - ERROR - Error during retraining: Error occurred in file: C:\Users\mrdan\Documents\Data_Science_Notes\Machine_Learning\amdari\Shift_optimisation_system\src\pipelines\training_pipeline.py at line number: 20 with error message: Error occurred in file: C:\Users\mrdan\Documents\Data_Science_Notes\Machine_Learning\amdari\Shift_optimisation_system\src\components\data_transformation.py at line number: 58 with error message: Error occurred in file: C:\Users\mrdan\Documents\Data_Science_Notes\Machine_Learning\amdari\Shift_optimisation_system\src\components\data_transformation.py at line number: 38 with error message: Error occurred in file: C:\Users\mrdan\Documents\Data_Science_Notes\Machine_Learning\amdari\Shift_optimisation_system\src\components\data_transformation.py at line number: 25 with error message: "[('shift_efficiency_score',)] not found in axis"
2026-03-17 15:57:06,380 - ERROR - Error occurred in file: C:\Users\mrdan\Documents\Data_Science_Notes\Machine_Learning\amdari\Shift_optimisation_system\app\main.py at line number: 162 with error message: Error occurred in file: C:\Users\mrdan\Documents\Data_Science_Notes\Machine_Learning\amdari\Shift_optimisation_system\src\pipelines\training_pipeline.py at line number: 20 with error message: Error occurred in file: C:\Users\mrdan\Documents\Data_Science_Notes\Machine_Learning\amdari\Shift_optimisation_system\src\components\data_transformation.py at line number: 58 with error message: Error occurred in file: C:\Users\mrdan\Documents\Data_Science_Notes\Machine_Learning\amdari\Shift_optimisation_system\src\components\data_transformation.py at line number: 38 with error message: Error occurred in file: C:\Users\mrdan\Documents\Data_Science_Notes\Machine_Learning\amdari\Shift_optimisation_system\src\components\data_transformation.py at line number: 25 with error message: "[('shift_efficiency_score',)] not found in axis"
2026-03-17 15:57:06,380 - ERROR - Error occurred in file: C:\Users\mrdan\Documents\Data_Science_Notes\Machine_Learning\amdari\Shift_optimisation_system\app\main.py at line number: 162 with error message: Error occurred in file: C:\Users\mrdan\Documents\Data_Science_Notes\Machine_Learning\amdari\Shift_optimisation_system\src\pipelines\training_pipeline.py at line number: 20 with error message: Error occurred in file: C:\Users\mrdan\Documents\Data_Science_Notes\Machine_Learning\amdari\Shift_optimisation_system\src\components\data_transformation.py at line number: 58 with error message: Error occurred in file: C:\Users\mrdan\Documents\Data_Science_Notes\Machine_Learning\amdari\Shift_optimisation_system\src\components\data_transformation.py at line number: 38 with error message: Error occurred in file: C:\Users\mrdan\Documents\Data_Science_Notes\Machine_Learning\amdari\Shift_optimisation_system\src\components\data_transformation.py at line number: 25 with error message: "[('shift_efficiency_score',)] not found in axis"
2026-03-17 15:57:06,380 - ERROR - Error occurred in file: C:\Users\mrdan\Documents\Data_Science_Notes\Machine_Learning\amdari\Shift_optimisation_system\app\main.py at line number: 162 with error message: Error occurred in file: C:\Users\mrdan\Documents\Data_Science_Notes\Machine_Learning\amdari\Shift_optimisation_system\src\pipelines\training_pipeline.py at line number: 20 with error message: Error occurred in file: C:\Users\mrdan\Documents\Data_Science_Notes\Machine_Learning\amdari\Shift_optimisation_system\src\components\data_transformation.py at line number: 58 with error message: Error occurred in file: C:\Users\mrdan\Documents\Data_Science_Notes\Machine_Learning\amdari\Shift_optimisation_system\src\components\data_transformation.py at line number: 38 with error message: Error occurred in file: C:\Users\mrdan\Documents\Data_Science_Notes\Machine_Learning\amdari\Shift_optimisation_system\src\components\data_transformation.py at line number: 25 with error message: "[('shift_efficiency_score',)] not found in axis"
2026-03-17 15:57:06,380 - ERROR - Error occurred in file: C:\Users\mrdan\Documents\Data_Science_Notes\Machine_Learning\amdari\Shift_optimisation_system\app\main.py at line number: 162 with error message: Error occurred in file: C:\Users\mrdan\Documents\Data_Science_Notes\Machine_Learning\amdari\Shift_optimisation_system\src\pipelines\training_pipeline.py at line number: 20 with error message: Error occurred in file: C:\Users\mrdan\Documents\Data_Science_Notes\Machine_Learning\amdari\Shift_optimisation_system\src\components\data_transformation.py at line number: 58 with error message: Error occurred in file: C:\Users\mrdan\Documents\Data_Science_Notes\Machine_Learning\amdari\Shift_optimisation_system\src\components\data_transformation.py at line number: 38 with error message: Error occurred in file: C:\Users\mrdan\Documents\Data_Science_Notes\Machine_Learning\amdari\Shift_optimisation_system\src\components\data_transformation.py at line number: 25 with error message: "[('shift_efficiency_score',)] not found in axis"
2026-03-17 15:57:06,380 - ERROR - Error occurred in file: C:\Users\mrdan\Documents\Data_Science_Notes\Machine_Learning\amdari\Shift_optimisation_system\app\main.py at line number: 162 with error message: Error occurred in file: C:\Users\mrdan\Documents\Data_Science_Notes\Machine_Learning\amdari\Shift_optimisation_system\src\pipelines\training_pipeline.py at line number: 20 with error message: Error occurred in file: C:\Users\mrdan\Documents\Data_Science_Notes\Machine_Learning\amdari\Shift_optimisation_system\src\components\data_transformation.py at line number: 58 with error message: Error occurred in file: C:\Users\mrdan\Documents\Data_Science_Notes\Machine_Learning\amdari\Shift_optimisation_system\src\components\data_transformation.py at line number: 38 with error message: Error occurred in file: C:\Users\mrdan\Documents\Data_Science_Notes\Machine_Learning\amdari\Shift_optimisation_system\src\components\data_transformation.py at line number: 25 with error message: "[('shift_efficiency_score',)] not found in axis"
2026-03-17 15:57:06,380 - ERROR - Error occurred in file: C:\Users\mrdan\Documents\Data_Science_Notes\Machine_Learning\amdari\Shift_optimisation_system\app\main.py at line number: 162 with error message: Error occurred in file: C:\Users\mrdan\Documents\Data_Science_Notes\Machine_Learning\amdari\Shift_optimisation_system\src\pipelines\training_pipeline.py at line number: 20 with error message: Error occurred in file: C:\Users\mrdan\Documents\Data_Science_Notes\Machine_Learning\amdari\Shift_optimisation_system\src\components\data_transformation.py at line number: 58 with error message: Error occurred in file: C:\Users\mrdan\Documents\Data_Science_Notes\Machine_Learning\amdari\Shift_optimisation_system\src\components\data_transformation.py at line number: 38 with error message: Error occurred in file: C:\Users\mrdan\Documents\Data_Science_Notes\Machine_Learning\amdari\Shift_optimisation_system\src\components\data_transformation.py at line number: 25 with error message: "[('shift_efficiency_score',)] not found in axis"
2026-03-17 15:57:06,380 - ERROR - Error occurred in file: C:\Users\mrdan\Documents\Data_Science_Notes\Machine_Learning\amdari\Shift_optimisation_system\app\main.py at line number: 162 with error message: Error occurred in file: C:\Users\mrdan\Documents\Data_Science_Notes\Machine_Learning\amdari\Shift_optimisation_system\src\pipelines\training_pipeline.py at line number: 20 with error message: Error occurred in file: C:\Users\mrdan\Documents\Data_Science_Notes\Machine_Learning\amdari\Shift_optimisation_system\src\components\data_transformation.py at line number: 58 with error message: Error occurred in file: C:\Users\mrdan\Documents\Data_Science_Notes\Machine_Learning\amdari\Shift_optimisation_system\src\components\data_transformation.py at line number: 38 with error message: Error occurred in file: C:\Users\mrdan\Documents\Data_Science_Notes\Machine_Learning\amdari\Shift_optimisation_system\src\components\data_transformation.py at line number: 25 with error message: "[('shift_efficiency_score',)] not found in axis"
2026-03-17 15:57:06,386 - ERROR - Error occurred in file: C:\Users\mrdan\Documents\Data_Science_Notes\Machine_Learning\amdari\Shift_optimisation_system\app\main.py at line number: 162 with error message: Error occurred in file: C:\Users\mrdan\Documents\Data_Science_Notes\Machine_Learning\amdari\Shift_optimisation_system\src\pipelines\training_pipeline.py at line number: 20 with error message: Error occurred in file: C:\Users\mrdan\Documents\Data_Science_Notes\Machine_Learning\amdari\Shift_optimisation_system\src\components\data_transformation.py at line number: 58 with error message: Error occurred in file: C:\Users\mrdan\Documents\Data_Science_Notes\Machine_Learning\amdari\Shift_optimisation_system\src\components\data_transformation.py at line number: 38 with error message: Error occurred in file: C:\Users\mrdan\Documents\Data_Science_Notes\Machine_Learning\amdari\Shift_optimisation_system\src\components\data_transformation.py at line number: 25 with error message: "[('shift_efficiency_score',)] not found in axis"
2026-03-17 15:57:06,386 - ERROR - Error occurred in file: C:\Users\mrdan\Documents\Data_Science_Notes\Machine_Learning\amdari\Shift_optimisation_system\app\main.py at line number: 162 with error message: Error occurred in file: C:\Users\mrdan\Documents\Data_Science_Notes\Machine_Learning\amdari\Shift_optimisation_system\src\pipelines\training_pipeline.py at line number: 20 with error message: Error occurred in file: C:\Users\mrdan\Documents\Data_Science_Notes\Machine_Learning\amdari\Shift_optimisation_system\src\components\data_transformation.py at line number: 58 with error message: Error occurred in file: C:\Users\mrdan\Documents\Data_Science_Notes\Machine_Learning\amdari\Shift_optimisation_system\src\components\data_transformation.py at line number: 38 with error message: Error occurred in file: C:\Users\mrdan\Documents\Data_Science_Notes\Machine_Learning\amdari\Shift_optimisation_system\src\components\data_transformation.py at line number: 25 with error message: "[('shift_efficiency_score',)] not found in axis"
2026-03-17 15:57:06,386 - ERROR - Error occurred in file: C:\Users\mrdan\Documents\Data_Science_Notes\Machine_Learning\amdari\Shift_optimisation_system\app\main.py at line number: 162 with error message: Error occurred in file: C:\Users\mrdan\Documents\Data_Science_Notes\Machine_Learning\amdari\Shift_optimisation_system\src\pipelines\training_pipeline.py at line number: 20 with error message: Error occurred in file: C:\Users\mrdan\Documents\Data_Science_Notes\Machine_Learning\amdari\Shift_optimisation_system\src\components\data_transformation.py at line number: 58 with error message: Error occurred in file: C:\Users\mrdan\Documents\Data_Science_Notes\Machine_Learning\amdari\Shift_optimisation_system\src\components\data_transformation.py at line number: 38 with error message: Error occurred in file: C:\Users\mrdan\Documents\Data_Science_Notes\Machine_Learning\amdari\Shift_optimisation_system\src\components\data_transformation.py at line number: 25 with error message: "[('shift_efficiency_score',)] not found in axis"
2026-03-17 15:57:06,386 - ERROR - Error occurred in file: C:\Users\mrdan\Documents\Data_Science_Notes\Machine_Learning\amdari\Shift_optimisation_system\app\main.py at line number: 162 with error message: Error occurred in file: C:\Users\mrdan\Documents\Data_Science_Notes\Machine_Learning\amdari\Shift_optimisation_system\src\pipelines\training_pipeline.py at line number: 20 with error message: Error occurred in file: C:\Users\mrdan\Documents\Data_Science_Notes\Machine_Learning\amdari\Shift_optimisation_system\src\components\data_transformation.py at line number: 58 with error message: Error occurred in file: C:\Users\mrdan\Documents\Data_Science_Notes\Machine_Learning\amdari\Shift_optimisation_system\src\components\data_transformation.py at line number: 38 with error message: Error occurred in file: C:\Users\mrdan\Documents\Data_Science_Notes\Machine_Learning\amdari\Shift_optimisation_system\src\components\data_transformation.py at line number: 25 with error message: "[('shift_efficiency_score',)] not found in axis"
2026-03-17 15:57:06,386 - ERROR - Error occurred in file: C:\Users\mrdan\Documents\Data_Science_Notes\Machine_Learning\amdari\Shift_optimisation_system\app\main.py at line number: 162 with error message: Error occurred in file: C:\Users\mrdan\Documents\Data_Science_Notes\Machine_Learning\amdari\Shift_optimisation_system\src\pipelines\training_pipeline.py at line number: 20 with error message: Error occurred in file: C:\Users\mrdan\Documents\Data_Science_Notes\Machine_Learning\amdari\Shift_optimisation_system\src\components\data_transformation.py at line number: 58 with error message: Error occurred in file: C:\Users\mrdan\Documents\Data_Science_Notes\Machine_Learning\amdari\Shift_optimisation_system\src\components\data_transformation.py at line number: 38 with error message: Error occurred in file: C:\Users\mrdan\Documents\Data_Science_Notes\Machine_Learning\amdari\Shift_optimisation_system\src\components\data_transformation.py at line number: 25 with error message: "[('shift_efficiency_score',)] not found in axis"
2026-03-17 15:57:06,386 - ERROR - Error occurred in file: C:\Users\mrdan\Documents\Data_Science_Notes\Machine_Learning\amdari\Shift_optimisation_system\app\main.py at line number: 162 with error message: Error occurred in file: C:\Users\mrdan\Documents\Data_Science_Notes\Machine_Learning\amdari\Shift_optimisation_system\src\pipelines\training_pipeline.py at line number: 20 with error message: Error occurred in file: C:\Users\mrdan\Documents\Data_Science_Notes\Machine_Learning\amdari\Shift_optimisation_system\src\components\data_transformation.py at line number: 58 with error message: Error occurred in file: C:\Users\mrdan\Documents\Data_Science_Notes\Machine_Learning\amdari\Shift_optimisation_system\src\components\data_transformation.py at line number: 38 with error message: Error occurred in file: C:\Users\mrdan\Documents\Data_Science_Notes\Machine_Learning\amdari\Shift_optimisation_system\src\components\data_transformation.py at line number: 25 with error message: "[('shift_efficiency_score',)] not found in axis"
2026-03-17 15:57:06,386 - ERROR - Error occurred in file: C:\Users\mrdan\Documents\Data_Science_Notes\Machine_Learning\amdari\Shift_optimisation_system\app\main.py at line number: 162 with error message: Error occurred in file: C:\Users\mrdan\Documents\Data_Science_Notes\Machine_Learning\amdari\Shift_optimisation_system\src\pipelines\training_pipeline.py at line number: 20 with error message: Error occurred in file: C:\Users\mrdan\Documents\Data_Science_Notes\Machine_Learning\amdari\Shift_optimisation_system\src\components\data_transformation.py at line number: 58 with error message: Error occurred in file: C:\Users\mrdan\Documents\Data_Science_Notes\Machine_Learning\amdari\Shift_optimisation_system\src\components\data_transformation.py at line number: 38 with error message: Error occurred in file: C:\Users\mrdan\Documents\Data_Science_Notes\Machine_Learning\amdari\Shift_optimisation_system\src\components\data_transformation.py at line number: 25 with error message: "[('shift_efficiency_score',)] not found in axis"
