2026-03-18 17:09:33,040 - DEBUG - Using proactor: IocpProactor
2026-03-18 17:09:33,040 - DEBUG - Using proactor: IocpProactor
2026-03-18 17:09:33,040 - DEBUG - Using proactor: IocpProactor
2026-03-18 17:09:33,040 - DEBUG - Using proactor: IocpProactor
2026-03-18 17:09:33,040 - DEBUG - Using proactor: IocpProactor
2026-03-18 17:11:58,753 - INFO - Loading data from the database...
2026-03-18 17:11:58,753 - INFO - Loading data from the database...
2026-03-18 17:11:58,753 - INFO - Loading data from the database...
2026-03-18 17:11:58,753 - INFO - Loading data from the database...
2026-03-18 17:11:58,753 - INFO - Loading data from the database...
2026-03-18 17:11:58,753 - INFO - Loading data from the database...
2026-03-18 17:11:58,775 - INFO - Schema loaded successfully.
2026-03-18 17:11:58,775 - INFO - Schema loaded successfully.
2026-03-18 17:11:58,775 - INFO - Schema loaded successfully.
2026-03-18 17:11:58,775 - INFO - Schema loaded successfully.
2026-03-18 17:11:58,775 - INFO - Schema loaded successfully.
2026-03-18 17:11:58,775 - INFO - Schema loaded successfully.
2026-03-18 17:12:03,838 - INFO - Data loaded and saved to artifacts/data/shift_performance_data.csv
2026-03-18 17:12:03,838 - INFO - Data loaded and saved to artifacts/data/shift_performance_data.csv
2026-03-18 17:12:03,838 - INFO - Data loaded and saved to artifacts/data/shift_performance_data.csv
2026-03-18 17:12:03,838 - INFO - Data loaded and saved to artifacts/data/shift_performance_data.csv
2026-03-18 17:12:03,838 - INFO - Data loaded and saved to artifacts/data/shift_performance_data.csv
2026-03-18 17:12:03,838 - INFO - Data loaded and saved to artifacts/data/shift_performance_data.csv
2026-03-18 17:12:03,850 - INFO - DataValidation class initialized.
2026-03-18 17:12:03,850 - INFO - DataValidation class initialized.
2026-03-18 17:12:03,850 - INFO - DataValidation class initialized.
2026-03-18 17:12:03,850 - INFO - DataValidation class initialized.
2026-03-18 17:12:03,850 - INFO - DataValidation class initialized.
2026-03-18 17:12:03,850 - INFO - DataValidation class initialized.
2026-03-18 17:12:03,850 - INFO - DataValidation class initialized.
2026-03-18 17:12:03,862 - INFO - The input DataFrame is not empty.
2026-03-18 17:12:03,862 - INFO - The input DataFrame is not empty.
2026-03-18 17:12:03,862 - INFO - The input DataFrame is not empty.
2026-03-18 17:12:03,862 - INFO - The input DataFrame is not empty.
2026-03-18 17:12:03,862 - INFO - The input DataFrame is not empty.
2026-03-18 17:12:03,862 - INFO - The input DataFrame is not empty.
2026-03-18 17:12:03,862 - INFO - The input DataFrame is not empty.
2026-03-18 17:12:03,983 - ERROR - The input DataFrame contains missing values.
2026-03-18 17:12:03,983 - ERROR - The input DataFrame contains missing values.
2026-03-18 17:12:03,983 - ERROR - The input DataFrame contains missing values.
2026-03-18 17:12:03,983 - ERROR - The input DataFrame contains missing values.
2026-03-18 17:12:03,983 - ERROR - The input DataFrame contains missing values.
2026-03-18 17:12:03,983 - ERROR - The input DataFrame contains missing values.
2026-03-18 17:12:03,983 - ERROR - The input DataFrame contains missing values.
2026-03-18 17:12:04,208 - INFO - Filled missing values in numeric column 'temperature' with mean.
2026-03-18 17:12:04,208 - INFO - Filled missing values in numeric column 'temperature' with mean.
2026-03-18 17:12:04,208 - INFO - Filled missing values in numeric column 'temperature' with mean.
2026-03-18 17:12:04,208 - INFO - Filled missing values in numeric column 'temperature' with mean.
2026-03-18 17:12:04,208 - INFO - Filled missing values in numeric column 'temperature' with mean.
2026-03-18 17:12:04,208 - INFO - Filled missing values in numeric column 'temperature' with mean.
2026-03-18 17:12:04,208 - INFO - Filled missing values in numeric column 'temperature' with mean.
2026-03-18 17:12:04,223 - INFO - Filled missing values in numeric column 'humidity' with mean.
2026-03-18 17:12:04,223 - INFO - Filled missing values in numeric column 'humidity' with mean.
2026-03-18 17:12:04,223 - INFO - Filled missing values in numeric column 'humidity' with mean.
2026-03-18 17:12:04,223 - INFO - Filled missing values in numeric column 'humidity' with mean.
2026-03-18 17:12:04,223 - INFO - Filled missing values in numeric column 'humidity' with mean.
2026-03-18 17:12:04,223 - INFO - Filled missing values in numeric column 'humidity' with mean.
2026-03-18 17:12:04,223 - INFO - Filled missing values in numeric column 'humidity' with mean.
2026-03-18 17:12:04,599 - ERROR - The input DataFrame contains 252776 duplicate rows.
2026-03-18 17:12:04,599 - ERROR - The input DataFrame contains 252776 duplicate rows.
2026-03-18 17:12:04,599 - ERROR - The input DataFrame contains 252776 duplicate rows.
2026-03-18 17:12:04,599 - ERROR - The input DataFrame contains 252776 duplicate rows.
2026-03-18 17:12:04,599 - ERROR - The input DataFrame contains 252776 duplicate rows.
2026-03-18 17:12:04,599 - ERROR - The input DataFrame contains 252776 duplicate rows.
2026-03-18 17:12:04,599 - ERROR - The input DataFrame contains 252776 duplicate rows.
2026-03-18 17:12:04,939 - INFO - Dropped 252776 duplicate rows from the DataFrame.
2026-03-18 17:12:04,939 - INFO - Dropped 252776 duplicate rows from the DataFrame.
2026-03-18 17:12:04,939 - INFO - Dropped 252776 duplicate rows from the DataFrame.
2026-03-18 17:12:04,939 - INFO - Dropped 252776 duplicate rows from the DataFrame.
2026-03-18 17:12:04,939 - INFO - Dropped 252776 duplicate rows from the DataFrame.
2026-03-18 17:12:04,939 - INFO - Dropped 252776 duplicate rows from the DataFrame.
2026-03-18 17:12:04,939 - INFO - Dropped 252776 duplicate rows from the DataFrame.
2026-03-18 17:12:04,978 - INFO - Outlier detection completed.
2026-03-18 17:12:04,978 - INFO - Outlier detection completed.
2026-03-18 17:12:04,978 - INFO - Outlier detection completed.
2026-03-18 17:12:04,978 - INFO - Outlier detection completed.
2026-03-18 17:12:04,978 - INFO - Outlier detection completed.
2026-03-18 17:12:04,978 - INFO - Outlier detection completed.
2026-03-18 17:12:04,978 - INFO - Outlier detection completed.
2026-03-18 17:12:05,005 - INFO - Outlier capping completed.
2026-03-18 17:12:05,005 - INFO - Outlier capping completed.
2026-03-18 17:12:05,005 - INFO - Outlier capping completed.
2026-03-18 17:12:05,005 - INFO - Outlier capping completed.
2026-03-18 17:12:05,005 - INFO - Outlier capping completed.
2026-03-18 17:12:05,005 - INFO - Outlier capping completed.
2026-03-18 17:12:05,005 - INFO - Outlier capping completed.
