2026-03-17 15:47:53,192 - DEBUG - Using proactor: IocpProactor
2026-03-17 15:47:53,192 - DEBUG - Using proactor: IocpProactor
2026-03-17 15:47:53,192 - DEBUG - Using proactor: IocpProactor
2026-03-17 15:47:53,192 - DEBUG - Using proactor: IocpProactor
2026-03-17 15:48:02,642 - INFO - Loading data from the database...
2026-03-17 15:48:02,642 - INFO - Loading data from the database...
2026-03-17 15:48:02,642 - INFO - Loading data from the database...
2026-03-17 15:48:02,642 - INFO - Loading data from the database...
2026-03-17 15:48:02,642 - INFO - Loading data from the database...
2026-03-17 15:48:02,652 - INFO - Schema loaded successfully.
2026-03-17 15:48:02,652 - INFO - Schema loaded successfully.
2026-03-17 15:48:02,652 - INFO - Schema loaded successfully.
2026-03-17 15:48:02,652 - INFO - Schema loaded successfully.
2026-03-17 15:48:02,652 - INFO - Schema loaded successfully.
2026-03-17 15:48:06,753 - INFO - Data loaded and saved to artifacts/data/shift_performance_data.csv
2026-03-17 15:48:06,753 - INFO - Data loaded and saved to artifacts/data/shift_performance_data.csv
2026-03-17 15:48:06,753 - INFO - Data loaded and saved to artifacts/data/shift_performance_data.csv
2026-03-17 15:48:06,753 - INFO - Data loaded and saved to artifacts/data/shift_performance_data.csv
2026-03-17 15:48:06,753 - INFO - Data loaded and saved to artifacts/data/shift_performance_data.csv
2026-03-17 15:48:06,756 - INFO - DataValidation class initialized.
2026-03-17 15:48:06,756 - INFO - DataValidation class initialized.
2026-03-17 15:48:06,756 - INFO - DataValidation class initialized.
2026-03-17 15:48:06,756 - INFO - DataValidation class initialized.
2026-03-17 15:48:06,756 - INFO - DataValidation class initialized.
2026-03-17 15:48:06,756 - INFO - DataValidation class initialized.
2026-03-17 15:48:06,760 - INFO - The input DataFrame is not empty.
2026-03-17 15:48:06,760 - INFO - The input DataFrame is not empty.
2026-03-17 15:48:06,760 - INFO - The input DataFrame is not empty.
2026-03-17 15:48:06,760 - INFO - The input DataFrame is not empty.
2026-03-17 15:48:06,760 - INFO - The input DataFrame is not empty.
2026-03-17 15:48:06,760 - INFO - The input DataFrame is not empty.
2026-03-17 15:48:06,873 - ERROR - The input DataFrame contains missing values.
2026-03-17 15:48:06,873 - ERROR - The input DataFrame contains missing values.
2026-03-17 15:48:06,873 - ERROR - The input DataFrame contains missing values.
2026-03-17 15:48:06,873 - ERROR - The input DataFrame contains missing values.
2026-03-17 15:48:06,873 - ERROR - The input DataFrame contains missing values.
2026-03-17 15:48:06,873 - ERROR - The input DataFrame contains missing values.
2026-03-17 15:48:07,095 - INFO - Filled missing values in numeric column 'temperature' with mean.
2026-03-17 15:48:07,095 - INFO - Filled missing values in numeric column 'temperature' with mean.
2026-03-17 15:48:07,095 - INFO - Filled missing values in numeric column 'temperature' with mean.
2026-03-17 15:48:07,095 - INFO - Filled missing values in numeric column 'temperature' with mean.
2026-03-17 15:48:07,095 - INFO - Filled missing values in numeric column 'temperature' with mean.
2026-03-17 15:48:07,095 - INFO - Filled missing values in numeric column 'temperature' with mean.
2026-03-17 15:48:07,107 - INFO - Filled missing values in numeric column 'humidity' with mean.
2026-03-17 15:48:07,107 - INFO - Filled missing values in numeric column 'humidity' with mean.
2026-03-17 15:48:07,107 - INFO - Filled missing values in numeric column 'humidity' with mean.
2026-03-17 15:48:07,107 - INFO - Filled missing values in numeric column 'humidity' with mean.
2026-03-17 15:48:07,107 - INFO - Filled missing values in numeric column 'humidity' with mean.
2026-03-17 15:48:07,107 - INFO - Filled missing values in numeric column 'humidity' with mean.
2026-03-17 15:48:07,504 - ERROR - The input DataFrame contains 252776 duplicate rows.
2026-03-17 15:48:07,504 - ERROR - The input DataFrame contains 252776 duplicate rows.
2026-03-17 15:48:07,504 - ERROR - The input DataFrame contains 252776 duplicate rows.
2026-03-17 15:48:07,504 - ERROR - The input DataFrame contains 252776 duplicate rows.
2026-03-17 15:48:07,504 - ERROR - The input DataFrame contains 252776 duplicate rows.
2026-03-17 15:48:07,504 - ERROR - The input DataFrame contains 252776 duplicate rows.
2026-03-17 15:48:07,851 - INFO - Dropped 252776 duplicate rows from the DataFrame.
2026-03-17 15:48:07,851 - INFO - Dropped 252776 duplicate rows from the DataFrame.
2026-03-17 15:48:07,851 - INFO - Dropped 252776 duplicate rows from the DataFrame.
2026-03-17 15:48:07,851 - INFO - Dropped 252776 duplicate rows from the DataFrame.
2026-03-17 15:48:07,851 - INFO - Dropped 252776 duplicate rows from the DataFrame.
2026-03-17 15:48:07,851 - INFO - Dropped 252776 duplicate rows from the DataFrame.
2026-03-17 15:48:07,873 - INFO - Outlier detection completed.
2026-03-17 15:48:07,873 - INFO - Outlier detection completed.
2026-03-17 15:48:07,873 - INFO - Outlier detection completed.
2026-03-17 15:48:07,873 - INFO - Outlier detection completed.
2026-03-17 15:48:07,873 - INFO - Outlier detection completed.
2026-03-17 15:48:07,873 - INFO - Outlier detection completed.
2026-03-17 15:48:07,895 - INFO - Outlier capping completed.
2026-03-17 15:48:07,895 - INFO - Outlier capping completed.
2026-03-17 15:48:07,895 - INFO - Outlier capping completed.
2026-03-17 15:48:07,895 - INFO - Outlier capping completed.
2026-03-17 15:48:07,895 - INFO - Outlier capping completed.
2026-03-17 15:48:07,895 - INFO - Outlier capping completed.
2026-03-17 15:48:12,409 - INFO - Loading data from the database...
2026-03-17 15:48:12,409 - INFO - Loading data from the database...
2026-03-17 15:48:12,409 - INFO - Loading data from the database...
2026-03-17 15:48:12,409 - INFO - Loading data from the database...
2026-03-17 15:48:12,409 - INFO - Loading data from the database...
2026-03-17 15:48:12,409 - INFO - Loading data from the database...
2026-03-17 15:48:12,409 - INFO - Loading data from the database...
2026-03-17 15:48:12,425 - INFO - Schema loaded successfully.
2026-03-17 15:48:12,425 - INFO - Schema loaded successfully.
2026-03-17 15:48:12,425 - INFO - Schema loaded successfully.
2026-03-17 15:48:12,425 - INFO - Schema loaded successfully.
2026-03-17 15:48:12,425 - INFO - Schema loaded successfully.
2026-03-17 15:48:12,425 - INFO - Schema loaded successfully.
2026-03-17 15:48:12,425 - INFO - Schema loaded successfully.
2026-03-17 15:48:16,351 - INFO - Data loaded and saved to artifacts/data/shift_performance_data.csv
2026-03-17 15:48:16,351 - INFO - Data loaded and saved to artifacts/data/shift_performance_data.csv
2026-03-17 15:48:16,351 - INFO - Data loaded and saved to artifacts/data/shift_performance_data.csv
2026-03-17 15:48:16,351 - INFO - Data loaded and saved to artifacts/data/shift_performance_data.csv
2026-03-17 15:48:16,351 - INFO - Data loaded and saved to artifacts/data/shift_performance_data.csv
2026-03-17 15:48:16,351 - INFO - Data loaded and saved to artifacts/data/shift_performance_data.csv
2026-03-17 15:48:16,351 - INFO - Data loaded and saved to artifacts/data/shift_performance_data.csv
2026-03-17 15:48:16,361 - INFO - DataValidation class initialized.
2026-03-17 15:48:16,361 - INFO - DataValidation class initialized.
2026-03-17 15:48:16,361 - INFO - DataValidation class initialized.
2026-03-17 15:48:16,361 - INFO - DataValidation class initialized.
2026-03-17 15:48:16,361 - INFO - DataValidation class initialized.
2026-03-17 15:48:16,361 - INFO - DataValidation class initialized.
2026-03-17 15:48:16,361 - INFO - DataValidation class initialized.
2026-03-17 15:48:16,361 - INFO - DataValidation class initialized.
2026-03-17 15:48:16,367 - INFO - The input DataFrame is not empty.
2026-03-17 15:48:16,367 - INFO - The input DataFrame is not empty.
2026-03-17 15:48:16,367 - INFO - The input DataFrame is not empty.
2026-03-17 15:48:16,367 - INFO - The input DataFrame is not empty.
2026-03-17 15:48:16,367 - INFO - The input DataFrame is not empty.
2026-03-17 15:48:16,367 - INFO - The input DataFrame is not empty.
2026-03-17 15:48:16,367 - INFO - The input DataFrame is not empty.
2026-03-17 15:48:16,367 - INFO - The input DataFrame is not empty.
2026-03-17 15:48:16,481 - ERROR - The input DataFrame contains missing values.
2026-03-17 15:48:16,481 - ERROR - The input DataFrame contains missing values.
2026-03-17 15:48:16,481 - ERROR - The input DataFrame contains missing values.
2026-03-17 15:48:16,481 - ERROR - The input DataFrame contains missing values.
2026-03-17 15:48:16,481 - ERROR - The input DataFrame contains missing values.
2026-03-17 15:48:16,481 - ERROR - The input DataFrame contains missing values.
2026-03-17 15:48:16,481 - ERROR - The input DataFrame contains missing values.
2026-03-17 15:48:16,481 - ERROR - The input DataFrame contains missing values.
2026-03-17 15:48:16,694 - INFO - Filled missing values in numeric column 'temperature' with mean.
2026-03-17 15:48:16,694 - INFO - Filled missing values in numeric column 'temperature' with mean.
2026-03-17 15:48:16,694 - INFO - Filled missing values in numeric column 'temperature' with mean.
2026-03-17 15:48:16,694 - INFO - Filled missing values in numeric column 'temperature' with mean.
2026-03-17 15:48:16,694 - INFO - Filled missing values in numeric column 'temperature' with mean.
2026-03-17 15:48:16,694 - INFO - Filled missing values in numeric column 'temperature' with mean.
2026-03-17 15:48:16,694 - INFO - Filled missing values in numeric column 'temperature' with mean.
2026-03-17 15:48:16,694 - INFO - Filled missing values in numeric column 'temperature' with mean.
2026-03-17 15:48:16,708 - INFO - Filled missing values in numeric column 'humidity' with mean.
2026-03-17 15:48:16,708 - INFO - Filled missing values in numeric column 'humidity' with mean.
2026-03-17 15:48:16,708 - INFO - Filled missing values in numeric column 'humidity' with mean.
2026-03-17 15:48:16,708 - INFO - Filled missing values in numeric column 'humidity' with mean.
2026-03-17 15:48:16,708 - INFO - Filled missing values in numeric column 'humidity' with mean.
2026-03-17 15:48:16,708 - INFO - Filled missing values in numeric column 'humidity' with mean.
2026-03-17 15:48:16,708 - INFO - Filled missing values in numeric column 'humidity' with mean.
2026-03-17 15:48:16,708 - INFO - Filled missing values in numeric column 'humidity' with mean.
2026-03-17 15:48:17,085 - ERROR - The input DataFrame contains 252776 duplicate rows.
2026-03-17 15:48:17,085 - ERROR - The input DataFrame contains 252776 duplicate rows.
2026-03-17 15:48:17,085 - ERROR - The input DataFrame contains 252776 duplicate rows.
2026-03-17 15:48:17,085 - ERROR - The input DataFrame contains 252776 duplicate rows.
2026-03-17 15:48:17,085 - ERROR - The input DataFrame contains 252776 duplicate rows.
2026-03-17 15:48:17,085 - ERROR - The input DataFrame contains 252776 duplicate rows.
2026-03-17 15:48:17,085 - ERROR - The input DataFrame contains 252776 duplicate rows.
2026-03-17 15:48:17,085 - ERROR - The input DataFrame contains 252776 duplicate rows.
2026-03-17 15:48:17,418 - INFO - Dropped 252776 duplicate rows from the DataFrame.
2026-03-17 15:48:17,418 - INFO - Dropped 252776 duplicate rows from the DataFrame.
2026-03-17 15:48:17,418 - INFO - Dropped 252776 duplicate rows from the DataFrame.
2026-03-17 15:48:17,418 - INFO - Dropped 252776 duplicate rows from the DataFrame.
2026-03-17 15:48:17,418 - INFO - Dropped 252776 duplicate rows from the DataFrame.
2026-03-17 15:48:17,418 - INFO - Dropped 252776 duplicate rows from the DataFrame.
2026-03-17 15:48:17,418 - INFO - Dropped 252776 duplicate rows from the DataFrame.
2026-03-17 15:48:17,418 - INFO - Dropped 252776 duplicate rows from the DataFrame.
2026-03-17 15:48:17,445 - INFO - Outlier detection completed.
2026-03-17 15:48:17,445 - INFO - Outlier detection completed.
2026-03-17 15:48:17,445 - INFO - Outlier detection completed.
2026-03-17 15:48:17,445 - INFO - Outlier detection completed.
2026-03-17 15:48:17,445 - INFO - Outlier detection completed.
2026-03-17 15:48:17,445 - INFO - Outlier detection completed.
2026-03-17 15:48:17,445 - INFO - Outlier detection completed.
2026-03-17 15:48:17,445 - INFO - Outlier detection completed.
2026-03-17 15:48:17,472 - INFO - Outlier capping completed.
2026-03-17 15:48:17,472 - INFO - Outlier capping completed.
2026-03-17 15:48:17,472 - INFO - Outlier capping completed.
2026-03-17 15:48:17,472 - INFO - Outlier capping completed.
2026-03-17 15:48:17,472 - INFO - Outlier capping completed.
2026-03-17 15:48:17,472 - INFO - Outlier capping completed.
2026-03-17 15:48:17,472 - INFO - Outlier capping completed.
2026-03-17 15:48:17,472 - INFO - Outlier capping completed.
2026-03-17 15:48:17,884 - INFO - Loading model from MLFlow registry.
2026-03-17 15:48:17,884 - INFO - Loading model from MLFlow registry.
2026-03-17 15:48:17,884 - INFO - Loading model from MLFlow registry.
2026-03-17 15:48:17,884 - INFO - Loading model from MLFlow registry.
2026-03-17 15:48:17,884 - INFO - Loading model from MLFlow registry.
2026-03-17 15:48:17,884 - INFO - Loading model from MLFlow registry.
2026-03-17 15:48:17,884 - INFO - Loading model from MLFlow registry.
2026-03-17 15:48:17,884 - INFO - Loading model from MLFlow registry.
2026-03-17 15:48:17,985 - DEBUG - Starting new HTTPS connection (1): dagshub.com:443
2026-03-17 15:48:17,985 - DEBUG - Starting new HTTPS connection (1): dagshub.com:443
2026-03-17 15:48:17,985 - DEBUG - Starting new HTTPS connection (1): dagshub.com:443
2026-03-17 15:48:17,985 - DEBUG - Starting new HTTPS connection (1): dagshub.com:443
2026-03-17 15:48:17,985 - DEBUG - Starting new HTTPS connection (1): dagshub.com:443
2026-03-17 15:48:17,985 - DEBUG - Starting new HTTPS connection (1): dagshub.com:443
2026-03-17 15:48:17,985 - DEBUG - Starting new HTTPS connection (1): dagshub.com:443
2026-03-17 15:48:17,985 - DEBUG - Starting new HTTPS connection (1): dagshub.com:443
2026-03-17 15:48:18,849 - DEBUG - https://dagshub.com:443 "POST /mrDanbatta/shift-optimisation-system.mlflow/api/2.0/mlflow/registered-models/get-latest-versions HTTP/1.1" 404 None
2026-03-17 15:48:18,849 - DEBUG - https://dagshub.com:443 "POST /mrDanbatta/shift-optimisation-system.mlflow/api/2.0/mlflow/registered-models/get-latest-versions HTTP/1.1" 404 None
2026-03-17 15:48:18,849 - DEBUG - https://dagshub.com:443 "POST /mrDanbatta/shift-optimisation-system.mlflow/api/2.0/mlflow/registered-models/get-latest-versions HTTP/1.1" 404 None
2026-03-17 15:48:18,849 - DEBUG - https://dagshub.com:443 "POST /mrDanbatta/shift-optimisation-system.mlflow/api/2.0/mlflow/registered-models/get-latest-versions HTTP/1.1" 404 None
2026-03-17 15:48:18,849 - DEBUG - https://dagshub.com:443 "POST /mrDanbatta/shift-optimisation-system.mlflow/api/2.0/mlflow/registered-models/get-latest-versions HTTP/1.1" 404 None
2026-03-17 15:48:18,849 - DEBUG - https://dagshub.com:443 "POST /mrDanbatta/shift-optimisation-system.mlflow/api/2.0/mlflow/registered-models/get-latest-versions HTTP/1.1" 404 None
2026-03-17 15:48:18,849 - DEBUG - https://dagshub.com:443 "POST /mrDanbatta/shift-optimisation-system.mlflow/api/2.0/mlflow/registered-models/get-latest-versions HTTP/1.1" 404 None
2026-03-17 15:48:18,849 - DEBUG - https://dagshub.com:443 "POST /mrDanbatta/shift-optimisation-system.mlflow/api/2.0/mlflow/registered-models/get-latest-versions HTTP/1.1" 404 None
2026-03-17 15:48:18,860 - WARNING - MLFlow loading failed, attempting local load: RESOURCE_DOES_NOT_EXIST: Response: {'error_code': 'RESOURCE_DOES_NOT_EXIST'}
2026-03-17 15:48:18,860 - WARNING - MLFlow loading failed, attempting local load: RESOURCE_DOES_NOT_EXIST: Response: {'error_code': 'RESOURCE_DOES_NOT_EXIST'}
2026-03-17 15:48:18,860 - WARNING - MLFlow loading failed, attempting local load: RESOURCE_DOES_NOT_EXIST: Response: {'error_code': 'RESOURCE_DOES_NOT_EXIST'}
2026-03-17 15:48:18,860 - WARNING - MLFlow loading failed, attempting local load: RESOURCE_DOES_NOT_EXIST: Response: {'error_code': 'RESOURCE_DOES_NOT_EXIST'}
2026-03-17 15:48:18,860 - WARNING - MLFlow loading failed, attempting local load: RESOURCE_DOES_NOT_EXIST: Response: {'error_code': 'RESOURCE_DOES_NOT_EXIST'}
2026-03-17 15:48:18,860 - WARNING - MLFlow loading failed, attempting local load: RESOURCE_DOES_NOT_EXIST: Response: {'error_code': 'RESOURCE_DOES_NOT_EXIST'}
2026-03-17 15:48:18,860 - WARNING - MLFlow loading failed, attempting local load: RESOURCE_DOES_NOT_EXIST: Response: {'error_code': 'RESOURCE_DOES_NOT_EXIST'}
2026-03-17 15:48:18,860 - WARNING - MLFlow loading failed, attempting local load: RESOURCE_DOES_NOT_EXIST: Response: {'error_code': 'RESOURCE_DOES_NOT_EXIST'}
2026-03-17 15:48:18,868 - ERROR - Both MLFlow and local loading failed.
2026-03-17 15:48:18,868 - ERROR - Both MLFlow and local loading failed.
2026-03-17 15:48:18,868 - ERROR - Both MLFlow and local loading failed.
2026-03-17 15:48:18,868 - ERROR - Both MLFlow and local loading failed.
2026-03-17 15:48:18,868 - ERROR - Both MLFlow and local loading failed.
2026-03-17 15:48:18,868 - ERROR - Both MLFlow and local loading failed.
2026-03-17 15:48:18,868 - ERROR - Both MLFlow and local loading failed.
2026-03-17 15:48:18,868 - ERROR - Both MLFlow and local loading failed.
2026-03-17 15:48:18,880 - ERROR - Error occurred in file: C:\Users\mrdan\Documents\Data_Science_Notes\Machine_Learning\amdari\Shift_optimisation_system\app\main.py at line number: 40 with error message: RESOURCE_DOES_NOT_EXIST: Response: {'error_code': 'RESOURCE_DOES_NOT_EXIST'}
2026-03-17 15:48:18,880 - ERROR - Error occurred in file: C:\Users\mrdan\Documents\Data_Science_Notes\Machine_Learning\amdari\Shift_optimisation_system\app\main.py at line number: 40 with error message: RESOURCE_DOES_NOT_EXIST: Response: {'error_code': 'RESOURCE_DOES_NOT_EXIST'}
2026-03-17 15:48:18,880 - ERROR - Error occurred in file: C:\Users\mrdan\Documents\Data_Science_Notes\Machine_Learning\amdari\Shift_optimisation_system\app\main.py at line number: 40 with error message: RESOURCE_DOES_NOT_EXIST: Response: {'error_code': 'RESOURCE_DOES_NOT_EXIST'}
2026-03-17 15:48:18,880 - ERROR - Error occurred in file: C:\Users\mrdan\Documents\Data_Science_Notes\Machine_Learning\amdari\Shift_optimisation_system\app\main.py at line number: 40 with error message: RESOURCE_DOES_NOT_EXIST: Response: {'error_code': 'RESOURCE_DOES_NOT_EXIST'}
2026-03-17 15:48:18,880 - ERROR - Error occurred in file: C:\Users\mrdan\Documents\Data_Science_Notes\Machine_Learning\amdari\Shift_optimisation_system\app\main.py at line number: 40 with error message: RESOURCE_DOES_NOT_EXIST: Response: {'error_code': 'RESOURCE_DOES_NOT_EXIST'}
2026-03-17 15:48:18,880 - ERROR - Error occurred in file: C:\Users\mrdan\Documents\Data_Science_Notes\Machine_Learning\amdari\Shift_optimisation_system\app\main.py at line number: 40 with error message: RESOURCE_DOES_NOT_EXIST: Response: {'error_code': 'RESOURCE_DOES_NOT_EXIST'}
2026-03-17 15:48:18,880 - ERROR - Error occurred in file: C:\Users\mrdan\Documents\Data_Science_Notes\Machine_Learning\amdari\Shift_optimisation_system\app\main.py at line number: 40 with error message: RESOURCE_DOES_NOT_EXIST: Response: {'error_code': 'RESOURCE_DOES_NOT_EXIST'}
2026-03-17 15:48:18,880 - ERROR - Error occurred in file: C:\Users\mrdan\Documents\Data_Science_Notes\Machine_Learning\amdari\Shift_optimisation_system\app\main.py at line number: 40 with error message: RESOURCE_DOES_NOT_EXIST: Response: {'error_code': 'RESOURCE_DOES_NOT_EXIST'}
2026-03-17 15:48:18,888 - ERROR - Error occurred in file: C:\Users\mrdan\Documents\Data_Science_Notes\Machine_Learning\amdari\Shift_optimisation_system\app\main.py at line number: 40 with error message: RESOURCE_DOES_NOT_EXIST: Response: {'error_code': 'RESOURCE_DOES_NOT_EXIST'}
2026-03-17 15:48:18,888 - ERROR - Error occurred in file: C:\Users\mrdan\Documents\Data_Science_Notes\Machine_Learning\amdari\Shift_optimisation_system\app\main.py at line number: 40 with error message: RESOURCE_DOES_NOT_EXIST: Response: {'error_code': 'RESOURCE_DOES_NOT_EXIST'}
2026-03-17 15:48:18,888 - ERROR - Error occurred in file: C:\Users\mrdan\Documents\Data_Science_Notes\Machine_Learning\amdari\Shift_optimisation_system\app\main.py at line number: 40 with error message: RESOURCE_DOES_NOT_EXIST: Response: {'error_code': 'RESOURCE_DOES_NOT_EXIST'}
2026-03-17 15:48:18,888 - ERROR - Error occurred in file: C:\Users\mrdan\Documents\Data_Science_Notes\Machine_Learning\amdari\Shift_optimisation_system\app\main.py at line number: 40 with error message: RESOURCE_DOES_NOT_EXIST: Response: {'error_code': 'RESOURCE_DOES_NOT_EXIST'}
2026-03-17 15:48:18,888 - ERROR - Error occurred in file: C:\Users\mrdan\Documents\Data_Science_Notes\Machine_Learning\amdari\Shift_optimisation_system\app\main.py at line number: 40 with error message: RESOURCE_DOES_NOT_EXIST: Response: {'error_code': 'RESOURCE_DOES_NOT_EXIST'}
2026-03-17 15:48:18,888 - ERROR - Error occurred in file: C:\Users\mrdan\Documents\Data_Science_Notes\Machine_Learning\amdari\Shift_optimisation_system\app\main.py at line number: 40 with error message: RESOURCE_DOES_NOT_EXIST: Response: {'error_code': 'RESOURCE_DOES_NOT_EXIST'}
2026-03-17 15:48:18,888 - ERROR - Error occurred in file: C:\Users\mrdan\Documents\Data_Science_Notes\Machine_Learning\amdari\Shift_optimisation_system\app\main.py at line number: 40 with error message: RESOURCE_DOES_NOT_EXIST: Response: {'error_code': 'RESOURCE_DOES_NOT_EXIST'}
2026-03-17 15:48:18,888 - ERROR - Error occurred in file: C:\Users\mrdan\Documents\Data_Science_Notes\Machine_Learning\amdari\Shift_optimisation_system\app\main.py at line number: 40 with error message: RESOURCE_DOES_NOT_EXIST: Response: {'error_code': 'RESOURCE_DOES_NOT_EXIST'}
2026-03-17 15:48:18,899 - ERROR - Error during prediction: Error occurred in file: C:\Users\mrdan\Documents\Data_Science_Notes\Machine_Learning\amdari\Shift_optimisation_system\app\main.py at line number: 40 with error message: RESOURCE_DOES_NOT_EXIST: Response: {'error_code': 'RESOURCE_DOES_NOT_EXIST'}
2026-03-17 15:48:18,899 - ERROR - Error during prediction: Error occurred in file: C:\Users\mrdan\Documents\Data_Science_Notes\Machine_Learning\amdari\Shift_optimisation_system\app\main.py at line number: 40 with error message: RESOURCE_DOES_NOT_EXIST: Response: {'error_code': 'RESOURCE_DOES_NOT_EXIST'}
2026-03-17 15:48:18,899 - ERROR - Error during prediction: Error occurred in file: C:\Users\mrdan\Documents\Data_Science_Notes\Machine_Learning\amdari\Shift_optimisation_system\app\main.py at line number: 40 with error message: RESOURCE_DOES_NOT_EXIST: Response: {'error_code': 'RESOURCE_DOES_NOT_EXIST'}
2026-03-17 15:48:18,899 - ERROR - Error during prediction: Error occurred in file: C:\Users\mrdan\Documents\Data_Science_Notes\Machine_Learning\amdari\Shift_optimisation_system\app\main.py at line number: 40 with error message: RESOURCE_DOES_NOT_EXIST: Response: {'error_code': 'RESOURCE_DOES_NOT_EXIST'}
2026-03-17 15:48:18,899 - ERROR - Error during prediction: Error occurred in file: C:\Users\mrdan\Documents\Data_Science_Notes\Machine_Learning\amdari\Shift_optimisation_system\app\main.py at line number: 40 with error message: RESOURCE_DOES_NOT_EXIST: Response: {'error_code': 'RESOURCE_DOES_NOT_EXIST'}
2026-03-17 15:48:18,899 - ERROR - Error during prediction: Error occurred in file: C:\Users\mrdan\Documents\Data_Science_Notes\Machine_Learning\amdari\Shift_optimisation_system\app\main.py at line number: 40 with error message: RESOURCE_DOES_NOT_EXIST: Response: {'error_code': 'RESOURCE_DOES_NOT_EXIST'}
2026-03-17 15:48:18,899 - ERROR - Error during prediction: Error occurred in file: C:\Users\mrdan\Documents\Data_Science_Notes\Machine_Learning\amdari\Shift_optimisation_system\app\main.py at line number: 40 with error message: RESOURCE_DOES_NOT_EXIST: Response: {'error_code': 'RESOURCE_DOES_NOT_EXIST'}
2026-03-17 15:48:18,899 - ERROR - Error during prediction: Error occurred in file: C:\Users\mrdan\Documents\Data_Science_Notes\Machine_Learning\amdari\Shift_optimisation_system\app\main.py at line number: 40 with error message: RESOURCE_DOES_NOT_EXIST: Response: {'error_code': 'RESOURCE_DOES_NOT_EXIST'}
