2026-03-20 07:04:20,907 - DEBUG - Using proactor: IocpProactor
2026-03-20 07:04:21,121 - INFO - ==================================================
2026-03-20 07:04:21,121 - INFO - Shift Optimisation System API Starting...
2026-03-20 07:04:21,123 - INFO - ==================================================
2026-03-20 07:05:22,830 - INFO - Fetching form data...
2026-03-20 07:05:22,831 - INFO - Loading data from the database...
2026-03-20 07:05:22,853 - INFO - Schema loaded successfully.
2026-03-20 07:05:28,353 - INFO - Data loaded and saved to artifacts/data/shift_performance_data.csv
2026-03-20 07:05:28,354 - INFO - Data loaded successfully. Shape: (296334, 15)
2026-03-20 07:05:28,356 - INFO - DataValidation class initialized.
2026-03-20 07:05:28,358 - INFO - The input DataFrame is not empty.
2026-03-20 07:05:28,507 - ERROR - The input DataFrame contains missing values.
2026-03-20 07:05:28,839 - INFO - Numeric columns: ['defect_count', 'cycle_time_avg', 'experience_level', 'maintenance_downtime', 'maintenance_flag', 'temperature', 'humidity', 'shift_efficiency_score']
2026-03-20 07:05:28,840 - INFO - Categorical columns: ['shift_name', 'supervisor_id', 'operator_id', 'skill_category', 'machine_status', 'issue_type', 'inspection_result']
2026-03-20 07:05:28,851 - INFO - Filled missing values in numeric column 'temperature' with mean.
2026-03-20 07:05:28,858 - INFO - Filled missing values in numeric column 'humidity' with mean.
2026-03-20 07:05:29,289 - ERROR - The input DataFrame contains 252776 duplicate rows.
2026-03-20 07:05:29,686 - INFO - Dropped 252776 duplicate rows from the DataFrame.
2026-03-20 07:05:29,721 - INFO - Outlier detection completed.
2026-03-20 07:05:29,749 - INFO - Outlier capping completed.
2026-03-20 07:05:30,225 - INFO - Data validated successfully. Shape: (43558, 15)
2026-03-20 07:05:30,279 - INFO - Form data retrieved successfully
2026-03-20 07:05:59,745 - INFO - Fetching form data...
2026-03-20 07:05:59,746 - INFO - Loading data from the database...
2026-03-20 07:05:59,750 - INFO - Schema loaded successfully.
2026-03-20 07:06:04,005 - INFO - Data loaded and saved to artifacts/data/shift_performance_data.csv
2026-03-20 07:06:04,008 - INFO - Data loaded successfully. Shape: (296334, 15)
2026-03-20 07:06:04,009 - INFO - DataValidation class initialized.
2026-03-20 07:06:04,010 - INFO - The input DataFrame is not empty.
2026-03-20 07:06:04,151 - ERROR - The input DataFrame contains missing values.
2026-03-20 07:06:04,401 - INFO - Numeric columns: ['defect_count', 'cycle_time_avg', 'experience_level', 'maintenance_downtime', 'maintenance_flag', 'temperature', 'humidity', 'shift_efficiency_score']
2026-03-20 07:06:04,404 - INFO - Categorical columns: ['shift_name', 'supervisor_id', 'operator_id', 'skill_category', 'machine_status', 'issue_type', 'inspection_result']
2026-03-20 07:06:04,413 - INFO - Filled missing values in numeric column 'temperature' with mean.
2026-03-20 07:06:04,420 - INFO - Filled missing values in numeric column 'humidity' with mean.
2026-03-20 07:06:04,968 - ERROR - The input DataFrame contains 252776 duplicate rows.
2026-03-20 07:06:05,439 - INFO - Dropped 252776 duplicate rows from the DataFrame.
2026-03-20 07:06:05,464 - INFO - Outlier detection completed.
2026-03-20 07:06:05,489 - INFO - Outlier capping completed.
2026-03-20 07:06:05,888 - INFO - Data validated successfully. Shape: (43558, 15)
2026-03-20 07:06:05,947 - INFO - Form data retrieved successfully
2026-03-20 07:06:08,058 - INFO - Starting model retraining pipeline...
2026-03-20 07:06:08,060 - INFO - Loading data from the database...
2026-03-20 07:06:08,067 - INFO - Schema loaded successfully.
2026-03-20 07:06:12,508 - INFO - Data loaded and saved to artifacts/data/shift_performance_data.csv
2026-03-20 07:06:12,508 - INFO - Data loaded successfully.
2026-03-20 07:06:12,509 - INFO - DataValidation class initialized.
2026-03-20 07:06:12,511 - INFO - The input DataFrame is not empty.
2026-03-20 07:06:12,635 - ERROR - The input DataFrame contains missing values.
2026-03-20 07:06:12,863 - INFO - Numeric columns: ['defect_count', 'cycle_time_avg', 'experience_level', 'maintenance_downtime', 'maintenance_flag', 'temperature', 'humidity', 'shift_efficiency_score']
2026-03-20 07:06:12,864 - INFO - Categorical columns: ['shift_name', 'supervisor_id', 'operator_id', 'skill_category', 'machine_status', 'issue_type', 'inspection_result']
2026-03-20 07:06:12,871 - INFO - Filled missing values in numeric column 'temperature' with mean.
2026-03-20 07:06:12,876 - INFO - Filled missing values in numeric column 'humidity' with mean.
2026-03-20 07:06:13,291 - ERROR - The input DataFrame contains 252776 duplicate rows.
2026-03-20 07:06:13,647 - INFO - Dropped 252776 duplicate rows from the DataFrame.
2026-03-20 07:06:13,667 - INFO - Outlier detection completed.
2026-03-20 07:06:13,682 - INFO - Outlier capping completed.
2026-03-20 07:06:14,039 - INFO - Data validation completed successfully.
2026-03-20 07:06:14,040 - INFO - DataTransformation class initialized.
2026-03-20 07:06:14,044 - INFO - Schema loaded successfully.
2026-03-20 07:06:14,045 - INFO - Performing train-test split.
2026-03-20 07:06:14,045 - INFO - Splitting data into training and testing sets.
2026-03-20 07:06:14,100 - INFO - Train-test split completed successfully.
2026-03-20 07:06:14,107 - INFO - Data transformation completed successfully.
2026-03-20 07:06:14,107 - INFO - Initialising ModelTrainer.
2026-03-20 07:06:14,115 - INFO - Schema loaded successfully.
2026-03-20 07:06:14,116 - INFO - Creating model pipeline.
2026-03-20 07:06:14,117 - INFO - Creating data transformation pipeline.
2026-03-20 07:06:14,160 - INFO - Model pipeline created successfully.
2026-03-20 07:06:14,863 - INFO - Model training completed successfully.
2026-03-20 07:06:14,868 - INFO - Object saved successfully at artifacts/model/model_pipeline.pkl
2026-03-20 07:06:14,869 - INFO - Evaluating model performance.
2026-03-20 07:06:14,941 - INFO - Model evaluation completed. MAE: 3.170585432196931, R2: 0.9071151639364793
2026-03-20 07:06:14,942 - INFO - Model training and evaluation completed. MAE: 3.170585432196931, R2: 0.9071151639364793
2026-03-20 07:06:14,942 - INFO - MLflow tracking configured with DagsHub remote backend.
2026-03-20 07:06:14,944 - INFO - Comparing new model with existing model in the registry.
2026-03-20 07:06:15,089 - DEBUG - Starting new HTTPS connection (1): dagshub.com:443
2026-03-20 07:06:16,272 - DEBUG - https://dagshub.com:443 "GET /mrDanbatta/Shift_optimisation_system.mlflow/api/2.0/mlflow/registered-models/get?name=ShiftPerformanceModel HTTP/1.1" 200 None
2026-03-20 07:06:16,509 - DEBUG - https://dagshub.com:443 "POST /mrDanbatta/Shift_optimisation_system.mlflow/api/2.0/mlflow/registered-models/get-latest-versions HTTP/1.1" 200 None
2026-03-20 07:06:16,765 - DEBUG - https://dagshub.com:443 "GET /mrDanbatta/Shift_optimisation_system.mlflow/api/2.0/mlflow/runs/get?run_uuid=5517a78f0e064abaa8a173eea16ae9c2&run_id=5517a78f0e064abaa8a173eea16ae9c2 HTTP/1.1" 200 None
2026-03-20 07:06:16,766 - INFO - New model has same R2 score and worse MAE score (3.170585432196931) than existing model (3.170585432196931). Skipping push.
2026-03-20 07:06:16,768 - INFO - Exsisting model performs better; new pipeline skipped.
2026-03-20 07:06:16,769 - INFO - Model training pipeline completed successfully.
2026-03-20 07:06:16,832 - INFO - Model retrained successfully and cache cleared.
